20:24:08.704 [background-preinit] INFO  o.h.v.i.util.Version - [<clinit>,21] - HV000001: Hibernate Validator 6.2.0.Final
20:24:10.497 [main] INFO  c.a.n.c.c.i.LocalConfigInfoProcessor - [<clinit>,67] - LOCAL_SNAPSHOT_PATH:C:\Users\86186\nacos\config
20:24:10.501 [main] INFO  c.a.n.c.r.client - [lambda$createClient$0,77] - [RpcClientFactory] create a new rpc client of c494223e-0f20-45ca-b950-b5c0d486790d_config-0
20:24:10.566 [main] INFO  o.r.Reflections - [scan,232] - Reflections took 41 ms to scan 1 urls, producing 3 keys and 6 values 
20:24:10.604 [main] INFO  o.r.Reflections - [scan,232] - Reflections took 21 ms to scan 1 urls, producing 4 keys and 9 values 
20:24:10.624 [main] INFO  o.r.Reflections - [scan,232] - Reflections took 14 ms to scan 1 urls, producing 3 keys and 10 values 
20:24:10.830 [main] INFO  o.r.Reflections - [scan,232] - Reflections took 201 ms to scan 168 urls, producing 0 keys and 0 values 
20:24:10.845 [main] INFO  o.r.Reflections - [scan,232] - Reflections took 13 ms to scan 1 urls, producing 1 keys and 5 values 
20:24:10.862 [main] INFO  o.r.Reflections - [scan,232] - Reflections took 15 ms to scan 1 urls, producing 1 keys and 7 values 
20:24:10.878 [main] INFO  o.r.Reflections - [scan,232] - Reflections took 13 ms to scan 1 urls, producing 2 keys and 8 values 
20:24:11.094 [main] INFO  o.r.Reflections - [scan,232] - Reflections took 213 ms to scan 168 urls, producing 0 keys and 0 values 
20:24:11.099 [main] INFO  c.a.n.c.r.client - [printIfInfoEnabled,60] - [c494223e-0f20-45ca-b950-b5c0d486790d_config-0]RpcClient init label, labels={module=config, Vipserver-Tag=null, source=sdk, Amory-Tag=null, Location-Tag=null, taskId=0, AppName=unknown}
20:24:11.100 [main] INFO  c.a.n.c.r.client - [printIfInfoEnabled,60] - [c494223e-0f20-45ca-b950-b5c0d486790d_config-0]Register server push request handler:com.alibaba.nacos.client.config.impl.ClientWorker$ConfigRpcTransportClient$$Lambda$325/2052814491
20:24:11.101 [main] INFO  c.a.n.c.r.client - [printIfInfoEnabled,60] - [c494223e-0f20-45ca-b950-b5c0d486790d_config-0]Register server push request handler:com.alibaba.nacos.client.config.impl.ClientWorker$ConfigRpcTransportClient$$Lambda$326/256642638
20:24:11.102 [main] INFO  c.a.n.c.r.client - [printIfInfoEnabled,60] - [c494223e-0f20-45ca-b950-b5c0d486790d_config-0]Registry connection listener to current client:com.alibaba.nacos.client.config.impl.ClientWorker$ConfigRpcTransportClient$1
20:24:11.103 [main] INFO  c.a.n.c.r.client - [printIfInfoEnabled,60] - [c494223e-0f20-45ca-b950-b5c0d486790d_config-0]RpcClient init, ServerListFactory =com.alibaba.nacos.client.config.impl.ClientWorker$ConfigRpcTransportClient$2
20:24:11.117 [main] INFO  c.a.n.c.r.client - [printIfInfoEnabled,60] - [c494223e-0f20-45ca-b950-b5c0d486790d_config-0] Try to connect to server on start up, server: {serverIp='192.168.130.145', server main port=2222}
20:24:15.385 [main] INFO  c.a.n.c.r.client - [printIfInfoEnabled,60] - [c494223e-0f20-45ca-b950-b5c0d486790d_config-0] Try to connect to server on start up, server: {serverIp='192.168.130.145', server main port=2222}
20:24:18.393 [main] INFO  c.a.n.c.r.client - [printIfInfoEnabled,60] - [c494223e-0f20-45ca-b950-b5c0d486790d_config-0] Try to connect to server on start up, server: {serverIp='192.168.130.145', server main port=2222}
20:24:21.400 [com.alibaba.nacos.client.remote.worker] INFO  c.a.n.c.r.client - [printIfInfoEnabled,60] - [c494223e-0f20-45ca-b950-b5c0d486790d_config-0] try to re connect to a new server ,server is  not appointed,will choose a random server.
20:24:21.401 [main] INFO  c.a.n.c.r.client - [printIfInfoEnabled,60] - [c494223e-0f20-45ca-b950-b5c0d486790d_config-0]Register server push request handler:com.alibaba.nacos.common.remote.client.RpcClient$ConnectResetRequestHandler
20:24:21.402 [main] INFO  c.a.n.c.r.client - [printIfInfoEnabled,60] - [c494223e-0f20-45ca-b950-b5c0d486790d_config-0]Register server push request handler:com.alibaba.nacos.common.remote.client.RpcClient$4
20:24:21.516 [main] INFO  c.a.n.c.c.i.Limiter - [<clinit>,56] - limitTime:5.0
20:24:21.834 [main] INFO  c.a.n.c.c.u.JvmUtil - [<clinit>,53] - isMultiInstance:false
20:24:22.792 [main] INFO  c.m.a.MarsAuthApplication - [logStartupProfileInfo,663] - The following profiles are active: dev
20:28:07.305 [background-preinit] INFO  o.h.v.i.util.Version - [<clinit>,21] - HV000001: Hibernate Validator 6.2.0.Final
20:28:08.452 [main] INFO  c.a.n.c.c.i.LocalConfigInfoProcessor - [<clinit>,67] - LOCAL_SNAPSHOT_PATH:C:\Users\86186\nacos\config
20:28:08.455 [main] INFO  c.a.n.c.r.client - [lambda$createClient$0,77] - [RpcClientFactory] create a new rpc client of 6bbed8aa-378c-44a9-bf18-b43d1a5992ca_config-0
20:28:08.500 [main] INFO  o.r.Reflections - [scan,232] - Reflections took 29 ms to scan 1 urls, producing 3 keys and 6 values 
20:28:08.529 [main] INFO  o.r.Reflections - [scan,232] - Reflections took 14 ms to scan 1 urls, producing 4 keys and 9 values 
20:28:08.544 [main] INFO  o.r.Reflections - [scan,232] - Reflections took 12 ms to scan 1 urls, producing 3 keys and 10 values 
20:28:08.701 [main] INFO  o.r.Reflections - [scan,232] - Reflections took 154 ms to scan 168 urls, producing 0 keys and 0 values 
20:28:08.716 [main] INFO  o.r.Reflections - [scan,232] - Reflections took 14 ms to scan 1 urls, producing 1 keys and 5 values 
20:28:08.733 [main] INFO  o.r.Reflections - [scan,232] - Reflections took 14 ms to scan 1 urls, producing 1 keys and 7 values 
20:28:08.748 [main] INFO  o.r.Reflections - [scan,232] - Reflections took 13 ms to scan 1 urls, producing 2 keys and 8 values 
20:28:08.883 [main] INFO  o.r.Reflections - [scan,232] - Reflections took 132 ms to scan 168 urls, producing 0 keys and 0 values 
20:28:08.886 [main] INFO  c.a.n.c.r.client - [printIfInfoEnabled,60] - [6bbed8aa-378c-44a9-bf18-b43d1a5992ca_config-0]RpcClient init label, labels={module=config, Vipserver-Tag=null, source=sdk, Amory-Tag=null, Location-Tag=null, taskId=0, AppName=unknown}
20:28:08.887 [main] INFO  c.a.n.c.r.client - [printIfInfoEnabled,60] - [6bbed8aa-378c-44a9-bf18-b43d1a5992ca_config-0]Register server push request handler:com.alibaba.nacos.client.config.impl.ClientWorker$ConfigRpcTransportClient$$Lambda$325/727818265
20:28:08.887 [main] INFO  c.a.n.c.r.client - [printIfInfoEnabled,60] - [6bbed8aa-378c-44a9-bf18-b43d1a5992ca_config-0]Register server push request handler:com.alibaba.nacos.client.config.impl.ClientWorker$ConfigRpcTransportClient$$Lambda$326/295700833
20:28:08.888 [main] INFO  c.a.n.c.r.client - [printIfInfoEnabled,60] - [6bbed8aa-378c-44a9-bf18-b43d1a5992ca_config-0]Registry connection listener to current client:com.alibaba.nacos.client.config.impl.ClientWorker$ConfigRpcTransportClient$1
20:28:08.888 [main] INFO  c.a.n.c.r.client - [printIfInfoEnabled,60] - [6bbed8aa-378c-44a9-bf18-b43d1a5992ca_config-0]RpcClient init, ServerListFactory =com.alibaba.nacos.client.config.impl.ClientWorker$ConfigRpcTransportClient$2
20:28:08.896 [main] INFO  c.a.n.c.r.client - [printIfInfoEnabled,60] - [6bbed8aa-378c-44a9-bf18-b43d1a5992ca_config-0] Try to connect to server on start up, server: {serverIp='192.168.130.145', server main port=2222}
20:28:12.895 [main] INFO  c.a.n.c.r.client - [printIfInfoEnabled,60] - [6bbed8aa-378c-44a9-bf18-b43d1a5992ca_config-0] Try to connect to server on start up, server: {serverIp='192.168.130.145', server main port=2222}
20:28:15.899 [main] INFO  c.a.n.c.r.client - [printIfInfoEnabled,60] - [6bbed8aa-378c-44a9-bf18-b43d1a5992ca_config-0] Try to connect to server on start up, server: {serverIp='192.168.130.145', server main port=2222}
20:28:18.904 [com.alibaba.nacos.client.remote.worker] INFO  c.a.n.c.r.client - [printIfInfoEnabled,60] - [6bbed8aa-378c-44a9-bf18-b43d1a5992ca_config-0] try to re connect to a new server ,server is  not appointed,will choose a random server.
20:28:18.904 [main] INFO  c.a.n.c.r.client - [printIfInfoEnabled,60] - [6bbed8aa-378c-44a9-bf18-b43d1a5992ca_config-0]Register server push request handler:com.alibaba.nacos.common.remote.client.RpcClient$ConnectResetRequestHandler
20:28:18.904 [main] INFO  c.a.n.c.r.client - [printIfInfoEnabled,60] - [6bbed8aa-378c-44a9-bf18-b43d1a5992ca_config-0]Register server push request handler:com.alibaba.nacos.common.remote.client.RpcClient$4
20:28:18.955 [main] INFO  c.a.n.c.c.i.Limiter - [<clinit>,56] - limitTime:5.0
20:28:19.267 [main] INFO  c.a.n.c.c.u.JvmUtil - [<clinit>,53] - isMultiInstance:false
20:28:20.191 [main] INFO  c.m.a.MarsAuthApplication - [logStartupProfileInfo,663] - The following profiles are active: dev
20:30:34.230 [background-preinit] INFO  o.h.v.i.util.Version - [<clinit>,21] - HV000001: Hibernate Validator 6.2.0.Final
20:30:35.317 [main] INFO  c.a.n.c.c.i.LocalConfigInfoProcessor - [<clinit>,67] - LOCAL_SNAPSHOT_PATH:C:\Users\86186\nacos\config
20:30:35.320 [main] INFO  c.a.n.c.r.client - [lambda$createClient$0,77] - [RpcClientFactory] create a new rpc client of bbc7464c-1f1d-4fbc-9e41-a1f3df1f1cbe_config-0
20:30:35.366 [main] INFO  o.r.Reflections - [scan,232] - Reflections took 29 ms to scan 1 urls, producing 3 keys and 6 values 
20:30:35.394 [main] INFO  o.r.Reflections - [scan,232] - Reflections took 14 ms to scan 1 urls, producing 4 keys and 9 values 
20:30:35.409 [main] INFO  o.r.Reflections - [scan,232] - Reflections took 12 ms to scan 1 urls, producing 3 keys and 10 values 
20:30:35.564 [main] INFO  o.r.Reflections - [scan,232] - Reflections took 152 ms to scan 168 urls, producing 0 keys and 0 values 
20:30:35.575 [main] INFO  o.r.Reflections - [scan,232] - Reflections took 10 ms to scan 1 urls, producing 1 keys and 5 values 
20:30:35.590 [main] INFO  o.r.Reflections - [scan,232] - Reflections took 13 ms to scan 1 urls, producing 1 keys and 7 values 
20:30:35.603 [main] INFO  o.r.Reflections - [scan,232] - Reflections took 11 ms to scan 1 urls, producing 2 keys and 8 values 
20:30:35.751 [main] INFO  o.r.Reflections - [scan,232] - Reflections took 146 ms to scan 168 urls, producing 0 keys and 0 values 
20:30:35.754 [main] INFO  c.a.n.c.r.client - [printIfInfoEnabled,60] - [bbc7464c-1f1d-4fbc-9e41-a1f3df1f1cbe_config-0]RpcClient init label, labels={module=config, Vipserver-Tag=null, source=sdk, Amory-Tag=null, Location-Tag=null, taskId=0, AppName=unknown}
20:30:35.755 [main] INFO  c.a.n.c.r.client - [printIfInfoEnabled,60] - [bbc7464c-1f1d-4fbc-9e41-a1f3df1f1cbe_config-0]Register server push request handler:com.alibaba.nacos.client.config.impl.ClientWorker$ConfigRpcTransportClient$$Lambda$325/1950117092
20:30:35.756 [main] INFO  c.a.n.c.r.client - [printIfInfoEnabled,60] - [bbc7464c-1f1d-4fbc-9e41-a1f3df1f1cbe_config-0]Register server push request handler:com.alibaba.nacos.client.config.impl.ClientWorker$ConfigRpcTransportClient$$Lambda$326/1882395698
20:30:35.756 [main] INFO  c.a.n.c.r.client - [printIfInfoEnabled,60] - [bbc7464c-1f1d-4fbc-9e41-a1f3df1f1cbe_config-0]Registry connection listener to current client:com.alibaba.nacos.client.config.impl.ClientWorker$ConfigRpcTransportClient$1
20:30:35.757 [main] INFO  c.a.n.c.r.client - [printIfInfoEnabled,60] - [bbc7464c-1f1d-4fbc-9e41-a1f3df1f1cbe_config-0]RpcClient init, ServerListFactory =com.alibaba.nacos.client.config.impl.ClientWorker$ConfigRpcTransportClient$2
20:30:35.766 [main] INFO  c.a.n.c.r.client - [printIfInfoEnabled,60] - [bbc7464c-1f1d-4fbc-9e41-a1f3df1f1cbe_config-0] Try to connect to server on start up, server: {serverIp='192.168.130.145', server main port=2222}
20:30:39.677 [main] INFO  c.a.n.c.r.client - [printIfInfoEnabled,60] - [bbc7464c-1f1d-4fbc-9e41-a1f3df1f1cbe_config-0] Try to connect to server on start up, server: {serverIp='192.168.130.145', server main port=2222}
20:30:42.681 [main] INFO  c.a.n.c.r.client - [printIfInfoEnabled,60] - [bbc7464c-1f1d-4fbc-9e41-a1f3df1f1cbe_config-0] Try to connect to server on start up, server: {serverIp='192.168.130.145', server main port=2222}
20:30:45.687 [com.alibaba.nacos.client.remote.worker] INFO  c.a.n.c.r.client - [printIfInfoEnabled,60] - [bbc7464c-1f1d-4fbc-9e41-a1f3df1f1cbe_config-0] try to re connect to a new server ,server is  not appointed,will choose a random server.
20:30:45.687 [main] INFO  c.a.n.c.r.client - [printIfInfoEnabled,60] - [bbc7464c-1f1d-4fbc-9e41-a1f3df1f1cbe_config-0]Register server push request handler:com.alibaba.nacos.common.remote.client.RpcClient$ConnectResetRequestHandler
20:30:45.687 [main] INFO  c.a.n.c.r.client - [printIfInfoEnabled,60] - [bbc7464c-1f1d-4fbc-9e41-a1f3df1f1cbe_config-0]Register server push request handler:com.alibaba.nacos.common.remote.client.RpcClient$4
20:30:45.772 [main] INFO  c.a.n.c.c.i.Limiter - [<clinit>,56] - limitTime:5.0
20:30:46.082 [main] INFO  c.a.n.c.c.u.JvmUtil - [<clinit>,53] - isMultiInstance:false
20:30:47.006 [main] INFO  c.m.a.MarsAuthApplication - [logStartupProfileInfo,663] - The following profiles are active: dev
20:35:35.215 [background-preinit] INFO  o.h.v.i.util.Version - [<clinit>,21] - HV000001: Hibernate Validator 6.2.0.Final
20:35:36.326 [main] INFO  c.a.n.c.c.i.LocalConfigInfoProcessor - [<clinit>,67] - LOCAL_SNAPSHOT_PATH:C:\Users\86186\nacos\config
20:35:36.329 [main] INFO  c.a.n.c.r.client - [lambda$createClient$0,77] - [RpcClientFactory] create a new rpc client of 2a2fad38-db42-454b-8630-8f65dd598088_config-0
20:35:36.375 [main] INFO  o.r.Reflections - [scan,232] - Reflections took 29 ms to scan 1 urls, producing 3 keys and 6 values 
20:35:36.405 [main] INFO  o.r.Reflections - [scan,232] - Reflections took 15 ms to scan 1 urls, producing 4 keys and 9 values 
20:35:36.421 [main] INFO  o.r.Reflections - [scan,232] - Reflections took 12 ms to scan 1 urls, producing 3 keys and 10 values 
20:35:36.574 [main] INFO  o.r.Reflections - [scan,232] - Reflections took 150 ms to scan 168 urls, producing 0 keys and 0 values 
20:35:36.585 [main] INFO  o.r.Reflections - [scan,232] - Reflections took 11 ms to scan 1 urls, producing 1 keys and 5 values 
20:35:36.599 [main] INFO  o.r.Reflections - [scan,232] - Reflections took 12 ms to scan 1 urls, producing 1 keys and 7 values 
20:35:36.612 [main] INFO  o.r.Reflections - [scan,232] - Reflections took 10 ms to scan 1 urls, producing 2 keys and 8 values 
20:35:36.768 [main] INFO  o.r.Reflections - [scan,232] - Reflections took 153 ms to scan 168 urls, producing 0 keys and 0 values 
20:35:36.771 [main] INFO  c.a.n.c.r.client - [printIfInfoEnabled,60] - [2a2fad38-db42-454b-8630-8f65dd598088_config-0]RpcClient init label, labels={module=config, Vipserver-Tag=null, source=sdk, Amory-Tag=null, Location-Tag=null, taskId=0, AppName=unknown}
20:35:36.772 [main] INFO  c.a.n.c.r.client - [printIfInfoEnabled,60] - [2a2fad38-db42-454b-8630-8f65dd598088_config-0]Register server push request handler:com.alibaba.nacos.client.config.impl.ClientWorker$ConfigRpcTransportClient$$Lambda$325/1580153829
20:35:36.772 [main] INFO  c.a.n.c.r.client - [printIfInfoEnabled,60] - [2a2fad38-db42-454b-8630-8f65dd598088_config-0]Register server push request handler:com.alibaba.nacos.client.config.impl.ClientWorker$ConfigRpcTransportClient$$Lambda$326/466661605
20:35:36.773 [main] INFO  c.a.n.c.r.client - [printIfInfoEnabled,60] - [2a2fad38-db42-454b-8630-8f65dd598088_config-0]Registry connection listener to current client:com.alibaba.nacos.client.config.impl.ClientWorker$ConfigRpcTransportClient$1
20:35:36.774 [main] INFO  c.a.n.c.r.client - [printIfInfoEnabled,60] - [2a2fad38-db42-454b-8630-8f65dd598088_config-0]RpcClient init, ServerListFactory =com.alibaba.nacos.client.config.impl.ClientWorker$ConfigRpcTransportClient$2
20:35:36.784 [main] INFO  c.a.n.c.r.client - [printIfInfoEnabled,60] - [2a2fad38-db42-454b-8630-8f65dd598088_config-0] Try to connect to server on start up, server: {serverIp='192.168.130.145', server main port=2222}
20:35:40.736 [main] INFO  c.a.n.c.r.client - [printIfInfoEnabled,60] - [2a2fad38-db42-454b-8630-8f65dd598088_config-0] Try to connect to server on start up, server: {serverIp='192.168.130.145', server main port=2222}
20:35:43.741 [main] INFO  c.a.n.c.r.client - [printIfInfoEnabled,60] - [2a2fad38-db42-454b-8630-8f65dd598088_config-0] Try to connect to server on start up, server: {serverIp='192.168.130.145', server main port=2222}
20:35:46.746 [com.alibaba.nacos.client.remote.worker] INFO  c.a.n.c.r.client - [printIfInfoEnabled,60] - [2a2fad38-db42-454b-8630-8f65dd598088_config-0] try to re connect to a new server ,server is  not appointed,will choose a random server.
20:35:46.746 [main] INFO  c.a.n.c.r.client - [printIfInfoEnabled,60] - [2a2fad38-db42-454b-8630-8f65dd598088_config-0]Register server push request handler:com.alibaba.nacos.common.remote.client.RpcClient$ConnectResetRequestHandler
20:35:46.747 [main] INFO  c.a.n.c.r.client - [printIfInfoEnabled,60] - [2a2fad38-db42-454b-8630-8f65dd598088_config-0]Register server push request handler:com.alibaba.nacos.common.remote.client.RpcClient$4
20:35:46.829 [main] INFO  c.a.n.c.c.i.Limiter - [<clinit>,56] - limitTime:5.0
20:35:47.139 [main] INFO  c.a.n.c.c.u.JvmUtil - [<clinit>,53] - isMultiInstance:false
20:35:48.061 [main] INFO  c.m.a.MarsAuthApplication - [logStartupProfileInfo,663] - The following profiles are active: dev
20:35:50.882 [main] INFO  o.a.c.h.Http11NioProtocol - [log,173] - Initializing ProtocolHandler ["http-nio-9200"]
20:35:50.882 [main] INFO  o.a.c.c.StandardService - [log,173] - Starting service [Tomcat]
20:35:50.883 [main] INFO  o.a.c.c.StandardEngine - [log,173] - Starting Servlet engine: [Apache Tomcat/9.0.46]
20:35:51.038 [main] INFO  o.a.c.c.C.[.[.[/] - [log,173] - Initializing Spring embedded WebApplicationContext
20:35:51.294 [main] INFO  o.a.c.c.StandardService - [log,173] - Stopping service [Tomcat]
20:36:43.634 [background-preinit] INFO  o.h.v.i.util.Version - [<clinit>,21] - HV000001: Hibernate Validator 6.2.0.Final
20:36:44.743 [main] INFO  c.a.n.c.c.i.LocalConfigInfoProcessor - [<clinit>,67] - LOCAL_SNAPSHOT_PATH:C:\Users\86186\nacos\config
20:36:44.747 [main] INFO  c.a.n.c.r.client - [lambda$createClient$0,77] - [RpcClientFactory] create a new rpc client of a356671e-3b4e-413c-90c8-ab686676f8ea_config-0
20:36:44.791 [main] INFO  o.r.Reflections - [scan,232] - Reflections took 28 ms to scan 1 urls, producing 3 keys and 6 values 
20:36:44.821 [main] INFO  o.r.Reflections - [scan,232] - Reflections took 16 ms to scan 1 urls, producing 4 keys and 9 values 
20:36:44.835 [main] INFO  o.r.Reflections - [scan,232] - Reflections took 11 ms to scan 1 urls, producing 3 keys and 10 values 
20:36:44.985 [main] INFO  o.r.Reflections - [scan,232] - Reflections took 147 ms to scan 168 urls, producing 0 keys and 0 values 
20:36:45.001 [main] INFO  o.r.Reflections - [scan,232] - Reflections took 15 ms to scan 1 urls, producing 1 keys and 5 values 
20:36:45.036 [main] INFO  o.r.Reflections - [scan,232] - Reflections took 30 ms to scan 1 urls, producing 1 keys and 7 values 
20:36:45.051 [main] INFO  o.r.Reflections - [scan,232] - Reflections took 12 ms to scan 1 urls, producing 2 keys and 8 values 
20:36:45.201 [main] INFO  o.r.Reflections - [scan,232] - Reflections took 149 ms to scan 168 urls, producing 0 keys and 0 values 
20:36:45.204 [main] INFO  c.a.n.c.r.client - [printIfInfoEnabled,60] - [a356671e-3b4e-413c-90c8-ab686676f8ea_config-0]RpcClient init label, labels={module=config, Vipserver-Tag=null, source=sdk, Amory-Tag=null, Location-Tag=null, taskId=0, AppName=unknown}
20:36:45.205 [main] INFO  c.a.n.c.r.client - [printIfInfoEnabled,60] - [a356671e-3b4e-413c-90c8-ab686676f8ea_config-0]Register server push request handler:com.alibaba.nacos.client.config.impl.ClientWorker$ConfigRpcTransportClient$$Lambda$325/1950117092
20:36:45.205 [main] INFO  c.a.n.c.r.client - [printIfInfoEnabled,60] - [a356671e-3b4e-413c-90c8-ab686676f8ea_config-0]Register server push request handler:com.alibaba.nacos.client.config.impl.ClientWorker$ConfigRpcTransportClient$$Lambda$326/1882395698
20:36:45.206 [main] INFO  c.a.n.c.r.client - [printIfInfoEnabled,60] - [a356671e-3b4e-413c-90c8-ab686676f8ea_config-0]Registry connection listener to current client:com.alibaba.nacos.client.config.impl.ClientWorker$ConfigRpcTransportClient$1
20:36:45.207 [main] INFO  c.a.n.c.r.client - [printIfInfoEnabled,60] - [a356671e-3b4e-413c-90c8-ab686676f8ea_config-0]RpcClient init, ServerListFactory =com.alibaba.nacos.client.config.impl.ClientWorker$ConfigRpcTransportClient$2
20:36:45.215 [main] INFO  c.a.n.c.r.client - [printIfInfoEnabled,60] - [a356671e-3b4e-413c-90c8-ab686676f8ea_config-0] Try to connect to server on start up, server: {serverIp='192.168.130.145', server main port=2222}
20:36:49.125 [main] INFO  c.a.n.c.r.client - [printIfInfoEnabled,60] - [a356671e-3b4e-413c-90c8-ab686676f8ea_config-0] Try to connect to server on start up, server: {serverIp='192.168.130.145', server main port=2222}
20:36:52.128 [main] INFO  c.a.n.c.r.client - [printIfInfoEnabled,60] - [a356671e-3b4e-413c-90c8-ab686676f8ea_config-0] Try to connect to server on start up, server: {serverIp='192.168.130.145', server main port=2222}
20:36:55.133 [com.alibaba.nacos.client.remote.worker] INFO  c.a.n.c.r.client - [printIfInfoEnabled,60] - [a356671e-3b4e-413c-90c8-ab686676f8ea_config-0] try to re connect to a new server ,server is  not appointed,will choose a random server.
20:36:55.134 [main] INFO  c.a.n.c.r.client - [printIfInfoEnabled,60] - [a356671e-3b4e-413c-90c8-ab686676f8ea_config-0]Register server push request handler:com.alibaba.nacos.common.remote.client.RpcClient$ConnectResetRequestHandler
20:36:55.134 [main] INFO  c.a.n.c.r.client - [printIfInfoEnabled,60] - [a356671e-3b4e-413c-90c8-ab686676f8ea_config-0]Register server push request handler:com.alibaba.nacos.common.remote.client.RpcClient$4
20:36:55.226 [main] INFO  c.a.n.c.c.i.Limiter - [<clinit>,56] - limitTime:5.0
20:36:55.539 [main] INFO  c.a.n.c.c.u.JvmUtil - [<clinit>,53] - isMultiInstance:false
20:36:56.461 [main] INFO  c.m.a.MarsAuthApplication - [logStartupProfileInfo,663] - The following profiles are active: dev
20:36:58.124 [main] INFO  o.a.c.h.Http11NioProtocol - [log,173] - Initializing ProtocolHandler ["http-nio-9200"]
20:36:58.125 [main] INFO  o.a.c.c.StandardService - [log,173] - Starting service [Tomcat]
20:36:58.125 [main] INFO  o.a.c.c.StandardEngine - [log,173] - Starting Servlet engine: [Apache Tomcat/9.0.46]
20:36:58.244 [main] INFO  o.a.c.c.C.[.[.[/] - [log,173] - Initializing Spring embedded WebApplicationContext
20:36:58.459 [main] INFO  o.a.c.c.StandardService - [log,173] - Stopping service [Tomcat]
21:08:39.970 [background-preinit] INFO  o.h.v.i.util.Version - [<clinit>,21] - HV000001: Hibernate Validator 6.2.0.Final
21:08:41.102 [main] INFO  c.a.n.c.c.i.LocalConfigInfoProcessor - [<clinit>,67] - LOCAL_SNAPSHOT_PATH:C:\Users\86186\nacos\config
21:08:41.105 [main] INFO  c.a.n.c.r.client - [lambda$createClient$0,77] - [RpcClientFactory] create a new rpc client of 25dfbfea-81cc-41bc-8215-06c30d1d290e_config-0
21:08:41.149 [main] INFO  o.r.Reflections - [scan,232] - Reflections took 28 ms to scan 1 urls, producing 3 keys and 6 values 
21:08:41.179 [main] INFO  o.r.Reflections - [scan,232] - Reflections took 14 ms to scan 1 urls, producing 4 keys and 9 values 
21:08:41.193 [main] INFO  o.r.Reflections - [scan,232] - Reflections took 11 ms to scan 1 urls, producing 3 keys and 10 values 
21:08:41.338 [main] INFO  o.r.Reflections - [scan,232] - Reflections took 142 ms to scan 168 urls, producing 0 keys and 0 values 
21:08:41.349 [main] INFO  o.r.Reflections - [scan,232] - Reflections took 10 ms to scan 1 urls, producing 1 keys and 5 values 
21:08:41.365 [main] INFO  o.r.Reflections - [scan,232] - Reflections took 13 ms to scan 1 urls, producing 1 keys and 7 values 
21:08:41.377 [main] INFO  o.r.Reflections - [scan,232] - Reflections took 10 ms to scan 1 urls, producing 2 keys and 8 values 
21:08:41.532 [main] INFO  o.r.Reflections - [scan,232] - Reflections took 152 ms to scan 168 urls, producing 0 keys and 0 values 
21:08:41.535 [main] INFO  c.a.n.c.r.client - [printIfInfoEnabled,60] - [25dfbfea-81cc-41bc-8215-06c30d1d290e_config-0]RpcClient init label, labels={module=config, Vipserver-Tag=null, source=sdk, Amory-Tag=null, Location-Tag=null, taskId=0, AppName=unknown}
21:08:41.536 [main] INFO  c.a.n.c.r.client - [printIfInfoEnabled,60] - [25dfbfea-81cc-41bc-8215-06c30d1d290e_config-0]Register server push request handler:com.alibaba.nacos.client.config.impl.ClientWorker$ConfigRpcTransportClient$$Lambda$325/1950117092
21:08:41.536 [main] INFO  c.a.n.c.r.client - [printIfInfoEnabled,60] - [25dfbfea-81cc-41bc-8215-06c30d1d290e_config-0]Register server push request handler:com.alibaba.nacos.client.config.impl.ClientWorker$ConfigRpcTransportClient$$Lambda$326/1882395698
21:08:41.537 [main] INFO  c.a.n.c.r.client - [printIfInfoEnabled,60] - [25dfbfea-81cc-41bc-8215-06c30d1d290e_config-0]Registry connection listener to current client:com.alibaba.nacos.client.config.impl.ClientWorker$ConfigRpcTransportClient$1
21:08:41.537 [main] INFO  c.a.n.c.r.client - [printIfInfoEnabled,60] - [25dfbfea-81cc-41bc-8215-06c30d1d290e_config-0]RpcClient init, ServerListFactory =com.alibaba.nacos.client.config.impl.ClientWorker$ConfigRpcTransportClient$2
21:08:41.547 [main] INFO  c.a.n.c.r.client - [printIfInfoEnabled,60] - [25dfbfea-81cc-41bc-8215-06c30d1d290e_config-0] Try to connect to server on start up, server: {serverIp='192.168.130.145', server main port=2222}
21:08:45.521 [main] INFO  c.a.n.c.r.client - [printIfInfoEnabled,60] - [25dfbfea-81cc-41bc-8215-06c30d1d290e_config-0] Try to connect to server on start up, server: {serverIp='192.168.130.145', server main port=2222}
21:08:48.525 [main] INFO  c.a.n.c.r.client - [printIfInfoEnabled,60] - [25dfbfea-81cc-41bc-8215-06c30d1d290e_config-0] Try to connect to server on start up, server: {serverIp='192.168.130.145', server main port=2222}
21:08:51.530 [com.alibaba.nacos.client.remote.worker] INFO  c.a.n.c.r.client - [printIfInfoEnabled,60] - [25dfbfea-81cc-41bc-8215-06c30d1d290e_config-0] try to re connect to a new server ,server is  not appointed,will choose a random server.
21:08:51.530 [main] INFO  c.a.n.c.r.client - [printIfInfoEnabled,60] - [25dfbfea-81cc-41bc-8215-06c30d1d290e_config-0]Register server push request handler:com.alibaba.nacos.common.remote.client.RpcClient$ConnectResetRequestHandler
21:08:51.531 [main] INFO  c.a.n.c.r.client - [printIfInfoEnabled,60] - [25dfbfea-81cc-41bc-8215-06c30d1d290e_config-0]Register server push request handler:com.alibaba.nacos.common.remote.client.RpcClient$4
21:08:51.616 [main] INFO  c.a.n.c.c.i.Limiter - [<clinit>,56] - limitTime:5.0
21:08:51.926 [main] INFO  c.a.n.c.c.u.JvmUtil - [<clinit>,53] - isMultiInstance:false
21:08:52.849 [main] INFO  c.m.a.MarsAuthApplication - [logStartupProfileInfo,663] - The following profiles are active: dev
21:08:54.714 [main] INFO  o.a.c.h.Http11NioProtocol - [log,173] - Initializing ProtocolHandler ["http-nio-9200"]
21:08:54.715 [main] INFO  o.a.c.c.StandardService - [log,173] - Starting service [Tomcat]
21:08:54.715 [main] INFO  o.a.c.c.StandardEngine - [log,173] - Starting Servlet engine: [Apache Tomcat/9.0.46]
21:08:54.836 [main] INFO  o.a.c.c.C.[.[.[/] - [log,173] - Initializing Spring embedded WebApplicationContext
21:08:55.031 [main] INFO  o.a.c.c.StandardService - [log,173] - Stopping service [Tomcat]
21:09:17.615 [background-preinit] INFO  o.h.v.i.util.Version - [<clinit>,21] - HV000001: Hibernate Validator 6.2.0.Final
21:09:18.813 [main] INFO  c.a.n.c.c.i.LocalConfigInfoProcessor - [<clinit>,67] - LOCAL_SNAPSHOT_PATH:C:\Users\86186\nacos\config
21:09:18.817 [main] INFO  c.a.n.c.r.client - [lambda$createClient$0,77] - [RpcClientFactory] create a new rpc client of 99c1c88c-6135-4a15-bc79-303ad2729f38_config-0
21:09:18.863 [main] INFO  o.r.Reflections - [scan,232] - Reflections took 28 ms to scan 1 urls, producing 3 keys and 6 values 
21:09:18.891 [main] INFO  o.r.Reflections - [scan,232] - Reflections took 13 ms to scan 1 urls, producing 4 keys and 9 values 
21:09:18.905 [main] INFO  o.r.Reflections - [scan,232] - Reflections took 12 ms to scan 1 urls, producing 3 keys and 10 values 
21:09:19.078 [main] INFO  o.r.Reflections - [scan,232] - Reflections took 171 ms to scan 168 urls, producing 0 keys and 0 values 
21:09:19.090 [main] INFO  o.r.Reflections - [scan,232] - Reflections took 10 ms to scan 1 urls, producing 1 keys and 5 values 
21:09:19.111 [main] INFO  o.r.Reflections - [scan,232] - Reflections took 19 ms to scan 1 urls, producing 1 keys and 7 values 
21:09:19.126 [main] INFO  o.r.Reflections - [scan,232] - Reflections took 12 ms to scan 1 urls, producing 2 keys and 8 values 
21:09:19.288 [main] INFO  o.r.Reflections - [scan,232] - Reflections took 159 ms to scan 168 urls, producing 0 keys and 0 values 
21:09:19.292 [main] INFO  c.a.n.c.r.client - [printIfInfoEnabled,60] - [99c1c88c-6135-4a15-bc79-303ad2729f38_config-0]RpcClient init label, labels={module=config, Vipserver-Tag=null, source=sdk, Amory-Tag=null, Location-Tag=null, taskId=0, AppName=unknown}
21:09:19.293 [main] INFO  c.a.n.c.r.client - [printIfInfoEnabled,60] - [99c1c88c-6135-4a15-bc79-303ad2729f38_config-0]Register server push request handler:com.alibaba.nacos.client.config.impl.ClientWorker$ConfigRpcTransportClient$$Lambda$325/1950117092
21:09:19.294 [main] INFO  c.a.n.c.r.client - [printIfInfoEnabled,60] - [99c1c88c-6135-4a15-bc79-303ad2729f38_config-0]Register server push request handler:com.alibaba.nacos.client.config.impl.ClientWorker$ConfigRpcTransportClient$$Lambda$326/1882395698
21:09:19.295 [main] INFO  c.a.n.c.r.client - [printIfInfoEnabled,60] - [99c1c88c-6135-4a15-bc79-303ad2729f38_config-0]Registry connection listener to current client:com.alibaba.nacos.client.config.impl.ClientWorker$ConfigRpcTransportClient$1
21:09:19.295 [main] INFO  c.a.n.c.r.client - [printIfInfoEnabled,60] - [99c1c88c-6135-4a15-bc79-303ad2729f38_config-0]RpcClient init, ServerListFactory =com.alibaba.nacos.client.config.impl.ClientWorker$ConfigRpcTransportClient$2
21:09:19.306 [main] INFO  c.a.n.c.r.client - [printIfInfoEnabled,60] - [99c1c88c-6135-4a15-bc79-303ad2729f38_config-0] Try to connect to server on start up, server: {serverIp='192.168.145.130', server main port=2222}
21:09:21.504 [main] INFO  c.a.n.c.r.client - [printIfInfoEnabled,60] - [99c1c88c-6135-4a15-bc79-303ad2729f38_config-0] Success to connect to server [192.168.145.130:2222] on start up,connectionId=1626815360597_172.18.0.1_50570
21:09:21.504 [com.alibaba.nacos.client.remote.worker] INFO  c.a.n.c.r.client - [printIfInfoEnabled,60] - [99c1c88c-6135-4a15-bc79-303ad2729f38_config-0]Notify connected event to listeners.
21:09:21.505 [com.alibaba.nacos.client.remote.worker] INFO  c.a.n.c.c.i.ClientWorker - [onConnected,677] - [99c1c88c-6135-4a15-bc79-303ad2729f38_config-0] Connected,notify listen context...
21:09:21.505 [main] INFO  c.a.n.c.r.client - [printIfInfoEnabled,60] - [99c1c88c-6135-4a15-bc79-303ad2729f38_config-0]Register server push request handler:com.alibaba.nacos.common.remote.client.RpcClient$ConnectResetRequestHandler
21:09:21.505 [main] INFO  c.a.n.c.r.client - [printIfInfoEnabled,60] - [99c1c88c-6135-4a15-bc79-303ad2729f38_config-0]Register server push request handler:com.alibaba.nacos.common.remote.client.RpcClient$4
21:09:21.549 [main] INFO  c.a.n.c.c.i.Limiter - [<clinit>,56] - limitTime:5.0
21:09:21.567 [main] INFO  c.a.n.c.c.u.JvmUtil - [<clinit>,53] - isMultiInstance:false
21:09:21.601 [main] INFO  c.m.a.MarsAuthApplication - [logStartupProfileInfo,663] - The following profiles are active: dev
21:09:23.343 [main] INFO  o.a.c.h.Http11NioProtocol - [log,173] - Initializing ProtocolHandler ["http-nio-9200"]
21:09:23.344 [main] INFO  o.a.c.c.StandardService - [log,173] - Starting service [Tomcat]
21:09:23.344 [main] INFO  o.a.c.c.StandardEngine - [log,173] - Starting Servlet engine: [Apache Tomcat/9.0.46]
21:09:23.489 [main] INFO  o.a.c.c.C.[.[.[/] - [log,173] - Initializing Spring embedded WebApplicationContext
21:09:23.704 [main] INFO  o.a.c.c.StandardService - [log,173] - Stopping service [Tomcat]
21:10:28.292 [background-preinit] INFO  o.h.v.i.util.Version - [<clinit>,21] - HV000001: Hibernate Validator 6.2.0.Final
21:10:29.448 [main] INFO  c.a.n.c.c.i.LocalConfigInfoProcessor - [<clinit>,67] - LOCAL_SNAPSHOT_PATH:C:\Users\86186\nacos\config
21:10:29.451 [main] INFO  c.a.n.c.r.client - [lambda$createClient$0,77] - [RpcClientFactory] create a new rpc client of 58203602-b983-4204-87ae-7bdcf4a337c3_config-0
21:10:29.498 [main] INFO  o.r.Reflections - [scan,232] - Reflections took 30 ms to scan 1 urls, producing 3 keys and 6 values 
21:10:29.526 [main] INFO  o.r.Reflections - [scan,232] - Reflections took 13 ms to scan 1 urls, producing 4 keys and 9 values 
21:10:29.540 [main] INFO  o.r.Reflections - [scan,232] - Reflections took 11 ms to scan 1 urls, producing 3 keys and 10 values 
21:10:29.711 [main] INFO  o.r.Reflections - [scan,232] - Reflections took 168 ms to scan 168 urls, producing 0 keys and 0 values 
21:10:29.754 [main] INFO  o.r.Reflections - [scan,232] - Reflections took 41 ms to scan 1 urls, producing 1 keys and 5 values 
21:10:29.773 [main] INFO  o.r.Reflections - [scan,232] - Reflections took 16 ms to scan 1 urls, producing 1 keys and 7 values 
21:10:29.786 [main] INFO  o.r.Reflections - [scan,232] - Reflections took 11 ms to scan 1 urls, producing 2 keys and 8 values 
21:10:29.935 [main] INFO  o.r.Reflections - [scan,232] - Reflections took 147 ms to scan 168 urls, producing 0 keys and 0 values 
21:10:29.938 [main] INFO  c.a.n.c.r.client - [printIfInfoEnabled,60] - [58203602-b983-4204-87ae-7bdcf4a337c3_config-0]RpcClient init label, labels={module=config, Vipserver-Tag=null, source=sdk, Amory-Tag=null, Location-Tag=null, taskId=0, AppName=unknown}
21:10:29.939 [main] INFO  c.a.n.c.r.client - [printIfInfoEnabled,60] - [58203602-b983-4204-87ae-7bdcf4a337c3_config-0]Register server push request handler:com.alibaba.nacos.client.config.impl.ClientWorker$ConfigRpcTransportClient$$Lambda$325/1950117092
21:10:29.940 [main] INFO  c.a.n.c.r.client - [printIfInfoEnabled,60] - [58203602-b983-4204-87ae-7bdcf4a337c3_config-0]Register server push request handler:com.alibaba.nacos.client.config.impl.ClientWorker$ConfigRpcTransportClient$$Lambda$326/1882395698
21:10:29.941 [main] INFO  c.a.n.c.r.client - [printIfInfoEnabled,60] - [58203602-b983-4204-87ae-7bdcf4a337c3_config-0]Registry connection listener to current client:com.alibaba.nacos.client.config.impl.ClientWorker$ConfigRpcTransportClient$1
21:10:29.941 [main] INFO  c.a.n.c.r.client - [printIfInfoEnabled,60] - [58203602-b983-4204-87ae-7bdcf4a337c3_config-0]RpcClient init, ServerListFactory =com.alibaba.nacos.client.config.impl.ClientWorker$ConfigRpcTransportClient$2
21:10:29.950 [main] INFO  c.a.n.c.r.client - [printIfInfoEnabled,60] - [58203602-b983-4204-87ae-7bdcf4a337c3_config-0] Try to connect to server on start up, server: {serverIp='192.168.145.130', server main port=2222}
21:10:32.022 [main] INFO  c.a.n.c.r.client - [printIfInfoEnabled,60] - [58203602-b983-4204-87ae-7bdcf4a337c3_config-0] Success to connect to server [192.168.145.130:2222] on start up,connectionId=1626815431121_172.18.0.1_51826
21:10:32.023 [com.alibaba.nacos.client.remote.worker] INFO  c.a.n.c.r.client - [printIfInfoEnabled,60] - [58203602-b983-4204-87ae-7bdcf4a337c3_config-0]Notify connected event to listeners.
21:10:32.023 [com.alibaba.nacos.client.remote.worker] INFO  c.a.n.c.c.i.ClientWorker - [onConnected,677] - [58203602-b983-4204-87ae-7bdcf4a337c3_config-0] Connected,notify listen context...
21:10:32.023 [main] INFO  c.a.n.c.r.client - [printIfInfoEnabled,60] - [58203602-b983-4204-87ae-7bdcf4a337c3_config-0]Register server push request handler:com.alibaba.nacos.common.remote.client.RpcClient$ConnectResetRequestHandler
21:10:32.024 [main] INFO  c.a.n.c.r.client - [printIfInfoEnabled,60] - [58203602-b983-4204-87ae-7bdcf4a337c3_config-0]Register server push request handler:com.alibaba.nacos.common.remote.client.RpcClient$4
21:10:32.069 [main] INFO  c.a.n.c.c.i.Limiter - [<clinit>,56] - limitTime:5.0
21:10:32.132 [main] INFO  c.a.n.c.c.u.JvmUtil - [<clinit>,53] - isMultiInstance:false
21:10:32.165 [main] INFO  c.m.a.MarsAuthApplication - [logStartupProfileInfo,663] - The following profiles are active: dev
21:10:33.913 [main] INFO  o.a.c.h.Http11NioProtocol - [log,173] - Initializing ProtocolHandler ["http-nio-9200"]
21:10:33.914 [main] INFO  o.a.c.c.StandardService - [log,173] - Starting service [Tomcat]
21:10:33.914 [main] INFO  o.a.c.c.StandardEngine - [log,173] - Starting Servlet engine: [Apache Tomcat/9.0.46]
21:10:34.030 [main] INFO  o.a.c.c.C.[.[.[/] - [log,173] - Initializing Spring embedded WebApplicationContext
21:10:34.219 [main] INFO  o.a.c.c.StandardService - [log,173] - Stopping service [Tomcat]
21:11:13.435 [background-preinit] INFO  o.h.v.i.util.Version - [<clinit>,21] - HV000001: Hibernate Validator 6.2.0.Final
21:11:15.116 [main] INFO  c.a.n.c.c.i.LocalConfigInfoProcessor - [<clinit>,67] - LOCAL_SNAPSHOT_PATH:C:\Users\86186\nacos\config
21:11:15.124 [main] INFO  c.a.n.c.r.client - [lambda$createClient$0,77] - [RpcClientFactory] create a new rpc client of d4a4b3a7-34a8-4249-8f12-93937aef16fe_config-0
21:11:15.228 [main] INFO  o.r.Reflections - [scan,232] - Reflections took 52 ms to scan 1 urls, producing 3 keys and 6 values 
21:11:15.278 [main] INFO  o.r.Reflections - [scan,232] - Reflections took 24 ms to scan 1 urls, producing 4 keys and 9 values 
21:11:15.294 [main] INFO  o.r.Reflections - [scan,232] - Reflections took 14 ms to scan 1 urls, producing 3 keys and 10 values 
21:11:15.484 [main] INFO  o.r.Reflections - [scan,232] - Reflections took 187 ms to scan 168 urls, producing 0 keys and 0 values 
21:11:15.510 [main] INFO  o.r.Reflections - [scan,232] - Reflections took 26 ms to scan 1 urls, producing 1 keys and 5 values 
21:11:15.564 [main] INFO  o.r.Reflections - [scan,232] - Reflections took 47 ms to scan 1 urls, producing 1 keys and 7 values 
21:11:15.586 [main] INFO  o.r.Reflections - [scan,232] - Reflections took 14 ms to scan 1 urls, producing 2 keys and 8 values 
21:11:15.784 [main] INFO  o.r.Reflections - [scan,232] - Reflections took 195 ms to scan 168 urls, producing 0 keys and 0 values 
21:11:15.787 [main] INFO  c.a.n.c.r.client - [printIfInfoEnabled,60] - [d4a4b3a7-34a8-4249-8f12-93937aef16fe_config-0]RpcClient init label, labels={module=config, Vipserver-Tag=null, source=sdk, Amory-Tag=null, Location-Tag=null, taskId=0, AppName=unknown}
21:11:15.788 [main] INFO  c.a.n.c.r.client - [printIfInfoEnabled,60] - [d4a4b3a7-34a8-4249-8f12-93937aef16fe_config-0]Register server push request handler:com.alibaba.nacos.client.config.impl.ClientWorker$ConfigRpcTransportClient$$Lambda$325/281151050
21:11:15.788 [main] INFO  c.a.n.c.r.client - [printIfInfoEnabled,60] - [d4a4b3a7-34a8-4249-8f12-93937aef16fe_config-0]Register server push request handler:com.alibaba.nacos.client.config.impl.ClientWorker$ConfigRpcTransportClient$$Lambda$326/118363130
21:11:15.790 [main] INFO  c.a.n.c.r.client - [printIfInfoEnabled,60] - [d4a4b3a7-34a8-4249-8f12-93937aef16fe_config-0]Registry connection listener to current client:com.alibaba.nacos.client.config.impl.ClientWorker$ConfigRpcTransportClient$1
21:11:15.791 [main] INFO  c.a.n.c.r.client - [printIfInfoEnabled,60] - [d4a4b3a7-34a8-4249-8f12-93937aef16fe_config-0]RpcClient init, ServerListFactory =com.alibaba.nacos.client.config.impl.ClientWorker$ConfigRpcTransportClient$2
21:11:15.801 [main] INFO  c.a.n.c.r.client - [printIfInfoEnabled,60] - [d4a4b3a7-34a8-4249-8f12-93937aef16fe_config-0] Try to connect to server on start up, server: {serverIp='192.168.145.130', server main port=2222}
21:11:17.924 [main] INFO  c.a.n.c.r.client - [printIfInfoEnabled,60] - [d4a4b3a7-34a8-4249-8f12-93937aef16fe_config-0] Success to connect to server [192.168.145.130:2222] on start up,connectionId=1626815477018_172.18.0.1_47100
21:11:17.924 [com.alibaba.nacos.client.remote.worker] INFO  c.a.n.c.r.client - [printIfInfoEnabled,60] - [d4a4b3a7-34a8-4249-8f12-93937aef16fe_config-0]Notify connected event to listeners.
21:11:17.925 [com.alibaba.nacos.client.remote.worker] INFO  c.a.n.c.c.i.ClientWorker - [onConnected,677] - [d4a4b3a7-34a8-4249-8f12-93937aef16fe_config-0] Connected,notify listen context...
21:11:17.925 [main] INFO  c.a.n.c.r.client - [printIfInfoEnabled,60] - [d4a4b3a7-34a8-4249-8f12-93937aef16fe_config-0]Register server push request handler:com.alibaba.nacos.common.remote.client.RpcClient$ConnectResetRequestHandler
21:11:17.925 [main] INFO  c.a.n.c.r.client - [printIfInfoEnabled,60] - [d4a4b3a7-34a8-4249-8f12-93937aef16fe_config-0]Register server push request handler:com.alibaba.nacos.common.remote.client.RpcClient$4
21:11:17.970 [main] INFO  c.a.n.c.c.i.Limiter - [<clinit>,56] - limitTime:5.0
21:11:17.992 [main] INFO  c.a.n.c.c.u.JvmUtil - [<clinit>,53] - isMultiInstance:false
21:11:18.024 [main] INFO  c.m.a.MarsAuthApplication - [logStartupProfileInfo,663] - The following profiles are active: dev
21:11:19.712 [main] INFO  o.a.c.h.Http11NioProtocol - [log,173] - Initializing ProtocolHandler ["http-nio-9200"]
21:11:19.712 [main] INFO  o.a.c.c.StandardService - [log,173] - Starting service [Tomcat]
21:11:19.713 [main] INFO  o.a.c.c.StandardEngine - [log,173] - Starting Servlet engine: [Apache Tomcat/9.0.46]
21:11:19.841 [main] INFO  o.a.c.c.C.[.[.[/] - [log,173] - Initializing Spring embedded WebApplicationContext
21:11:20.064 [main] INFO  o.a.c.c.StandardService - [log,173] - Stopping service [Tomcat]
21:18:17.519 [background-preinit] INFO  o.h.v.i.util.Version - [<clinit>,21] - HV000001: Hibernate Validator 6.2.0.Final
21:18:18.636 [main] INFO  c.a.n.c.c.i.LocalConfigInfoProcessor - [<clinit>,67] - LOCAL_SNAPSHOT_PATH:C:\Users\86186\nacos\config
21:18:18.640 [main] INFO  c.a.n.c.r.client - [lambda$createClient$0,77] - [RpcClientFactory] create a new rpc client of 16820d66-12c2-4da9-9c2a-9344baca7101_config-0
21:18:18.690 [main] INFO  o.r.Reflections - [scan,232] - Reflections took 32 ms to scan 1 urls, producing 3 keys and 6 values 
21:18:18.725 [main] INFO  o.r.Reflections - [scan,232] - Reflections took 16 ms to scan 1 urls, producing 4 keys and 9 values 
21:18:18.741 [main] INFO  o.r.Reflections - [scan,232] - Reflections took 13 ms to scan 1 urls, producing 3 keys and 10 values 
21:18:18.897 [main] INFO  o.r.Reflections - [scan,232] - Reflections took 152 ms to scan 168 urls, producing 0 keys and 0 values 
21:18:18.908 [main] INFO  o.r.Reflections - [scan,232] - Reflections took 10 ms to scan 1 urls, producing 1 keys and 5 values 
21:18:18.922 [main] INFO  o.r.Reflections - [scan,232] - Reflections took 12 ms to scan 1 urls, producing 1 keys and 7 values 
21:18:18.935 [main] INFO  o.r.Reflections - [scan,232] - Reflections took 10 ms to scan 1 urls, producing 2 keys and 8 values 
21:18:19.082 [main] INFO  o.r.Reflections - [scan,232] - Reflections took 145 ms to scan 168 urls, producing 0 keys and 0 values 
21:18:19.085 [main] INFO  c.a.n.c.r.client - [printIfInfoEnabled,60] - [16820d66-12c2-4da9-9c2a-9344baca7101_config-0]RpcClient init label, labels={module=config, Vipserver-Tag=null, source=sdk, Amory-Tag=null, Location-Tag=null, taskId=0, AppName=unknown}
21:18:19.085 [main] INFO  c.a.n.c.r.client - [printIfInfoEnabled,60] - [16820d66-12c2-4da9-9c2a-9344baca7101_config-0]Register server push request handler:com.alibaba.nacos.client.config.impl.ClientWorker$ConfigRpcTransportClient$$Lambda$325/1950117092
21:18:19.086 [main] INFO  c.a.n.c.r.client - [printIfInfoEnabled,60] - [16820d66-12c2-4da9-9c2a-9344baca7101_config-0]Register server push request handler:com.alibaba.nacos.client.config.impl.ClientWorker$ConfigRpcTransportClient$$Lambda$326/1882395698
21:18:19.086 [main] INFO  c.a.n.c.r.client - [printIfInfoEnabled,60] - [16820d66-12c2-4da9-9c2a-9344baca7101_config-0]Registry connection listener to current client:com.alibaba.nacos.client.config.impl.ClientWorker$ConfigRpcTransportClient$1
21:18:19.087 [main] INFO  c.a.n.c.r.client - [printIfInfoEnabled,60] - [16820d66-12c2-4da9-9c2a-9344baca7101_config-0]RpcClient init, ServerListFactory =com.alibaba.nacos.client.config.impl.ClientWorker$ConfigRpcTransportClient$2
21:18:19.095 [main] INFO  c.a.n.c.r.client - [printIfInfoEnabled,60] - [16820d66-12c2-4da9-9c2a-9344baca7101_config-0] Try to connect to server on start up, server: {serverIp='192.168.145.130', server main port=2222}
21:18:21.208 [main] INFO  c.a.n.c.r.client - [printIfInfoEnabled,60] - [16820d66-12c2-4da9-9c2a-9344baca7101_config-0] Success to connect to server [192.168.145.130:2222] on start up,connectionId=1626815900306_172.18.0.1_50872
21:18:21.208 [com.alibaba.nacos.client.remote.worker] INFO  c.a.n.c.r.client - [printIfInfoEnabled,60] - [16820d66-12c2-4da9-9c2a-9344baca7101_config-0]Notify connected event to listeners.
21:18:21.209 [com.alibaba.nacos.client.remote.worker] INFO  c.a.n.c.c.i.ClientWorker - [onConnected,677] - [16820d66-12c2-4da9-9c2a-9344baca7101_config-0] Connected,notify listen context...
21:18:21.209 [main] INFO  c.a.n.c.r.client - [printIfInfoEnabled,60] - [16820d66-12c2-4da9-9c2a-9344baca7101_config-0]Register server push request handler:com.alibaba.nacos.common.remote.client.RpcClient$ConnectResetRequestHandler
21:18:21.209 [main] INFO  c.a.n.c.r.client - [printIfInfoEnabled,60] - [16820d66-12c2-4da9-9c2a-9344baca7101_config-0]Register server push request handler:com.alibaba.nacos.common.remote.client.RpcClient$4
21:18:21.252 [main] INFO  c.a.n.c.c.i.Limiter - [<clinit>,56] - limitTime:5.0
21:18:21.267 [main] INFO  c.a.n.c.c.u.JvmUtil - [<clinit>,53] - isMultiInstance:false
21:18:21.302 [main] INFO  c.m.a.MarsAuthApplication - [logStartupProfileInfo,663] - The following profiles are active: dev
21:18:23.056 [main] INFO  o.a.c.h.Http11NioProtocol - [log,173] - Initializing ProtocolHandler ["http-nio-9200"]
21:18:23.057 [main] INFO  o.a.c.c.StandardService - [log,173] - Starting service [Tomcat]
21:18:23.057 [main] INFO  o.a.c.c.StandardEngine - [log,173] - Starting Servlet engine: [Apache Tomcat/9.0.46]
21:18:23.171 [main] INFO  o.a.c.c.C.[.[.[/] - [log,173] - Initializing Spring embedded WebApplicationContext
21:18:23.357 [main] INFO  o.a.c.c.StandardService - [log,173] - Stopping service [Tomcat]
21:22:41.856 [background-preinit] INFO  o.h.v.i.util.Version - [<clinit>,21] - HV000001: Hibernate Validator 6.2.0.Final
21:22:43.158 [main] INFO  c.a.n.c.c.i.LocalConfigInfoProcessor - [<clinit>,67] - LOCAL_SNAPSHOT_PATH:C:\Users\86186\nacos\config
21:22:43.163 [main] INFO  c.a.n.c.r.client - [lambda$createClient$0,77] - [RpcClientFactory] create a new rpc client of d7ede633-f4bd-4b4e-838b-52838988d966_config-0
21:22:43.219 [main] INFO  o.r.Reflections - [scan,232] - Reflections took 34 ms to scan 1 urls, producing 3 keys and 6 values 
21:22:43.257 [main] INFO  o.r.Reflections - [scan,232] - Reflections took 18 ms to scan 1 urls, producing 4 keys and 9 values 
21:22:43.275 [main] INFO  o.r.Reflections - [scan,232] - Reflections took 13 ms to scan 1 urls, producing 3 keys and 10 values 
21:22:43.463 [main] INFO  o.r.Reflections - [scan,232] - Reflections took 182 ms to scan 168 urls, producing 0 keys and 0 values 
21:22:43.475 [main] INFO  o.r.Reflections - [scan,232] - Reflections took 11 ms to scan 1 urls, producing 1 keys and 5 values 
21:22:43.501 [main] INFO  o.r.Reflections - [scan,232] - Reflections took 17 ms to scan 1 urls, producing 1 keys and 7 values 
21:22:43.516 [main] INFO  o.r.Reflections - [scan,232] - Reflections took 11 ms to scan 1 urls, producing 2 keys and 8 values 
21:22:43.696 [main] INFO  o.r.Reflections - [scan,232] - Reflections took 176 ms to scan 168 urls, producing 0 keys and 0 values 
21:22:43.701 [main] INFO  c.a.n.c.r.client - [printIfInfoEnabled,60] - [d7ede633-f4bd-4b4e-838b-52838988d966_config-0]RpcClient init label, labels={module=config, Vipserver-Tag=null, source=sdk, Amory-Tag=null, Location-Tag=null, taskId=0, AppName=unknown}
21:22:43.701 [main] INFO  c.a.n.c.r.client - [printIfInfoEnabled,60] - [d7ede633-f4bd-4b4e-838b-52838988d966_config-0]Register server push request handler:com.alibaba.nacos.client.config.impl.ClientWorker$ConfigRpcTransportClient$$Lambda$325/354268551
21:22:43.702 [main] INFO  c.a.n.c.r.client - [printIfInfoEnabled,60] - [d7ede633-f4bd-4b4e-838b-52838988d966_config-0]Register server push request handler:com.alibaba.nacos.client.config.impl.ClientWorker$ConfigRpcTransportClient$$Lambda$326/596299019
21:22:43.703 [main] INFO  c.a.n.c.r.client - [printIfInfoEnabled,60] - [d7ede633-f4bd-4b4e-838b-52838988d966_config-0]Registry connection listener to current client:com.alibaba.nacos.client.config.impl.ClientWorker$ConfigRpcTransportClient$1
21:22:43.703 [main] INFO  c.a.n.c.r.client - [printIfInfoEnabled,60] - [d7ede633-f4bd-4b4e-838b-52838988d966_config-0]RpcClient init, ServerListFactory =com.alibaba.nacos.client.config.impl.ClientWorker$ConfigRpcTransportClient$2
21:22:43.715 [main] INFO  c.a.n.c.r.client - [printIfInfoEnabled,60] - [d7ede633-f4bd-4b4e-838b-52838988d966_config-0] Try to connect to server on start up, server: {serverIp='192.168.145.130', server main port=2222}
21:22:46.184 [main] INFO  c.a.n.c.r.client - [printIfInfoEnabled,60] - [d7ede633-f4bd-4b4e-838b-52838988d966_config-0] Success to connect to server [192.168.145.130:2222] on start up,connectionId=1626816165243_172.18.0.1_52268
21:22:46.185 [com.alibaba.nacos.client.remote.worker] INFO  c.a.n.c.r.client - [printIfInfoEnabled,60] - [d7ede633-f4bd-4b4e-838b-52838988d966_config-0]Notify connected event to listeners.
21:22:46.185 [com.alibaba.nacos.client.remote.worker] INFO  c.a.n.c.c.i.ClientWorker - [onConnected,677] - [d7ede633-f4bd-4b4e-838b-52838988d966_config-0] Connected,notify listen context...
21:22:46.185 [main] INFO  c.a.n.c.r.client - [printIfInfoEnabled,60] - [d7ede633-f4bd-4b4e-838b-52838988d966_config-0]Register server push request handler:com.alibaba.nacos.common.remote.client.RpcClient$ConnectResetRequestHandler
21:22:46.185 [main] INFO  c.a.n.c.r.client - [printIfInfoEnabled,60] - [d7ede633-f4bd-4b4e-838b-52838988d966_config-0]Register server push request handler:com.alibaba.nacos.common.remote.client.RpcClient$4
21:22:46.237 [main] INFO  c.a.n.c.c.i.Limiter - [<clinit>,56] - limitTime:5.0
21:22:46.257 [main] INFO  c.a.n.c.c.u.JvmUtil - [<clinit>,53] - isMultiInstance:false
21:22:46.296 [main] INFO  c.m.a.MarsAuthApplication - [logStartupProfileInfo,663] - The following profiles are active: dev
21:22:48.467 [main] INFO  o.a.c.h.Http11NioProtocol - [log,173] - Initializing ProtocolHandler ["http-nio-9200"]
21:22:48.469 [main] INFO  o.a.c.c.StandardService - [log,173] - Starting service [Tomcat]
21:22:48.469 [main] INFO  o.a.c.c.StandardEngine - [log,173] - Starting Servlet engine: [Apache Tomcat/9.0.46]
21:22:48.609 [main] INFO  o.a.c.c.C.[.[.[/] - [log,173] - Initializing Spring embedded WebApplicationContext
21:22:49.743 [main] INFO  c.a.c.s.SentinelWebAutoConfiguration - [addInterceptors,80] - [Sentinel Starter] register SentinelWebInterceptor with urlPatterns: [/**].
21:22:50.665 [main] INFO  c.a.n.client.naming - [call,67] - initializer namespace from System Property :null
21:22:50.666 [main] INFO  c.a.n.client.naming - [call,76] - initializer namespace from System Environment :null
21:22:50.666 [main] INFO  c.a.n.client.naming - [call,86] - initializer namespace from System Property :null
21:22:50.847 [main] INFO  c.a.n.c.r.client - [lambda$createClient$0,77] - [RpcClientFactory] create a new rpc client of e771ad32-5c9c-42a8-afbf-c53b3f5fe1b0
21:22:50.848 [main] INFO  c.a.n.c.r.client - [printIfInfoEnabled,60] - [e771ad32-5c9c-42a8-afbf-c53b3f5fe1b0]RpcClient init label, labels={module=naming, source=sdk}
21:22:50.848 [main] INFO  c.a.n.c.r.client - [printIfInfoEnabled,60] - [e771ad32-5c9c-42a8-afbf-c53b3f5fe1b0]RpcClient init, ServerListFactory =com.alibaba.nacos.client.naming.core.ServerListManager
21:22:50.849 [main] INFO  c.a.n.c.r.client - [printIfInfoEnabled,60] - [e771ad32-5c9c-42a8-afbf-c53b3f5fe1b0] Try to connect to server on start up, server: {serverIp='192.168.145.130', server main port=2222}
21:22:50.965 [main] INFO  c.a.n.c.r.client - [printIfInfoEnabled,60] - [e771ad32-5c9c-42a8-afbf-c53b3f5fe1b0] Success to connect to server [192.168.145.130:2222] on start up,connectionId=1626816170173_172.18.0.1_47520
21:22:50.965 [main] INFO  c.a.n.c.r.client - [printIfInfoEnabled,60] - [e771ad32-5c9c-42a8-afbf-c53b3f5fe1b0]Register server push request handler:com.alibaba.nacos.common.remote.client.RpcClient$ConnectResetRequestHandler
21:22:50.965 [main] INFO  c.a.n.c.r.client - [printIfInfoEnabled,60] - [e771ad32-5c9c-42a8-afbf-c53b3f5fe1b0]Register server push request handler:com.alibaba.nacos.common.remote.client.RpcClient$4
21:22:50.966 [main] INFO  c.a.n.c.r.client - [printIfInfoEnabled,60] - [e771ad32-5c9c-42a8-afbf-c53b3f5fe1b0]Register server push request handler:com.alibaba.nacos.client.naming.remote.gprc.NamingPushRequestHandler
21:22:50.967 [main] INFO  c.a.n.c.r.client - [printIfInfoEnabled,60] - [e771ad32-5c9c-42a8-afbf-c53b3f5fe1b0]Registry connection listener to current client:com.alibaba.nacos.client.naming.remote.gprc.NamingGrpcConnectionEventListener
21:22:52.257 [main] INFO  c.a.n.client.naming - [isChangedServiceInfo,181] - init new ips(0) service: DEFAULT_GROUP@@mars-auth@@DEFAULT -> []
21:22:52.268 [main] INFO  c.a.n.client.naming - [processServiceInfo,166] - current ips:(0) service: DEFAULT_GROUP@@mars-auth@@DEFAULT -> []
21:22:52.278 [main] INFO  o.a.c.h.Http11NioProtocol - [log,173] - Starting ProtocolHandler ["http-nio-9200"]
21:22:52.299 [main] INFO  c.a.n.client.naming - [registerService,111] - [REGISTER-SERVICE] public registering service mars-auth with instance Instance{instanceId='null', ip='192.168.138.1', port=9200, weight=1.0, healthy=true, enabled=true, ephemeral=true, clusterName='DEFAULT', serviceName='null', metadata={preserved.register.source=SPRING_CLOUD}}
21:22:52.318 [main] INFO  c.a.c.n.r.NacosServiceRegistry - [register,75] - nacos registry, DEFAULT_GROUP mars-auth 192.168.138.1:9200 register finished
21:22:52.840 [nacos-grpc-client-executor-6] INFO  c.a.n.c.r.client - [printIfInfoEnabled,60] - [e771ad32-5c9c-42a8-afbf-c53b3f5fe1b0]receive server push request,request=NotifySubscriberRequest,requestId=1
21:22:52.845 [nacos-grpc-client-executor-6] INFO  c.a.n.client.naming - [isChangedServiceInfo,181] - init new ips(1) service: DEFAULT_GROUP@@mars-auth -> [{"ip":"192.168.138.1","port":9200,"weight":1.0,"healthy":true,"enabled":true,"ephemeral":true,"clusterName":"DEFAULT","serviceName":"DEFAULT_GROUP@@mars-auth","metadata":{"preserved.register.source":"SPRING_CLOUD"},"ipDeleteTimeout":30000,"instanceHeartBeatTimeOut":15000,"instanceHeartBeatInterval":5000}]
21:22:52.847 [nacos-grpc-client-executor-6] INFO  c.a.n.client.naming - [processServiceInfo,166] - current ips:(1) service: DEFAULT_GROUP@@mars-auth -> [{"ip":"192.168.138.1","port":9200,"weight":1.0,"healthy":true,"enabled":true,"ephemeral":true,"clusterName":"DEFAULT","serviceName":"DEFAULT_GROUP@@mars-auth","metadata":{"preserved.register.source":"SPRING_CLOUD"},"ipDeleteTimeout":30000,"instanceHeartBeatTimeOut":15000,"instanceHeartBeatInterval":5000}]
21:22:52.851 [nacos-grpc-client-executor-6] INFO  c.a.n.c.r.client - [printIfInfoEnabled,60] - [e771ad32-5c9c-42a8-afbf-c53b3f5fe1b0]ack server push request,request=NotifySubscriberRequest,requestId=1
21:22:53.077 [main] INFO  c.m.a.MarsAuthApplication - [logStarted,61] - Started MarsAuthApplication in 12.869 seconds (JVM running for 15.084)
21:22:53.087 [main] INFO  c.a.n.c.c.i.ClientWorker - [addCacheDataIfAbsent,384] - [config_rpc_client] [subscribe] mars-auth.yml+DEFAULT_GROUP
21:22:53.088 [main] INFO  c.a.n.c.c.i.CacheData - [addListener,169] - [config_rpc_client] [add-listener] ok, tenant=, dataId=mars-auth.yml, group=DEFAULT_GROUP, cnt=1
21:22:53.098 [main] INFO  c.a.n.c.c.i.ClientWorker - [addCacheDataIfAbsent,384] - [config_rpc_client] [subscribe] mars-auth-dev.yml+DEFAULT_GROUP
21:22:53.099 [main] INFO  c.a.n.c.c.i.CacheData - [addListener,169] - [config_rpc_client] [add-listener] ok, tenant=, dataId=mars-auth-dev.yml, group=DEFAULT_GROUP, cnt=1
21:22:53.100 [main] INFO  c.a.n.c.c.i.ClientWorker - [addCacheDataIfAbsent,384] - [config_rpc_client] [subscribe] mars-auth+DEFAULT_GROUP
21:22:53.100 [main] INFO  c.a.n.c.c.i.CacheData - [addListener,169] - [config_rpc_client] [add-listener] ok, tenant=, dataId=mars-auth, group=DEFAULT_GROUP, cnt=1
21:22:53.270 [com.alibaba.nacos.client.naming.updater.0] INFO  c.a.n.client.naming - [isChangedServiceInfo,235] - new ips(1) service: DEFAULT_GROUP@@mars-auth@@DEFAULT -> [{"ip":"192.168.138.1","port":9200,"weight":1.0,"healthy":true,"enabled":true,"ephemeral":true,"clusterName":"DEFAULT","serviceName":"DEFAULT_GROUP@@mars-auth","metadata":{"preserved.register.source":"SPRING_CLOUD"},"ipDeleteTimeout":30000,"instanceHeartBeatTimeOut":15000,"instanceHeartBeatInterval":5000}]
21:22:53.271 [com.alibaba.nacos.client.naming.updater.0] INFO  c.a.n.client.naming - [processServiceInfo,166] - current ips:(1) service: DEFAULT_GROUP@@mars-auth@@DEFAULT -> [{"ip":"192.168.138.1","port":9200,"weight":1.0,"healthy":true,"enabled":true,"ephemeral":true,"clusterName":"DEFAULT","serviceName":"DEFAULT_GROUP@@mars-auth","metadata":{"preserved.register.source":"SPRING_CLOUD"},"ipDeleteTimeout":30000,"instanceHeartBeatTimeOut":15000,"instanceHeartBeatInterval":5000}]
21:36:52.020 [http-nio-9200-exec-1] INFO  o.a.c.c.C.[.[.[/] - [log,173] - Initializing Spring DispatcherServlet 'dispatcherServlet'
21:36:52.309 [boundedElastic-1] INFO  c.a.n.client.naming - [isChangedServiceInfo,181] - init new ips(0) service: DEFAULT_GROUP@@ruoyi-system -> []
21:36:52.309 [boundedElastic-1] INFO  c.a.n.client.naming - [processServiceInfo,166] - current ips:(0) service: DEFAULT_GROUP@@ruoyi-system -> []
21:36:52.909 [nacos-grpc-client-executor-181] INFO  c.a.n.c.r.client - [printIfInfoEnabled,60] - [e771ad32-5c9c-42a8-afbf-c53b3f5fe1b0]receive server push request,request=NotifySubscriberRequest,requestId=2
21:36:52.910 [nacos-grpc-client-executor-181] INFO  c.a.n.c.r.client - [printIfInfoEnabled,60] - [e771ad32-5c9c-42a8-afbf-c53b3f5fe1b0]ack server push request,request=NotifySubscriberRequest,requestId=2
21:41:42.194 [SpringApplicationShutdownHook] INFO  c.a.c.n.r.NacosServiceRegistry - [deregister,90] - De-registering from Nacos Server now...
21:41:42.194 [SpringApplicationShutdownHook] INFO  c.a.n.client.naming - [deregisterService,122] - [DEREGISTER-SERVICE] public deregistering service mars-auth with instance: Instance{instanceId='null', ip='192.168.138.1', port=9200, weight=1.0, healthy=true, enabled=true, ephemeral=true, clusterName='DEFAULT', serviceName='null', metadata={}}
21:41:42.202 [SpringApplicationShutdownHook] INFO  c.a.c.n.r.NacosServiceRegistry - [deregister,110] - De-registration finished.
21:41:42.203 [SpringApplicationShutdownHook] INFO  c.a.n.client.naming - [shutdown,256] - com.alibaba.nacos.client.naming.cache.ServiceInfoHolder do shutdown begin
21:41:42.203 [SpringApplicationShutdownHook] INFO  c.a.n.client.naming - [shutdown,140] - com.alibaba.nacos.client.naming.backups.FailoverReactor do shutdown begin
21:41:42.204 [SpringApplicationShutdownHook] INFO  c.a.n.client.naming - [shutdown,142] - com.alibaba.nacos.client.naming.backups.FailoverReactor do shutdown stop
21:41:42.204 [SpringApplicationShutdownHook] INFO  c.a.n.client.naming - [shutdown,258] - com.alibaba.nacos.client.naming.cache.ServiceInfoHolder do shutdown stop
21:41:42.204 [SpringApplicationShutdownHook] INFO  c.a.n.client.naming - [shutdown,176] - com.alibaba.nacos.client.naming.remote.NamingClientProxyDelegate do shutdown begin
21:41:42.205 [SpringApplicationShutdownHook] INFO  c.a.n.client.naming - [shutdown,130] - com.alibaba.nacos.client.naming.core.ServiceInfoUpdateService do shutdown begin
21:41:42.507 [SpringApplicationShutdownHook] INFO  c.a.n.client.naming - [shutdown,132] - com.alibaba.nacos.client.naming.core.ServiceInfoUpdateService do shutdown stop
21:41:42.507 [SpringApplicationShutdownHook] INFO  c.a.n.client.naming - [shutdown,188] - com.alibaba.nacos.client.naming.core.ServerListManager do shutdown begin
21:41:42.508 [SpringApplicationShutdownHook] INFO  c.a.n.client.naming - [shutdown,193] - com.alibaba.nacos.client.naming.core.ServerListManager do shutdown stop
21:41:42.508 [SpringApplicationShutdownHook] INFO  c.a.n.client.naming - [shutdown,519] - com.alibaba.nacos.client.naming.remote.http.NamingHttpClientProxy do shutdown begin
21:41:42.508 [SpringApplicationShutdownHook] INFO  c.a.n.client.naming - [shutdown,162] - com.alibaba.nacos.client.naming.beat.BeatReactor do shutdown begin
21:41:42.509 [SpringApplicationShutdownHook] INFO  c.a.n.client.naming - [shutdown,164] - com.alibaba.nacos.client.naming.beat.BeatReactor do shutdown stop
21:41:42.509 [SpringApplicationShutdownHook] INFO  c.a.n.c.i.CredentialWatcher - [stop,105] - [null] CredentialWatcher is stopped
21:41:42.509 [SpringApplicationShutdownHook] INFO  c.a.n.c.i.CredentialService - [free,99] - [null] CredentialService is freed
21:41:42.509 [SpringApplicationShutdownHook] INFO  c.a.n.client.naming - [shutdown,523] - com.alibaba.nacos.client.naming.remote.http.NamingHttpClientProxy do shutdown stop
21:41:42.510 [SpringApplicationShutdownHook] INFO  c.a.n.c.r.client - [shutdown,462] - Shutdown rpc client ,set status to shutdown
21:41:42.510 [SpringApplicationShutdownHook] INFO  c.a.n.c.r.client - [shutdown,464] - Shutdown  client event executor java.util.concurrent.ScheduledThreadPoolExecutor@5d4e8005[Running, pool size = 2, active threads = 2, queued tasks = 0, completed tasks = 0]
21:41:42.510 [SpringApplicationShutdownHook] INFO  c.a.n.c.r.client - [shutdown,466] - Close current connection 1626816170173_172.18.0.1_47520
21:41:42.514 [nacos-grpc-client-executor-248] INFO  c.a.n.c.r.c.g.GrpcClient - [printIfInfoEnabled,60] - [1626816170173_172.18.0.1_47520]Ignore complete event,isRunning:false,isAbandon=false
21:41:42.517 [SpringApplicationShutdownHook] INFO  c.a.n.c.r.c.g.GrpcClient - [shutdown,83] - Shutdown grpc executor java.util.concurrent.ThreadPoolExecutor@1265782a[Running, pool size = 5, active threads = 0, queued tasks = 0, completed tasks = 249]
21:41:42.517 [SpringApplicationShutdownHook] INFO  c.a.n.client.naming - [shutdown,182] - com.alibaba.nacos.client.naming.remote.NamingClientProxyDelegate do shutdown stop
