22:00:30.074 [background-preinit] INFO  o.h.v.i.util.Version - [<clinit>,21] - HV000001: Hibernate Validator 6.2.0.Final
22:00:31.186 [main] INFO  c.a.n.c.c.i.LocalConfigInfoProcessor - [<clinit>,67] - LOCAL_SNAPSHOT_PATH:C:\Users\86186\nacos\config
22:00:31.190 [main] INFO  c.a.n.c.r.client - [lambda$createClient$0,77] - [RpcClientFactory] create a new rpc client of 031138c6-9189-4aa4-afa9-7071e04ec71a_config-0
22:00:31.235 [main] INFO  o.r.Reflections - [scan,232] - Reflections took 28 ms to scan 1 urls, producing 3 keys and 6 values 
22:00:31.264 [main] INFO  o.r.Reflections - [scan,232] - Reflections took 14 ms to scan 1 urls, producing 4 keys and 9 values 
22:00:31.280 [main] INFO  o.r.Reflections - [scan,232] - Reflections took 14 ms to scan 1 urls, producing 3 keys and 10 values 
22:00:31.472 [main] INFO  o.r.Reflections - [scan,232] - Reflections took 184 ms to scan 199 urls, producing 0 keys and 0 values 
22:00:31.483 [main] INFO  o.r.Reflections - [scan,232] - Reflections took 10 ms to scan 1 urls, producing 1 keys and 5 values 
22:00:31.496 [main] INFO  o.r.Reflections - [scan,232] - Reflections took 11 ms to scan 1 urls, producing 1 keys and 7 values 
22:00:31.509 [main] INFO  o.r.Reflections - [scan,232] - Reflections took 11 ms to scan 1 urls, producing 2 keys and 8 values 
22:00:31.660 [main] INFO  o.r.Reflections - [scan,232] - Reflections took 149 ms to scan 199 urls, producing 0 keys and 0 values 
22:00:31.663 [main] INFO  c.a.n.c.r.client - [printIfInfoEnabled,60] - [031138c6-9189-4aa4-afa9-7071e04ec71a_config-0]RpcClient init label, labels={module=config, Vipserver-Tag=null, source=sdk, Amory-Tag=null, Location-Tag=null, taskId=0, AppName=unknown}
22:00:31.664 [main] INFO  c.a.n.c.r.client - [printIfInfoEnabled,60] - [031138c6-9189-4aa4-afa9-7071e04ec71a_config-0]Register server push request handler:com.alibaba.nacos.client.config.impl.ClientWorker$ConfigRpcTransportClient$$Lambda$326/693275170
22:00:31.664 [main] INFO  c.a.n.c.r.client - [printIfInfoEnabled,60] - [031138c6-9189-4aa4-afa9-7071e04ec71a_config-0]Register server push request handler:com.alibaba.nacos.client.config.impl.ClientWorker$ConfigRpcTransportClient$$Lambda$327/2124448375
22:00:31.665 [main] INFO  c.a.n.c.r.client - [printIfInfoEnabled,60] - [031138c6-9189-4aa4-afa9-7071e04ec71a_config-0]Registry connection listener to current client:com.alibaba.nacos.client.config.impl.ClientWorker$ConfigRpcTransportClient$1
22:00:31.665 [main] INFO  c.a.n.c.r.client - [printIfInfoEnabled,60] - [031138c6-9189-4aa4-afa9-7071e04ec71a_config-0]RpcClient init, ServerListFactory =com.alibaba.nacos.client.config.impl.ClientWorker$ConfigRpcTransportClient$2
22:00:31.674 [main] INFO  c.a.n.c.r.client - [printIfInfoEnabled,60] - [031138c6-9189-4aa4-afa9-7071e04ec71a_config-0] Try to connect to server on start up, server: {serverIp='192.168.145.130', server main port=2222}
22:00:33.731 [main] INFO  c.a.n.c.r.client - [printIfInfoEnabled,60] - [031138c6-9189-4aa4-afa9-7071e04ec71a_config-0] Success to connect to server [192.168.145.130:2222] on start up,connectionId=1626127232827_172.18.0.1_55440
22:00:33.732 [com.alibaba.nacos.client.remote.worker] INFO  c.a.n.c.r.client - [printIfInfoEnabled,60] - [031138c6-9189-4aa4-afa9-7071e04ec71a_config-0]Notify connected event to listeners.
22:00:33.733 [com.alibaba.nacos.client.remote.worker] INFO  c.a.n.c.c.i.ClientWorker - [onConnected,677] - [031138c6-9189-4aa4-afa9-7071e04ec71a_config-0] Connected,notify listen context...
22:00:33.733 [main] INFO  c.a.n.c.r.client - [printIfInfoEnabled,60] - [031138c6-9189-4aa4-afa9-7071e04ec71a_config-0]Register server push request handler:com.alibaba.nacos.common.remote.client.RpcClient$ConnectResetRequestHandler
22:00:33.734 [main] INFO  c.a.n.c.r.client - [printIfInfoEnabled,60] - [031138c6-9189-4aa4-afa9-7071e04ec71a_config-0]Register server push request handler:com.alibaba.nacos.common.remote.client.RpcClient$4
22:00:33.784 [main] INFO  c.a.n.c.c.i.Limiter - [<clinit>,56] - limitTime:5.0
22:00:33.865 [main] INFO  c.a.n.c.c.u.JvmUtil - [<clinit>,53] - isMultiInstance:false
22:00:33.907 [main] INFO  c.m.c.MarsGatewayApplication - [logStartupProfileInfo,663] - The following profiles are active: dev
22:02:11.621 [background-preinit] INFO  o.h.v.i.util.Version - [<clinit>,21] - HV000001: Hibernate Validator 6.2.0.Final
22:02:12.771 [main] INFO  c.a.n.c.c.i.LocalConfigInfoProcessor - [<clinit>,67] - LOCAL_SNAPSHOT_PATH:C:\Users\86186\nacos\config
22:02:12.775 [main] INFO  c.a.n.c.r.client - [lambda$createClient$0,77] - [RpcClientFactory] create a new rpc client of 051b02a8-d2b4-40a2-a46f-4e6cbb43d0e6_config-0
22:02:12.819 [main] INFO  o.r.Reflections - [scan,232] - Reflections took 29 ms to scan 1 urls, producing 3 keys and 6 values 
22:02:12.848 [main] INFO  o.r.Reflections - [scan,232] - Reflections took 13 ms to scan 1 urls, producing 4 keys and 9 values 
22:02:12.864 [main] INFO  o.r.Reflections - [scan,232] - Reflections took 13 ms to scan 1 urls, producing 3 keys and 10 values 
22:02:13.021 [main] INFO  o.r.Reflections - [scan,232] - Reflections took 155 ms to scan 199 urls, producing 0 keys and 0 values 
22:02:13.032 [main] INFO  o.r.Reflections - [scan,232] - Reflections took 11 ms to scan 1 urls, producing 1 keys and 5 values 
22:02:13.046 [main] INFO  o.r.Reflections - [scan,232] - Reflections took 13 ms to scan 1 urls, producing 1 keys and 7 values 
22:02:13.059 [main] INFO  o.r.Reflections - [scan,232] - Reflections took 10 ms to scan 1 urls, producing 2 keys and 8 values 
22:02:13.205 [main] INFO  o.r.Reflections - [scan,232] - Reflections took 143 ms to scan 199 urls, producing 0 keys and 0 values 
22:02:13.206 [main] INFO  c.a.n.c.r.client - [printIfInfoEnabled,60] - [051b02a8-d2b4-40a2-a46f-4e6cbb43d0e6_config-0]RpcClient init label, labels={module=config, Vipserver-Tag=null, source=sdk, Amory-Tag=null, Location-Tag=null, taskId=0, AppName=unknown}
22:02:13.207 [main] INFO  c.a.n.c.r.client - [printIfInfoEnabled,60] - [051b02a8-d2b4-40a2-a46f-4e6cbb43d0e6_config-0]Register server push request handler:com.alibaba.nacos.client.config.impl.ClientWorker$ConfigRpcTransportClient$$Lambda$326/1487287849
22:02:13.207 [main] INFO  c.a.n.c.r.client - [printIfInfoEnabled,60] - [051b02a8-d2b4-40a2-a46f-4e6cbb43d0e6_config-0]Register server push request handler:com.alibaba.nacos.client.config.impl.ClientWorker$ConfigRpcTransportClient$$Lambda$327/2112373743
22:02:13.207 [main] INFO  c.a.n.c.r.client - [printIfInfoEnabled,60] - [051b02a8-d2b4-40a2-a46f-4e6cbb43d0e6_config-0]Registry connection listener to current client:com.alibaba.nacos.client.config.impl.ClientWorker$ConfigRpcTransportClient$1
22:02:13.208 [main] INFO  c.a.n.c.r.client - [printIfInfoEnabled,60] - [051b02a8-d2b4-40a2-a46f-4e6cbb43d0e6_config-0]RpcClient init, ServerListFactory =com.alibaba.nacos.client.config.impl.ClientWorker$ConfigRpcTransportClient$2
22:02:13.217 [main] INFO  c.a.n.c.r.client - [printIfInfoEnabled,60] - [051b02a8-d2b4-40a2-a46f-4e6cbb43d0e6_config-0] Try to connect to server on start up, server: {serverIp='192.168.145.130', server main port=2222}
22:02:15.299 [main] INFO  c.a.n.c.r.client - [printIfInfoEnabled,60] - [051b02a8-d2b4-40a2-a46f-4e6cbb43d0e6_config-0] Success to connect to server [192.168.145.130:2222] on start up,connectionId=1626127334386_172.18.0.1_49170
22:02:15.300 [com.alibaba.nacos.client.remote.worker] INFO  c.a.n.c.r.client - [printIfInfoEnabled,60] - [051b02a8-d2b4-40a2-a46f-4e6cbb43d0e6_config-0]Notify connected event to listeners.
22:02:15.301 [main] INFO  c.a.n.c.r.client - [printIfInfoEnabled,60] - [051b02a8-d2b4-40a2-a46f-4e6cbb43d0e6_config-0]Register server push request handler:com.alibaba.nacos.common.remote.client.RpcClient$ConnectResetRequestHandler
22:02:15.301 [com.alibaba.nacos.client.remote.worker] INFO  c.a.n.c.c.i.ClientWorker - [onConnected,677] - [051b02a8-d2b4-40a2-a46f-4e6cbb43d0e6_config-0] Connected,notify listen context...
22:02:15.302 [main] INFO  c.a.n.c.r.client - [printIfInfoEnabled,60] - [051b02a8-d2b4-40a2-a46f-4e6cbb43d0e6_config-0]Register server push request handler:com.alibaba.nacos.common.remote.client.RpcClient$4
22:02:15.361 [main] INFO  c.a.n.c.c.i.Limiter - [<clinit>,56] - limitTime:5.0
22:02:15.428 [main] INFO  c.a.n.c.c.u.JvmUtil - [<clinit>,53] - isMultiInstance:false
22:02:15.470 [main] INFO  c.m.c.MarsGatewayApplication - [logStartupProfileInfo,663] - The following profiles are active: dev
22:06:39.054 [background-preinit] INFO  o.h.v.i.util.Version - [<clinit>,21] - HV000001: Hibernate Validator 6.2.0.Final
22:06:40.161 [main] INFO  c.a.n.c.c.i.LocalConfigInfoProcessor - [<clinit>,67] - LOCAL_SNAPSHOT_PATH:C:\Users\86186\nacos\config
22:06:40.165 [main] INFO  c.a.n.c.r.client - [lambda$createClient$0,77] - [RpcClientFactory] create a new rpc client of a737cf83-3675-42e5-8633-22b28bfeafeb_config-0
22:06:40.212 [main] INFO  o.r.Reflections - [scan,232] - Reflections took 28 ms to scan 1 urls, producing 3 keys and 6 values 
22:06:40.240 [main] INFO  o.r.Reflections - [scan,232] - Reflections took 13 ms to scan 1 urls, producing 4 keys and 9 values 
22:06:40.255 [main] INFO  o.r.Reflections - [scan,232] - Reflections took 12 ms to scan 1 urls, producing 3 keys and 10 values 
22:06:40.413 [main] INFO  o.r.Reflections - [scan,232] - Reflections took 155 ms to scan 199 urls, producing 0 keys and 0 values 
22:06:40.425 [main] INFO  o.r.Reflections - [scan,232] - Reflections took 11 ms to scan 1 urls, producing 1 keys and 5 values 
22:06:40.440 [main] INFO  o.r.Reflections - [scan,232] - Reflections took 13 ms to scan 1 urls, producing 1 keys and 7 values 
22:06:40.453 [main] INFO  o.r.Reflections - [scan,232] - Reflections took 11 ms to scan 1 urls, producing 2 keys and 8 values 
22:06:40.598 [main] INFO  o.r.Reflections - [scan,232] - Reflections took 142 ms to scan 199 urls, producing 0 keys and 0 values 
22:06:40.601 [main] INFO  c.a.n.c.r.client - [printIfInfoEnabled,60] - [a737cf83-3675-42e5-8633-22b28bfeafeb_config-0]RpcClient init label, labels={module=config, Vipserver-Tag=null, source=sdk, Amory-Tag=null, Location-Tag=null, taskId=0, AppName=unknown}
22:06:40.601 [main] INFO  c.a.n.c.r.client - [printIfInfoEnabled,60] - [a737cf83-3675-42e5-8633-22b28bfeafeb_config-0]Register server push request handler:com.alibaba.nacos.client.config.impl.ClientWorker$ConfigRpcTransportClient$$Lambda$326/2112373743
22:06:40.602 [main] INFO  c.a.n.c.r.client - [printIfInfoEnabled,60] - [a737cf83-3675-42e5-8633-22b28bfeafeb_config-0]Register server push request handler:com.alibaba.nacos.client.config.impl.ClientWorker$ConfigRpcTransportClient$$Lambda$327/773518491
22:06:40.602 [main] INFO  c.a.n.c.r.client - [printIfInfoEnabled,60] - [a737cf83-3675-42e5-8633-22b28bfeafeb_config-0]Registry connection listener to current client:com.alibaba.nacos.client.config.impl.ClientWorker$ConfigRpcTransportClient$1
22:06:40.603 [main] INFO  c.a.n.c.r.client - [printIfInfoEnabled,60] - [a737cf83-3675-42e5-8633-22b28bfeafeb_config-0]RpcClient init, ServerListFactory =com.alibaba.nacos.client.config.impl.ClientWorker$ConfigRpcTransportClient$2
22:06:40.612 [main] INFO  c.a.n.c.r.client - [printIfInfoEnabled,60] - [a737cf83-3675-42e5-8633-22b28bfeafeb_config-0] Try to connect to server on start up, server: {serverIp='192.168.145.130', server main port=2222}
22:06:42.825 [main] INFO  c.a.n.c.r.client - [printIfInfoEnabled,60] - [a737cf83-3675-42e5-8633-22b28bfeafeb_config-0] Success to connect to server [192.168.145.130:2222] on start up,connectionId=1626127601786_172.18.0.1_43040
22:06:42.827 [com.alibaba.nacos.client.remote.worker] INFO  c.a.n.c.r.client - [printIfInfoEnabled,60] - [a737cf83-3675-42e5-8633-22b28bfeafeb_config-0]Notify connected event to listeners.
22:06:42.827 [com.alibaba.nacos.client.remote.worker] INFO  c.a.n.c.c.i.ClientWorker - [onConnected,677] - [a737cf83-3675-42e5-8633-22b28bfeafeb_config-0] Connected,notify listen context...
22:06:42.827 [main] INFO  c.a.n.c.r.client - [printIfInfoEnabled,60] - [a737cf83-3675-42e5-8633-22b28bfeafeb_config-0]Register server push request handler:com.alibaba.nacos.common.remote.client.RpcClient$ConnectResetRequestHandler
22:06:42.829 [main] INFO  c.a.n.c.r.client - [printIfInfoEnabled,60] - [a737cf83-3675-42e5-8633-22b28bfeafeb_config-0]Register server push request handler:com.alibaba.nacos.common.remote.client.RpcClient$4
22:06:42.989 [main] INFO  c.a.n.c.c.i.Limiter - [<clinit>,56] - limitTime:5.0
22:06:43.247 [main] INFO  c.a.n.c.c.u.JvmUtil - [<clinit>,53] - isMultiInstance:false
22:06:43.385 [main] INFO  c.m.c.MarsGatewayApplication - [logStartupProfileInfo,663] - The following profiles are active: dev
22:07:12.040 [background-preinit] INFO  o.h.v.i.util.Version - [<clinit>,21] - HV000001: Hibernate Validator 6.2.0.Final
22:07:13.286 [main] INFO  c.a.n.c.c.i.LocalConfigInfoProcessor - [<clinit>,67] - LOCAL_SNAPSHOT_PATH:C:\Users\86186\nacos\config
22:07:13.289 [main] INFO  c.a.n.c.r.client - [lambda$createClient$0,77] - [RpcClientFactory] create a new rpc client of 25284e46-2957-42ec-986c-3bf37977cc9e_config-0
22:07:13.339 [main] INFO  o.r.Reflections - [scan,232] - Reflections took 31 ms to scan 1 urls, producing 3 keys and 6 values 
22:07:13.369 [main] INFO  o.r.Reflections - [scan,232] - Reflections took 15 ms to scan 1 urls, producing 4 keys and 9 values 
22:07:13.384 [main] INFO  o.r.Reflections - [scan,232] - Reflections took 13 ms to scan 1 urls, producing 3 keys and 10 values 
22:07:13.552 [main] INFO  o.r.Reflections - [scan,232] - Reflections took 164 ms to scan 199 urls, producing 0 keys and 0 values 
22:07:13.565 [main] INFO  o.r.Reflections - [scan,232] - Reflections took 13 ms to scan 1 urls, producing 1 keys and 5 values 
22:07:13.583 [main] INFO  o.r.Reflections - [scan,232] - Reflections took 16 ms to scan 1 urls, producing 1 keys and 7 values 
22:07:13.595 [main] INFO  o.r.Reflections - [scan,232] - Reflections took 10 ms to scan 1 urls, producing 2 keys and 8 values 
22:07:13.774 [main] INFO  o.r.Reflections - [scan,232] - Reflections took 177 ms to scan 199 urls, producing 0 keys and 0 values 
22:07:13.777 [main] INFO  c.a.n.c.r.client - [printIfInfoEnabled,60] - [25284e46-2957-42ec-986c-3bf37977cc9e_config-0]RpcClient init label, labels={module=config, Vipserver-Tag=null, source=sdk, Amory-Tag=null, Location-Tag=null, taskId=0, AppName=unknown}
22:07:13.779 [main] INFO  c.a.n.c.r.client - [printIfInfoEnabled,60] - [25284e46-2957-42ec-986c-3bf37977cc9e_config-0]Register server push request handler:com.alibaba.nacos.client.config.impl.ClientWorker$ConfigRpcTransportClient$$Lambda$326/814753967
22:07:13.781 [main] INFO  c.a.n.c.r.client - [printIfInfoEnabled,60] - [25284e46-2957-42ec-986c-3bf37977cc9e_config-0]Register server push request handler:com.alibaba.nacos.client.config.impl.ClientWorker$ConfigRpcTransportClient$$Lambda$327/1917607102
22:07:13.782 [main] INFO  c.a.n.c.r.client - [printIfInfoEnabled,60] - [25284e46-2957-42ec-986c-3bf37977cc9e_config-0]Registry connection listener to current client:com.alibaba.nacos.client.config.impl.ClientWorker$ConfigRpcTransportClient$1
22:07:13.784 [main] INFO  c.a.n.c.r.client - [printIfInfoEnabled,60] - [25284e46-2957-42ec-986c-3bf37977cc9e_config-0]RpcClient init, ServerListFactory =com.alibaba.nacos.client.config.impl.ClientWorker$ConfigRpcTransportClient$2
22:07:13.795 [main] INFO  c.a.n.c.r.client - [printIfInfoEnabled,60] - [25284e46-2957-42ec-986c-3bf37977cc9e_config-0] Try to connect to server on start up, server: {serverIp='192.168.145.130', server main port=2222}
22:07:16.213 [main] INFO  c.a.n.c.r.client - [printIfInfoEnabled,60] - [25284e46-2957-42ec-986c-3bf37977cc9e_config-0] Success to connect to server [192.168.145.130:2222] on start up,connectionId=1626127635235_172.18.0.1_55464
22:07:16.214 [com.alibaba.nacos.client.remote.worker] INFO  c.a.n.c.r.client - [printIfInfoEnabled,60] - [25284e46-2957-42ec-986c-3bf37977cc9e_config-0]Notify connected event to listeners.
22:07:16.214 [main] INFO  c.a.n.c.r.client - [printIfInfoEnabled,60] - [25284e46-2957-42ec-986c-3bf37977cc9e_config-0]Register server push request handler:com.alibaba.nacos.common.remote.client.RpcClient$ConnectResetRequestHandler
22:07:16.214 [com.alibaba.nacos.client.remote.worker] INFO  c.a.n.c.c.i.ClientWorker - [onConnected,677] - [25284e46-2957-42ec-986c-3bf37977cc9e_config-0] Connected,notify listen context...
22:07:16.215 [main] INFO  c.a.n.c.r.client - [printIfInfoEnabled,60] - [25284e46-2957-42ec-986c-3bf37977cc9e_config-0]Register server push request handler:com.alibaba.nacos.common.remote.client.RpcClient$4
22:07:16.258 [main] INFO  c.a.n.c.c.i.Limiter - [<clinit>,56] - limitTime:5.0
22:07:16.278 [main] INFO  c.a.n.c.c.u.JvmUtil - [<clinit>,53] - isMultiInstance:false
22:07:16.309 [main] INFO  c.m.c.MarsGatewayApplication - [logStartupProfileInfo,663] - The following profiles are active: dev
22:16:13.520 [background-preinit] INFO  o.h.v.i.util.Version - [<clinit>,21] - HV000001: Hibernate Validator 6.2.0.Final
22:16:14.617 [main] INFO  c.a.n.c.c.i.LocalConfigInfoProcessor - [<clinit>,67] - LOCAL_SNAPSHOT_PATH:C:\Users\86186\nacos\config
22:16:14.620 [main] INFO  c.a.n.c.r.client - [lambda$createClient$0,77] - [RpcClientFactory] create a new rpc client of 446f71fd-d29d-4980-8afb-c8c39b01a554_config-0
22:16:14.665 [main] INFO  o.r.Reflections - [scan,232] - Reflections took 28 ms to scan 1 urls, producing 3 keys and 6 values 
22:16:14.694 [main] INFO  o.r.Reflections - [scan,232] - Reflections took 14 ms to scan 1 urls, producing 4 keys and 9 values 
22:16:14.709 [main] INFO  o.r.Reflections - [scan,232] - Reflections took 12 ms to scan 1 urls, producing 3 keys and 10 values 
22:16:14.865 [main] INFO  o.r.Reflections - [scan,232] - Reflections took 153 ms to scan 199 urls, producing 0 keys and 0 values 
22:16:14.876 [main] INFO  o.r.Reflections - [scan,232] - Reflections took 10 ms to scan 1 urls, producing 1 keys and 5 values 
22:16:14.892 [main] INFO  o.r.Reflections - [scan,232] - Reflections took 14 ms to scan 1 urls, producing 1 keys and 7 values 
22:16:14.905 [main] INFO  o.r.Reflections - [scan,232] - Reflections took 10 ms to scan 1 urls, producing 2 keys and 8 values 
22:16:15.046 [main] INFO  o.r.Reflections - [scan,232] - Reflections took 138 ms to scan 199 urls, producing 0 keys and 0 values 
22:16:15.049 [main] INFO  c.a.n.c.r.client - [printIfInfoEnabled,60] - [446f71fd-d29d-4980-8afb-c8c39b01a554_config-0]RpcClient init label, labels={module=config, Vipserver-Tag=null, source=sdk, Amory-Tag=null, Location-Tag=null, taskId=0, AppName=unknown}
22:16:15.050 [main] INFO  c.a.n.c.r.client - [printIfInfoEnabled,60] - [446f71fd-d29d-4980-8afb-c8c39b01a554_config-0]Register server push request handler:com.alibaba.nacos.client.config.impl.ClientWorker$ConfigRpcTransportClient$$Lambda$326/1682031750
22:16:15.050 [main] INFO  c.a.n.c.r.client - [printIfInfoEnabled,60] - [446f71fd-d29d-4980-8afb-c8c39b01a554_config-0]Register server push request handler:com.alibaba.nacos.client.config.impl.ClientWorker$ConfigRpcTransportClient$$Lambda$327/137659163
22:16:15.051 [main] INFO  c.a.n.c.r.client - [printIfInfoEnabled,60] - [446f71fd-d29d-4980-8afb-c8c39b01a554_config-0]Registry connection listener to current client:com.alibaba.nacos.client.config.impl.ClientWorker$ConfigRpcTransportClient$1
22:16:15.052 [main] INFO  c.a.n.c.r.client - [printIfInfoEnabled,60] - [446f71fd-d29d-4980-8afb-c8c39b01a554_config-0]RpcClient init, ServerListFactory =com.alibaba.nacos.client.config.impl.ClientWorker$ConfigRpcTransportClient$2
22:16:15.060 [main] INFO  c.a.n.c.r.client - [printIfInfoEnabled,60] - [446f71fd-d29d-4980-8afb-c8c39b01a554_config-0] Try to connect to server on start up, server: {serverIp='192.168.145.130', server main port=2222}
22:16:17.107 [main] INFO  c.a.n.c.r.client - [printIfInfoEnabled,60] - [446f71fd-d29d-4980-8afb-c8c39b01a554_config-0] Success to connect to server [192.168.145.130:2222] on start up,connectionId=1626128176207_172.18.0.1_49206
22:16:17.108 [com.alibaba.nacos.client.remote.worker] INFO  c.a.n.c.r.client - [printIfInfoEnabled,60] - [446f71fd-d29d-4980-8afb-c8c39b01a554_config-0]Notify connected event to listeners.
22:16:17.109 [com.alibaba.nacos.client.remote.worker] INFO  c.a.n.c.c.i.ClientWorker - [onConnected,677] - [446f71fd-d29d-4980-8afb-c8c39b01a554_config-0] Connected,notify listen context...
22:16:17.109 [main] INFO  c.a.n.c.r.client - [printIfInfoEnabled,60] - [446f71fd-d29d-4980-8afb-c8c39b01a554_config-0]Register server push request handler:com.alibaba.nacos.common.remote.client.RpcClient$ConnectResetRequestHandler
22:16:17.110 [main] INFO  c.a.n.c.r.client - [printIfInfoEnabled,60] - [446f71fd-d29d-4980-8afb-c8c39b01a554_config-0]Register server push request handler:com.alibaba.nacos.common.remote.client.RpcClient$4
22:16:17.161 [main] INFO  c.a.n.c.c.i.Limiter - [<clinit>,56] - limitTime:5.0
22:16:17.181 [main] INFO  c.a.n.c.c.u.JvmUtil - [<clinit>,53] - isMultiInstance:false
22:16:17.213 [main] INFO  c.m.c.MarsGatewayApplication - [logStartupProfileInfo,663] - The following profiles are active: dev
22:19:35.282 [background-preinit] INFO  o.h.v.i.util.Version - [<clinit>,21] - HV000001: Hibernate Validator 6.2.0.Final
22:19:36.369 [main] INFO  c.a.n.c.c.i.LocalConfigInfoProcessor - [<clinit>,67] - LOCAL_SNAPSHOT_PATH:C:\Users\86186\nacos\config
22:19:36.372 [main] INFO  c.a.n.c.r.client - [lambda$createClient$0,77] - [RpcClientFactory] create a new rpc client of ff20d811-b577-4f57-a487-6d2db6e5238a_config-0
22:19:36.416 [main] INFO  o.r.Reflections - [scan,232] - Reflections took 28 ms to scan 1 urls, producing 3 keys and 6 values 
22:19:36.444 [main] INFO  o.r.Reflections - [scan,232] - Reflections took 14 ms to scan 1 urls, producing 4 keys and 9 values 
22:19:36.459 [main] INFO  o.r.Reflections - [scan,232] - Reflections took 12 ms to scan 1 urls, producing 3 keys and 10 values 
22:19:36.629 [main] INFO  o.r.Reflections - [scan,232] - Reflections took 167 ms to scan 199 urls, producing 0 keys and 0 values 
22:19:36.640 [main] INFO  o.r.Reflections - [scan,232] - Reflections took 10 ms to scan 1 urls, producing 1 keys and 5 values 
22:19:36.655 [main] INFO  o.r.Reflections - [scan,232] - Reflections took 12 ms to scan 1 urls, producing 1 keys and 7 values 
22:19:36.667 [main] INFO  o.r.Reflections - [scan,232] - Reflections took 10 ms to scan 1 urls, producing 2 keys and 8 values 
22:19:36.808 [main] INFO  o.r.Reflections - [scan,232] - Reflections took 138 ms to scan 199 urls, producing 0 keys and 0 values 
22:19:36.809 [main] INFO  c.a.n.c.r.client - [printIfInfoEnabled,60] - [ff20d811-b577-4f57-a487-6d2db6e5238a_config-0]RpcClient init label, labels={module=config, Vipserver-Tag=null, source=sdk, Amory-Tag=null, Location-Tag=null, taskId=0, AppName=unknown}
22:19:36.810 [main] INFO  c.a.n.c.r.client - [printIfInfoEnabled,60] - [ff20d811-b577-4f57-a487-6d2db6e5238a_config-0]Register server push request handler:com.alibaba.nacos.client.config.impl.ClientWorker$ConfigRpcTransportClient$$Lambda$326/1657697023
22:19:36.810 [main] INFO  c.a.n.c.r.client - [printIfInfoEnabled,60] - [ff20d811-b577-4f57-a487-6d2db6e5238a_config-0]Register server push request handler:com.alibaba.nacos.client.config.impl.ClientWorker$ConfigRpcTransportClient$$Lambda$327/1487287849
22:19:36.811 [main] INFO  c.a.n.c.r.client - [printIfInfoEnabled,60] - [ff20d811-b577-4f57-a487-6d2db6e5238a_config-0]Registry connection listener to current client:com.alibaba.nacos.client.config.impl.ClientWorker$ConfigRpcTransportClient$1
22:19:36.812 [main] INFO  c.a.n.c.r.client - [printIfInfoEnabled,60] - [ff20d811-b577-4f57-a487-6d2db6e5238a_config-0]RpcClient init, ServerListFactory =com.alibaba.nacos.client.config.impl.ClientWorker$ConfigRpcTransportClient$2
22:19:36.821 [main] INFO  c.a.n.c.r.client - [printIfInfoEnabled,60] - [ff20d811-b577-4f57-a487-6d2db6e5238a_config-0] Try to connect to server on start up, server: {serverIp='192.168.145.130', server main port=2222}
22:19:38.897 [main] INFO  c.a.n.c.r.client - [printIfInfoEnabled,60] - [ff20d811-b577-4f57-a487-6d2db6e5238a_config-0] Success to connect to server [192.168.145.130:2222] on start up,connectionId=1626128377962_172.18.0.1_43076
22:19:38.897 [com.alibaba.nacos.client.remote.worker] INFO  c.a.n.c.r.client - [printIfInfoEnabled,60] - [ff20d811-b577-4f57-a487-6d2db6e5238a_config-0]Notify connected event to listeners.
22:19:38.898 [com.alibaba.nacos.client.remote.worker] INFO  c.a.n.c.c.i.ClientWorker - [onConnected,677] - [ff20d811-b577-4f57-a487-6d2db6e5238a_config-0] Connected,notify listen context...
22:19:38.898 [main] INFO  c.a.n.c.r.client - [printIfInfoEnabled,60] - [ff20d811-b577-4f57-a487-6d2db6e5238a_config-0]Register server push request handler:com.alibaba.nacos.common.remote.client.RpcClient$ConnectResetRequestHandler
22:19:38.898 [main] INFO  c.a.n.c.r.client - [printIfInfoEnabled,60] - [ff20d811-b577-4f57-a487-6d2db6e5238a_config-0]Register server push request handler:com.alibaba.nacos.common.remote.client.RpcClient$4
22:19:38.960 [main] INFO  c.a.n.c.c.i.Limiter - [<clinit>,56] - limitTime:5.0
22:19:38.990 [main] INFO  c.a.n.c.c.u.JvmUtil - [<clinit>,53] - isMultiInstance:false
22:19:39.028 [main] INFO  c.m.c.MarsGatewayApplication - [logStartupProfileInfo,663] - The following profiles are active: dev
22:20:17.950 [background-preinit] INFO  o.h.v.i.util.Version - [<clinit>,21] - HV000001: Hibernate Validator 6.2.0.Final
22:20:19.100 [main] INFO  c.a.n.c.c.i.LocalConfigInfoProcessor - [<clinit>,67] - LOCAL_SNAPSHOT_PATH:C:\Users\86186\nacos\config
22:20:19.103 [main] INFO  c.a.n.c.r.client - [lambda$createClient$0,77] - [RpcClientFactory] create a new rpc client of af5ec26d-d047-476a-b2cc-2cbdf2bca704_config-0
22:20:19.149 [main] INFO  o.r.Reflections - [scan,232] - Reflections took 28 ms to scan 1 urls, producing 3 keys and 6 values 
22:20:19.178 [main] INFO  o.r.Reflections - [scan,232] - Reflections took 14 ms to scan 1 urls, producing 4 keys and 9 values 
22:20:19.193 [main] INFO  o.r.Reflections - [scan,232] - Reflections took 13 ms to scan 1 urls, producing 3 keys and 10 values 
22:20:19.358 [main] INFO  o.r.Reflections - [scan,232] - Reflections took 162 ms to scan 199 urls, producing 0 keys and 0 values 
22:20:19.370 [main] INFO  o.r.Reflections - [scan,232] - Reflections took 11 ms to scan 1 urls, producing 1 keys and 5 values 
22:20:19.384 [main] INFO  o.r.Reflections - [scan,232] - Reflections took 12 ms to scan 1 urls, producing 1 keys and 7 values 
22:20:19.397 [main] INFO  o.r.Reflections - [scan,232] - Reflections took 10 ms to scan 1 urls, producing 2 keys and 8 values 
22:20:19.550 [main] INFO  o.r.Reflections - [scan,232] - Reflections took 151 ms to scan 199 urls, producing 0 keys and 0 values 
22:20:19.551 [main] INFO  c.a.n.c.r.client - [printIfInfoEnabled,60] - [af5ec26d-d047-476a-b2cc-2cbdf2bca704_config-0]RpcClient init label, labels={module=config, Vipserver-Tag=null, source=sdk, Amory-Tag=null, Location-Tag=null, taskId=0, AppName=unknown}
22:20:19.552 [main] INFO  c.a.n.c.r.client - [printIfInfoEnabled,60] - [af5ec26d-d047-476a-b2cc-2cbdf2bca704_config-0]Register server push request handler:com.alibaba.nacos.client.config.impl.ClientWorker$ConfigRpcTransportClient$$Lambda$326/2112373743
22:20:19.552 [main] INFO  c.a.n.c.r.client - [printIfInfoEnabled,60] - [af5ec26d-d047-476a-b2cc-2cbdf2bca704_config-0]Register server push request handler:com.alibaba.nacos.client.config.impl.ClientWorker$ConfigRpcTransportClient$$Lambda$327/773518491
22:20:19.553 [main] INFO  c.a.n.c.r.client - [printIfInfoEnabled,60] - [af5ec26d-d047-476a-b2cc-2cbdf2bca704_config-0]Registry connection listener to current client:com.alibaba.nacos.client.config.impl.ClientWorker$ConfigRpcTransportClient$1
22:20:19.554 [main] INFO  c.a.n.c.r.client - [printIfInfoEnabled,60] - [af5ec26d-d047-476a-b2cc-2cbdf2bca704_config-0]RpcClient init, ServerListFactory =com.alibaba.nacos.client.config.impl.ClientWorker$ConfigRpcTransportClient$2
22:20:19.563 [main] INFO  c.a.n.c.r.client - [printIfInfoEnabled,60] - [af5ec26d-d047-476a-b2cc-2cbdf2bca704_config-0] Try to connect to server on start up, server: {serverIp='192.168.145.130', server main port=2222}
22:20:21.817 [main] INFO  c.a.n.c.r.client - [printIfInfoEnabled,60] - [af5ec26d-d047-476a-b2cc-2cbdf2bca704_config-0] Success to connect to server [192.168.145.130:2222] on start up,connectionId=1626128420898_172.18.0.1_55520
22:20:21.817 [com.alibaba.nacos.client.remote.worker] INFO  c.a.n.c.r.client - [printIfInfoEnabled,60] - [af5ec26d-d047-476a-b2cc-2cbdf2bca704_config-0]Notify connected event to listeners.
22:20:21.818 [main] INFO  c.a.n.c.r.client - [printIfInfoEnabled,60] - [af5ec26d-d047-476a-b2cc-2cbdf2bca704_config-0]Register server push request handler:com.alibaba.nacos.common.remote.client.RpcClient$ConnectResetRequestHandler
22:20:21.818 [com.alibaba.nacos.client.remote.worker] INFO  c.a.n.c.c.i.ClientWorker - [onConnected,677] - [af5ec26d-d047-476a-b2cc-2cbdf2bca704_config-0] Connected,notify listen context...
22:20:21.818 [main] INFO  c.a.n.c.r.client - [printIfInfoEnabled,60] - [af5ec26d-d047-476a-b2cc-2cbdf2bca704_config-0]Register server push request handler:com.alibaba.nacos.common.remote.client.RpcClient$4
22:20:21.868 [main] INFO  c.a.n.c.c.i.Limiter - [<clinit>,56] - limitTime:5.0
22:20:21.888 [main] INFO  c.a.n.c.c.u.JvmUtil - [<clinit>,53] - isMultiInstance:false
22:20:21.919 [main] INFO  c.m.c.MarsGatewayApplication - [logStartupProfileInfo,663] - The following profiles are active: dev
22:20:26.362 [main] INFO  c.a.c.s.g.s.SentinelSCGAutoConfiguration - [sentinelGatewayFilter,144] - [Sentinel SpringCloudGateway] register SentinelGatewayFilter with order: -2147483648
22:20:26.658 [main] INFO  c.a.n.client.naming - [call,67] - initializer namespace from System Property :null
22:20:26.659 [main] INFO  c.a.n.client.naming - [call,76] - initializer namespace from System Environment :null
22:20:26.659 [main] INFO  c.a.n.client.naming - [call,86] - initializer namespace from System Property :null
22:20:26.674 [main] INFO  c.a.n.c.r.client - [lambda$createClient$0,77] - [RpcClientFactory] create a new rpc client of fe127c63-bfc0-4f38-93e0-f74e5c342c46
22:20:26.675 [main] INFO  c.a.n.c.r.client - [printIfInfoEnabled,60] - [fe127c63-bfc0-4f38-93e0-f74e5c342c46]RpcClient init label, labels={module=naming, source=sdk}
22:20:26.675 [main] INFO  c.a.n.c.r.client - [printIfInfoEnabled,60] - [fe127c63-bfc0-4f38-93e0-f74e5c342c46]RpcClient init, ServerListFactory =com.alibaba.nacos.client.naming.core.ServerListManager
22:20:26.676 [main] INFO  c.a.n.c.r.client - [printIfInfoEnabled,60] - [fe127c63-bfc0-4f38-93e0-f74e5c342c46] Try to connect to server on start up, server: {serverIp='192.168.145.130', server main port=2222}
22:20:26.788 [main] INFO  c.a.n.c.r.client - [printIfInfoEnabled,60] - [fe127c63-bfc0-4f38-93e0-f74e5c342c46] Success to connect to server [192.168.145.130:2222] on start up,connectionId=1626128426000_172.18.0.1_49250
22:20:26.788 [main] INFO  c.a.n.c.r.client - [printIfInfoEnabled,60] - [fe127c63-bfc0-4f38-93e0-f74e5c342c46]Register server push request handler:com.alibaba.nacos.common.remote.client.RpcClient$ConnectResetRequestHandler
22:20:26.789 [main] INFO  c.a.n.c.r.client - [printIfInfoEnabled,60] - [fe127c63-bfc0-4f38-93e0-f74e5c342c46]Register server push request handler:com.alibaba.nacos.common.remote.client.RpcClient$4
22:20:26.790 [main] INFO  c.a.n.c.r.client - [printIfInfoEnabled,60] - [fe127c63-bfc0-4f38-93e0-f74e5c342c46]Register server push request handler:com.alibaba.nacos.client.naming.remote.gprc.NamingPushRequestHandler
22:20:26.790 [main] INFO  c.a.n.c.r.client - [printIfInfoEnabled,60] - [fe127c63-bfc0-4f38-93e0-f74e5c342c46]Registry connection listener to current client:com.alibaba.nacos.client.naming.remote.gprc.NamingGrpcConnectionEventListener
22:20:27.724 [main] INFO  c.a.c.s.g.s.SentinelSCGAutoConfiguration - [sentinelGatewayBlockExceptionHandler,134] - [Sentinel SpringCloudGateway] register SentinelGatewayBlockExceptionHandler
22:20:27.963 [main] INFO  c.a.n.c.c.i.ClientWorker - [addCacheDataIfAbsent,384] - [config_rpc_client] [subscribe] sentinel-mars-gateway+DEFAULT_GROUP
22:20:27.971 [main] INFO  c.a.n.c.c.i.CacheData - [addListener,169] - [config_rpc_client] [add-listener] ok, tenant=, dataId=sentinel-mars-gateway, group=DEFAULT_GROUP, cnt=1
22:20:27.971 [main] INFO  c.a.n.c.r.client - [lambda$createClient$0,77] - [RpcClientFactory] create a new rpc client of b66b330a-4317-4d7a-aa12-e7774625ce7f_config-0
22:20:27.971 [main] INFO  c.a.n.c.r.client - [printIfInfoEnabled,60] - [b66b330a-4317-4d7a-aa12-e7774625ce7f_config-0]RpcClient init label, labels={module=config, Vipserver-Tag=null, source=sdk, Amory-Tag=null, Location-Tag=null, taskId=0, AppName=unknown}
22:20:27.971 [main] INFO  c.a.n.c.r.client - [printIfInfoEnabled,60] - [b66b330a-4317-4d7a-aa12-e7774625ce7f_config-0]Register server push request handler:com.alibaba.nacos.client.config.impl.ClientWorker$ConfigRpcTransportClient$$Lambda$326/2112373743
22:20:27.972 [main] INFO  c.a.n.c.r.client - [printIfInfoEnabled,60] - [b66b330a-4317-4d7a-aa12-e7774625ce7f_config-0]Register server push request handler:com.alibaba.nacos.client.config.impl.ClientWorker$ConfigRpcTransportClient$$Lambda$327/773518491
22:20:27.972 [main] INFO  c.a.n.c.r.client - [printIfInfoEnabled,60] - [b66b330a-4317-4d7a-aa12-e7774625ce7f_config-0]Registry connection listener to current client:com.alibaba.nacos.client.config.impl.ClientWorker$ConfigRpcTransportClient$1
22:20:27.972 [main] INFO  c.a.n.c.r.client - [printIfInfoEnabled,60] - [b66b330a-4317-4d7a-aa12-e7774625ce7f_config-0]RpcClient init, ServerListFactory =com.alibaba.nacos.client.config.impl.ClientWorker$ConfigRpcTransportClient$2
22:20:27.972 [main] INFO  c.a.n.c.r.client - [printIfInfoEnabled,60] - [b66b330a-4317-4d7a-aa12-e7774625ce7f_config-0] Try to connect to server on start up, server: {serverIp='192.168.145.130', server main port=2222}
22:20:28.088 [main] INFO  c.a.n.c.r.client - [printIfInfoEnabled,60] - [b66b330a-4317-4d7a-aa12-e7774625ce7f_config-0] Success to connect to server [192.168.145.130:2222] on start up,connectionId=1626128427298_172.18.0.1_43108
22:20:28.088 [main] INFO  c.a.n.c.r.client - [printIfInfoEnabled,60] - [b66b330a-4317-4d7a-aa12-e7774625ce7f_config-0]Register server push request handler:com.alibaba.nacos.common.remote.client.RpcClient$ConnectResetRequestHandler
22:20:28.088 [com.alibaba.nacos.client.remote.worker] INFO  c.a.n.c.r.client - [printIfInfoEnabled,60] - [b66b330a-4317-4d7a-aa12-e7774625ce7f_config-0]Notify connected event to listeners.
22:20:28.088 [main] INFO  c.a.n.c.r.client - [printIfInfoEnabled,60] - [b66b330a-4317-4d7a-aa12-e7774625ce7f_config-0]Register server push request handler:com.alibaba.nacos.common.remote.client.RpcClient$4
22:20:28.089 [com.alibaba.nacos.client.remote.worker] INFO  c.a.n.c.c.i.ClientWorker - [onConnected,677] - [b66b330a-4317-4d7a-aa12-e7774625ce7f_config-0] Connected,notify listen context...
22:20:28.174 [main] INFO  c.a.n.client.naming - [isChangedServiceInfo,181] - init new ips(0) service: DEFAULT_GROUP@@mars-gateway@@DEFAULT -> []
22:20:28.178 [main] INFO  c.a.n.client.naming - [processServiceInfo,166] - current ips:(0) service: DEFAULT_GROUP@@mars-gateway@@DEFAULT -> []
22:20:28.685 [nacos-grpc-client-executor-5] INFO  c.a.n.c.r.client - [printIfInfoEnabled,60] - [fe127c63-bfc0-4f38-93e0-f74e5c342c46]receive server push request,request=NotifySubscriberRequest,requestId=1
22:20:28.685 [nacos-grpc-client-executor-5] INFO  c.a.n.client.naming - [isChangedServiceInfo,181] - init new ips(0) service: DEFAULT_GROUP@@mars-gateway -> []
22:20:28.686 [nacos-grpc-client-executor-5] INFO  c.a.n.client.naming - [processServiceInfo,166] - current ips:(0) service: DEFAULT_GROUP@@mars-gateway -> []
22:20:28.691 [nacos-grpc-client-executor-5] INFO  c.a.n.c.r.client - [printIfInfoEnabled,60] - [fe127c63-bfc0-4f38-93e0-f74e5c342c46]ack server push request,request=NotifySubscriberRequest,requestId=1
22:20:29.837 [main] INFO  c.a.n.client.naming - [registerService,111] - [REGISTER-SERVICE] public registering service mars-gateway with instance Instance{instanceId='null', ip='192.168.138.1', port=8080, weight=1.0, healthy=true, enabled=true, ephemeral=true, clusterName='DEFAULT', serviceName='null', metadata={preserved.register.source=SPRING_CLOUD}}
22:20:29.850 [main] INFO  c.a.c.n.r.NacosServiceRegistry - [register,75] - nacos registry, DEFAULT_GROUP mars-gateway 192.168.138.1:8080 register finished
22:20:29.867 [main] INFO  c.m.c.MarsGatewayApplication - [logStarted,61] - Started MarsGatewayApplication in 13.12 seconds (JVM running for 15.355)
22:20:29.870 [main] INFO  c.a.n.c.c.i.ClientWorker - [addCacheDataIfAbsent,384] - [config_rpc_client] [subscribe] mars-gateway-dev.yml+DEFAULT_GROUP
22:20:29.870 [main] INFO  c.a.n.c.c.i.CacheData - [addListener,169] - [config_rpc_client] [add-listener] ok, tenant=, dataId=mars-gateway-dev.yml, group=DEFAULT_GROUP, cnt=1
22:20:29.871 [main] INFO  c.a.n.c.c.i.ClientWorker - [addCacheDataIfAbsent,384] - [config_rpc_client] [subscribe] mars-gateway+DEFAULT_GROUP
22:20:29.872 [main] INFO  c.a.n.c.c.i.CacheData - [addListener,169] - [config_rpc_client] [add-listener] ok, tenant=, dataId=mars-gateway, group=DEFAULT_GROUP, cnt=1
22:20:29.873 [main] INFO  c.a.n.c.c.i.ClientWorker - [addCacheDataIfAbsent,384] - [config_rpc_client] [subscribe] mars-gateway.yml+DEFAULT_GROUP
22:20:29.873 [main] INFO  c.a.n.c.c.i.CacheData - [addListener,169] - [config_rpc_client] [add-listener] ok, tenant=, dataId=mars-gateway.yml, group=DEFAULT_GROUP, cnt=1
22:20:30.398 [nacos-grpc-client-executor-8] INFO  c.a.n.c.r.client - [printIfInfoEnabled,60] - [fe127c63-bfc0-4f38-93e0-f74e5c342c46]receive server push request,request=NotifySubscriberRequest,requestId=2
22:20:30.402 [nacos-grpc-client-executor-8] INFO  c.a.n.client.naming - [isChangedServiceInfo,235] - new ips(1) service: DEFAULT_GROUP@@mars-gateway -> [{"ip":"192.168.138.1","port":8080,"weight":1.0,"healthy":true,"enabled":true,"ephemeral":true,"clusterName":"DEFAULT","serviceName":"DEFAULT_GROUP@@mars-gateway","metadata":{"preserved.register.source":"SPRING_CLOUD"},"instanceHeartBeatTimeOut":15000,"instanceHeartBeatInterval":5000,"ipDeleteTimeout":30000}]
22:20:30.402 [nacos-grpc-client-executor-8] INFO  c.a.n.client.naming - [processServiceInfo,166] - current ips:(1) service: DEFAULT_GROUP@@mars-gateway -> [{"ip":"192.168.138.1","port":8080,"weight":1.0,"healthy":true,"enabled":true,"ephemeral":true,"clusterName":"DEFAULT","serviceName":"DEFAULT_GROUP@@mars-gateway","metadata":{"preserved.register.source":"SPRING_CLOUD"},"instanceHeartBeatTimeOut":15000,"instanceHeartBeatInterval":5000,"ipDeleteTimeout":30000}]
22:20:30.407 [nacos-grpc-client-executor-8] INFO  c.a.n.c.r.client - [printIfInfoEnabled,60] - [fe127c63-bfc0-4f38-93e0-f74e5c342c46]ack server push request,request=NotifySubscriberRequest,requestId=2
22:20:31.192 [com.alibaba.nacos.client.naming.updater.0] INFO  c.a.n.client.naming - [isChangedServiceInfo,235] - new ips(1) service: DEFAULT_GROUP@@mars-gateway@@DEFAULT -> [{"ip":"192.168.138.1","port":8080,"weight":1.0,"healthy":true,"enabled":true,"ephemeral":true,"clusterName":"DEFAULT","serviceName":"DEFAULT_GROUP@@mars-gateway","metadata":{"preserved.register.source":"SPRING_CLOUD"},"instanceHeartBeatTimeOut":15000,"instanceHeartBeatInterval":5000,"ipDeleteTimeout":30000}]
22:20:31.192 [com.alibaba.nacos.client.naming.updater.0] INFO  c.a.n.client.naming - [processServiceInfo,166] - current ips:(1) service: DEFAULT_GROUP@@mars-gateway@@DEFAULT -> [{"ip":"192.168.138.1","port":8080,"weight":1.0,"healthy":true,"enabled":true,"ephemeral":true,"clusterName":"DEFAULT","serviceName":"DEFAULT_GROUP@@mars-gateway","metadata":{"preserved.register.source":"SPRING_CLOUD"},"instanceHeartBeatTimeOut":15000,"instanceHeartBeatInterval":5000,"ipDeleteTimeout":30000}]
22:30:33.547 [SpringApplicationShutdownHook] INFO  c.a.c.n.r.NacosServiceRegistry - [deregister,90] - De-registering from Nacos Server now...
22:30:33.548 [SpringApplicationShutdownHook] INFO  c.a.n.client.naming - [deregisterService,122] - [DEREGISTER-SERVICE] public deregistering service mars-gateway with instance: Instance{instanceId='null', ip='192.168.138.1', port=8080, weight=1.0, healthy=true, enabled=true, ephemeral=true, clusterName='DEFAULT', serviceName='null', metadata={}}
22:30:33.555 [SpringApplicationShutdownHook] INFO  c.a.c.n.r.NacosServiceRegistry - [deregister,110] - De-registration finished.
22:30:33.556 [SpringApplicationShutdownHook] INFO  c.a.n.client.naming - [shutdown,256] - com.alibaba.nacos.client.naming.cache.ServiceInfoHolder do shutdown begin
22:30:33.556 [SpringApplicationShutdownHook] INFO  c.a.n.client.naming - [shutdown,140] - com.alibaba.nacos.client.naming.backups.FailoverReactor do shutdown begin
22:30:33.556 [SpringApplicationShutdownHook] INFO  c.a.n.client.naming - [shutdown,142] - com.alibaba.nacos.client.naming.backups.FailoverReactor do shutdown stop
22:30:33.557 [SpringApplicationShutdownHook] INFO  c.a.n.client.naming - [shutdown,258] - com.alibaba.nacos.client.naming.cache.ServiceInfoHolder do shutdown stop
22:30:33.557 [SpringApplicationShutdownHook] INFO  c.a.n.client.naming - [shutdown,176] - com.alibaba.nacos.client.naming.remote.NamingClientProxyDelegate do shutdown begin
22:30:33.557 [SpringApplicationShutdownHook] INFO  c.a.n.client.naming - [shutdown,130] - com.alibaba.nacos.client.naming.core.ServiceInfoUpdateService do shutdown begin
22:30:33.869 [SpringApplicationShutdownHook] INFO  c.a.n.client.naming - [shutdown,132] - com.alibaba.nacos.client.naming.core.ServiceInfoUpdateService do shutdown stop
22:30:33.870 [SpringApplicationShutdownHook] INFO  c.a.n.client.naming - [shutdown,188] - com.alibaba.nacos.client.naming.core.ServerListManager do shutdown begin
22:30:33.871 [SpringApplicationShutdownHook] INFO  c.a.n.client.naming - [shutdown,193] - com.alibaba.nacos.client.naming.core.ServerListManager do shutdown stop
22:30:33.871 [SpringApplicationShutdownHook] INFO  c.a.n.client.naming - [shutdown,519] - com.alibaba.nacos.client.naming.remote.http.NamingHttpClientProxy do shutdown begin
22:30:33.872 [SpringApplicationShutdownHook] INFO  c.a.n.client.naming - [shutdown,162] - com.alibaba.nacos.client.naming.beat.BeatReactor do shutdown begin
22:30:33.872 [SpringApplicationShutdownHook] INFO  c.a.n.client.naming - [shutdown,164] - com.alibaba.nacos.client.naming.beat.BeatReactor do shutdown stop
22:30:33.872 [SpringApplicationShutdownHook] INFO  c.a.n.c.i.CredentialWatcher - [stop,105] - [null] CredentialWatcher is stopped
22:30:33.874 [SpringApplicationShutdownHook] INFO  c.a.n.c.i.CredentialService - [free,99] - [null] CredentialService is freed
22:30:33.878 [SpringApplicationShutdownHook] INFO  c.a.n.client.naming - [shutdown,523] - com.alibaba.nacos.client.naming.remote.http.NamingHttpClientProxy do shutdown stop
22:30:33.878 [SpringApplicationShutdownHook] INFO  c.a.n.c.r.client - [shutdown,462] - Shutdown rpc client ,set status to shutdown
22:30:33.879 [SpringApplicationShutdownHook] INFO  c.a.n.c.r.client - [shutdown,464] - Shutdown  client event executor java.util.concurrent.ScheduledThreadPoolExecutor@7c173ef9[Running, pool size = 2, active threads = 2, queued tasks = 0, completed tasks = 0]
22:30:33.883 [SpringApplicationShutdownHook] INFO  c.a.n.c.r.client - [shutdown,466] - Close current connection 1626128426000_172.18.0.1_49250
22:30:33.896 [SpringApplicationShutdownHook] INFO  c.a.n.c.r.c.g.GrpcClient - [shutdown,83] - Shutdown grpc executor java.util.concurrent.ThreadPoolExecutor@5b5fd899[Running, pool size = 5, active threads = 1, queued tasks = 0, completed tasks = 135]
22:30:33.897 [SpringApplicationShutdownHook] INFO  c.a.n.client.naming - [shutdown,182] - com.alibaba.nacos.client.naming.remote.NamingClientProxyDelegate do shutdown stop
22:30:33.902 [nacos-grpc-client-executor-135] INFO  c.a.n.c.r.c.g.GrpcClient - [printIfInfoEnabled,60] - [1626128426000_172.18.0.1_49250]Ignore complete event,isRunning:false,isAbandon=false
