20:17:06.293 [background-preinit] INFO  o.h.v.i.util.Version - [<clinit>,21] - HV000001: Hibernate Validator 6.2.0.Final
20:17:08.376 [main] INFO  c.a.n.c.c.i.LocalConfigInfoProcessor - [<clinit>,67] - LOCAL_SNAPSHOT_PATH:C:\Users\86186\nacos\config
20:17:08.401 [main] INFO  c.a.n.c.r.client - [lambda$createClient$0,77] - [RpcClientFactory] create a new rpc client of 11e861b7-80ce-40a4-a2bd-efa20a2fb1a1_config-0
20:17:08.653 [main] INFO  o.r.Reflections - [scan,232] - Reflections took 125 ms to scan 1 urls, producing 3 keys and 6 values 
20:17:08.692 [main] INFO  o.r.Reflections - [scan,232] - Reflections took 14 ms to scan 1 urls, producing 4 keys and 9 values 
20:17:08.707 [main] INFO  o.r.Reflections - [scan,232] - Reflections took 12 ms to scan 1 urls, producing 3 keys and 10 values 
20:17:08.954 [main] INFO  o.r.Reflections - [scan,232] - Reflections took 242 ms to scan 199 urls, producing 0 keys and 0 values 
20:17:08.965 [main] INFO  o.r.Reflections - [scan,232] - Reflections took 10 ms to scan 1 urls, producing 1 keys and 5 values 
20:17:08.982 [main] INFO  o.r.Reflections - [scan,232] - Reflections took 14 ms to scan 1 urls, producing 1 keys and 7 values 
20:17:08.994 [main] INFO  o.r.Reflections - [scan,232] - Reflections took 10 ms to scan 1 urls, producing 2 keys and 8 values 
20:17:09.128 [main] INFO  o.r.Reflections - [scan,232] - Reflections took 132 ms to scan 199 urls, producing 0 keys and 0 values 
20:17:09.132 [main] INFO  c.a.n.c.r.client - [printIfInfoEnabled,60] - [11e861b7-80ce-40a4-a2bd-efa20a2fb1a1_config-0]RpcClient init label, labels={module=config, Vipserver-Tag=null, source=sdk, Amory-Tag=null, Location-Tag=null, taskId=0, AppName=unknown}
20:17:09.133 [main] INFO  c.a.n.c.r.client - [printIfInfoEnabled,60] - [11e861b7-80ce-40a4-a2bd-efa20a2fb1a1_config-0]Register server push request handler:com.alibaba.nacos.client.config.impl.ClientWorker$ConfigRpcTransportClient$$Lambda$326/1415979460
20:17:09.133 [main] INFO  c.a.n.c.r.client - [printIfInfoEnabled,60] - [11e861b7-80ce-40a4-a2bd-efa20a2fb1a1_config-0]Register server push request handler:com.alibaba.nacos.client.config.impl.ClientWorker$ConfigRpcTransportClient$$Lambda$327/1646234040
20:17:09.134 [main] INFO  c.a.n.c.r.client - [printIfInfoEnabled,60] - [11e861b7-80ce-40a4-a2bd-efa20a2fb1a1_config-0]Registry connection listener to current client:com.alibaba.nacos.client.config.impl.ClientWorker$ConfigRpcTransportClient$1
20:17:09.135 [main] INFO  c.a.n.c.r.client - [printIfInfoEnabled,60] - [11e861b7-80ce-40a4-a2bd-efa20a2fb1a1_config-0]RpcClient init, ServerListFactory =com.alibaba.nacos.client.config.impl.ClientWorker$ConfigRpcTransportClient$2
20:17:09.145 [main] INFO  c.a.n.c.r.client - [printIfInfoEnabled,60] - [11e861b7-80ce-40a4-a2bd-efa20a2fb1a1_config-0] Try to connect to server on start up, server: {serverIp='192.168.145.130', server main port=2222}
20:23:45.062 [background-preinit] INFO  o.h.v.i.util.Version - [<clinit>,21] - HV000001: Hibernate Validator 6.2.0.Final
20:23:46.422 [main] INFO  c.a.n.c.c.i.LocalConfigInfoProcessor - [<clinit>,67] - LOCAL_SNAPSHOT_PATH:C:\Users\86186\nacos\config
20:23:46.425 [main] INFO  c.a.n.c.r.client - [lambda$createClient$0,77] - [RpcClientFactory] create a new rpc client of dbccb2b5-4d39-44e2-9509-16ad88b4d10c_config-0
20:23:46.475 [main] INFO  o.r.Reflections - [scan,232] - Reflections took 31 ms to scan 1 urls, producing 3 keys and 6 values 
20:23:46.504 [main] INFO  o.r.Reflections - [scan,232] - Reflections took 14 ms to scan 1 urls, producing 4 keys and 9 values 
20:23:46.520 [main] INFO  o.r.Reflections - [scan,232] - Reflections took 13 ms to scan 1 urls, producing 3 keys and 10 values 
20:23:46.685 [main] INFO  o.r.Reflections - [scan,232] - Reflections took 162 ms to scan 199 urls, producing 0 keys and 0 values 
20:23:46.698 [main] INFO  o.r.Reflections - [scan,232] - Reflections took 12 ms to scan 1 urls, producing 1 keys and 5 values 
20:23:46.713 [main] INFO  o.r.Reflections - [scan,232] - Reflections took 13 ms to scan 1 urls, producing 1 keys and 7 values 
20:23:46.729 [main] INFO  o.r.Reflections - [scan,232] - Reflections took 13 ms to scan 1 urls, producing 2 keys and 8 values 
20:23:46.891 [main] INFO  o.r.Reflections - [scan,232] - Reflections took 159 ms to scan 199 urls, producing 0 keys and 0 values 
20:23:46.894 [main] INFO  c.a.n.c.r.client - [printIfInfoEnabled,60] - [dbccb2b5-4d39-44e2-9509-16ad88b4d10c_config-0]RpcClient init label, labels={module=config, Vipserver-Tag=null, source=sdk, Amory-Tag=null, Location-Tag=null, taskId=0, AppName=unknown}
20:23:46.895 [main] INFO  c.a.n.c.r.client - [printIfInfoEnabled,60] - [dbccb2b5-4d39-44e2-9509-16ad88b4d10c_config-0]Register server push request handler:com.alibaba.nacos.client.config.impl.ClientWorker$ConfigRpcTransportClient$$Lambda$326/270734602
20:23:46.895 [main] INFO  c.a.n.c.r.client - [printIfInfoEnabled,60] - [dbccb2b5-4d39-44e2-9509-16ad88b4d10c_config-0]Register server push request handler:com.alibaba.nacos.client.config.impl.ClientWorker$ConfigRpcTransportClient$$Lambda$327/1053695609
20:23:46.896 [main] INFO  c.a.n.c.r.client - [printIfInfoEnabled,60] - [dbccb2b5-4d39-44e2-9509-16ad88b4d10c_config-0]Registry connection listener to current client:com.alibaba.nacos.client.config.impl.ClientWorker$ConfigRpcTransportClient$1
20:23:46.897 [main] INFO  c.a.n.c.r.client - [printIfInfoEnabled,60] - [dbccb2b5-4d39-44e2-9509-16ad88b4d10c_config-0]RpcClient init, ServerListFactory =com.alibaba.nacos.client.config.impl.ClientWorker$ConfigRpcTransportClient$2
20:23:46.906 [main] INFO  c.a.n.c.r.client - [printIfInfoEnabled,60] - [dbccb2b5-4d39-44e2-9509-16ad88b4d10c_config-0] Try to connect to server on start up, server: {serverIp='192.168.145.130', server main port=2222}
20:23:49.361 [main] INFO  c.a.n.c.r.client - [printIfInfoEnabled,60] - [dbccb2b5-4d39-44e2-9509-16ad88b4d10c_config-0] Success to connect to server [192.168.145.130:2222] on start up,connectionId=1626812628274_172.18.0.1_48744
20:23:49.362 [com.alibaba.nacos.client.remote.worker] INFO  c.a.n.c.r.client - [printIfInfoEnabled,60] - [dbccb2b5-4d39-44e2-9509-16ad88b4d10c_config-0]Notify connected event to listeners.
20:23:49.362 [com.alibaba.nacos.client.remote.worker] INFO  c.a.n.c.c.i.ClientWorker - [onConnected,677] - [dbccb2b5-4d39-44e2-9509-16ad88b4d10c_config-0] Connected,notify listen context...
20:23:49.362 [main] INFO  c.a.n.c.r.client - [printIfInfoEnabled,60] - [dbccb2b5-4d39-44e2-9509-16ad88b4d10c_config-0]Register server push request handler:com.alibaba.nacos.common.remote.client.RpcClient$ConnectResetRequestHandler
20:23:49.362 [main] INFO  c.a.n.c.r.client - [printIfInfoEnabled,60] - [dbccb2b5-4d39-44e2-9509-16ad88b4d10c_config-0]Register server push request handler:com.alibaba.nacos.common.remote.client.RpcClient$4
20:23:49.541 [main] INFO  c.a.n.c.c.i.Limiter - [<clinit>,56] - limitTime:5.0
20:23:49.677 [main] INFO  c.a.n.c.c.u.JvmUtil - [<clinit>,53] - isMultiInstance:false
20:23:49.755 [main] INFO  c.m.g.MarsGatewayApplication - [logStartupProfileInfo,663] - The following profiles are active: dev
20:23:59.142 [main] INFO  c.a.c.s.g.s.SentinelSCGAutoConfiguration - [sentinelGatewayFilter,144] - [Sentinel SpringCloudGateway] register SentinelGatewayFilter with order: -2147483648
20:23:59.808 [main] INFO  c.a.n.client.naming - [call,67] - initializer namespace from System Property :null
20:23:59.810 [main] INFO  c.a.n.client.naming - [call,76] - initializer namespace from System Environment :null
20:23:59.811 [main] INFO  c.a.n.client.naming - [call,86] - initializer namespace from System Property :null
20:23:59.883 [main] INFO  c.a.n.c.r.client - [lambda$createClient$0,77] - [RpcClientFactory] create a new rpc client of 8194dff1-60d6-40c2-8e10-659edb2058fc
20:23:59.884 [main] INFO  c.a.n.c.r.client - [printIfInfoEnabled,60] - [8194dff1-60d6-40c2-8e10-659edb2058fc]RpcClient init label, labels={module=naming, source=sdk}
20:23:59.885 [main] INFO  c.a.n.c.r.client - [printIfInfoEnabled,60] - [8194dff1-60d6-40c2-8e10-659edb2058fc]RpcClient init, ServerListFactory =com.alibaba.nacos.client.naming.core.ServerListManager
20:23:59.887 [main] INFO  c.a.n.c.r.client - [printIfInfoEnabled,60] - [8194dff1-60d6-40c2-8e10-659edb2058fc] Try to connect to server on start up, server: {serverIp='192.168.145.130', server main port=2222}
20:24:00.015 [main] INFO  c.a.n.c.r.client - [printIfInfoEnabled,60] - [8194dff1-60d6-40c2-8e10-659edb2058fc] Success to connect to server [192.168.145.130:2222] on start up,connectionId=1626812639216_172.18.0.1_49972
20:24:00.016 [main] INFO  c.a.n.c.r.client - [printIfInfoEnabled,60] - [8194dff1-60d6-40c2-8e10-659edb2058fc]Register server push request handler:com.alibaba.nacos.common.remote.client.RpcClient$ConnectResetRequestHandler
20:24:00.016 [main] INFO  c.a.n.c.r.client - [printIfInfoEnabled,60] - [8194dff1-60d6-40c2-8e10-659edb2058fc]Register server push request handler:com.alibaba.nacos.common.remote.client.RpcClient$4
20:24:00.018 [main] INFO  c.a.n.c.r.client - [printIfInfoEnabled,60] - [8194dff1-60d6-40c2-8e10-659edb2058fc]Register server push request handler:com.alibaba.nacos.client.naming.remote.gprc.NamingPushRequestHandler
20:24:00.022 [main] INFO  c.a.n.c.r.client - [printIfInfoEnabled,60] - [8194dff1-60d6-40c2-8e10-659edb2058fc]Registry connection listener to current client:com.alibaba.nacos.client.naming.remote.gprc.NamingGrpcConnectionEventListener
20:24:00.679 [main] INFO  c.a.c.s.g.s.SentinelSCGAutoConfiguration - [sentinelGatewayBlockExceptionHandler,134] - [Sentinel SpringCloudGateway] register SentinelGatewayBlockExceptionHandler
20:24:01.482 [main] INFO  c.a.n.c.c.i.ClientWorker - [addCacheDataIfAbsent,384] - [config_rpc_client] [subscribe] sentinel-mars-gateway+DEFAULT_GROUP
20:24:01.529 [main] INFO  c.a.n.c.c.i.CacheData - [addListener,169] - [config_rpc_client] [add-listener] ok, tenant=, dataId=sentinel-mars-gateway, group=DEFAULT_GROUP, cnt=1
20:24:01.530 [main] INFO  c.a.n.c.r.client - [lambda$createClient$0,77] - [RpcClientFactory] create a new rpc client of 1fd9ed1e-b65f-4157-8a82-b4942266fb64_config-0
20:24:01.530 [main] INFO  c.a.n.c.r.client - [printIfInfoEnabled,60] - [1fd9ed1e-b65f-4157-8a82-b4942266fb64_config-0]RpcClient init label, labels={module=config, Vipserver-Tag=null, source=sdk, Amory-Tag=null, Location-Tag=null, taskId=0, AppName=unknown}
20:24:01.530 [main] INFO  c.a.n.c.r.client - [printIfInfoEnabled,60] - [1fd9ed1e-b65f-4157-8a82-b4942266fb64_config-0]Register server push request handler:com.alibaba.nacos.client.config.impl.ClientWorker$ConfigRpcTransportClient$$Lambda$326/270734602
20:24:01.531 [main] INFO  c.a.n.c.r.client - [printIfInfoEnabled,60] - [1fd9ed1e-b65f-4157-8a82-b4942266fb64_config-0]Register server push request handler:com.alibaba.nacos.client.config.impl.ClientWorker$ConfigRpcTransportClient$$Lambda$327/1053695609
20:24:01.531 [main] INFO  c.a.n.c.r.client - [printIfInfoEnabled,60] - [1fd9ed1e-b65f-4157-8a82-b4942266fb64_config-0]Registry connection listener to current client:com.alibaba.nacos.client.config.impl.ClientWorker$ConfigRpcTransportClient$1
20:24:01.532 [main] INFO  c.a.n.c.r.client - [printIfInfoEnabled,60] - [1fd9ed1e-b65f-4157-8a82-b4942266fb64_config-0]RpcClient init, ServerListFactory =com.alibaba.nacos.client.config.impl.ClientWorker$ConfigRpcTransportClient$2
20:24:01.533 [main] INFO  c.a.n.c.r.client - [printIfInfoEnabled,60] - [1fd9ed1e-b65f-4157-8a82-b4942266fb64_config-0] Try to connect to server on start up, server: {serverIp='192.168.145.130', server main port=2222}
20:24:01.738 [main] INFO  c.a.n.c.r.client - [printIfInfoEnabled,60] - [1fd9ed1e-b65f-4157-8a82-b4942266fb64_config-0] Success to connect to server [192.168.145.130:2222] on start up,connectionId=1626812640924_172.18.0.1_45224
20:24:01.738 [com.alibaba.nacos.client.remote.worker] INFO  c.a.n.c.r.client - [printIfInfoEnabled,60] - [1fd9ed1e-b65f-4157-8a82-b4942266fb64_config-0]Notify connected event to listeners.
20:24:01.738 [main] INFO  c.a.n.c.r.client - [printIfInfoEnabled,60] - [1fd9ed1e-b65f-4157-8a82-b4942266fb64_config-0]Register server push request handler:com.alibaba.nacos.common.remote.client.RpcClient$ConnectResetRequestHandler
20:24:01.738 [com.alibaba.nacos.client.remote.worker] INFO  c.a.n.c.c.i.ClientWorker - [onConnected,677] - [1fd9ed1e-b65f-4157-8a82-b4942266fb64_config-0] Connected,notify listen context...
20:24:01.738 [main] INFO  c.a.n.c.r.client - [printIfInfoEnabled,60] - [1fd9ed1e-b65f-4157-8a82-b4942266fb64_config-0]Register server push request handler:com.alibaba.nacos.common.remote.client.RpcClient$4
20:24:02.513 [main] INFO  c.a.n.client.naming - [isChangedServiceInfo,181] - init new ips(0) service: DEFAULT_GROUP@@mars-gateway@@DEFAULT -> []
20:24:02.517 [main] INFO  c.a.n.client.naming - [processServiceInfo,166] - current ips:(0) service: DEFAULT_GROUP@@mars-gateway@@DEFAULT -> []
20:24:03.011 [nacos-grpc-client-executor-6] INFO  c.a.n.c.r.client - [printIfInfoEnabled,60] - [8194dff1-60d6-40c2-8e10-659edb2058fc]receive server push request,request=NotifySubscriberRequest,requestId=1
20:24:03.012 [nacos-grpc-client-executor-6] INFO  c.a.n.client.naming - [isChangedServiceInfo,181] - init new ips(0) service: DEFAULT_GROUP@@mars-gateway -> []
20:24:03.014 [nacos-grpc-client-executor-6] INFO  c.a.n.client.naming - [processServiceInfo,166] - current ips:(0) service: DEFAULT_GROUP@@mars-gateway -> []
20:24:03.028 [nacos-grpc-client-executor-6] INFO  c.a.n.c.r.client - [printIfInfoEnabled,60] - [8194dff1-60d6-40c2-8e10-659edb2058fc]ack server push request,request=NotifySubscriberRequest,requestId=1
20:24:08.307 [main] INFO  c.a.n.client.naming - [registerService,111] - [REGISTER-SERVICE] public registering service mars-gateway with instance Instance{instanceId='null', ip='192.168.138.1', port=8080, weight=1.0, healthy=true, enabled=true, ephemeral=true, clusterName='DEFAULT', serviceName='null', metadata={preserved.register.source=SPRING_CLOUD}}
20:24:08.339 [main] INFO  c.a.c.n.r.NacosServiceRegistry - [register,75] - nacos registry, DEFAULT_GROUP mars-gateway 192.168.138.1:8080 register finished
20:24:08.386 [main] INFO  c.m.g.MarsGatewayApplication - [logStarted,61] - Started MarsGatewayApplication in 24.549 seconds (JVM running for 26.288)
20:24:08.403 [main] INFO  c.a.n.c.c.i.ClientWorker - [addCacheDataIfAbsent,384] - [config_rpc_client] [subscribe] mars-gateway-dev.yml+DEFAULT_GROUP
20:24:08.404 [main] INFO  c.a.n.c.c.i.CacheData - [addListener,169] - [config_rpc_client] [add-listener] ok, tenant=, dataId=mars-gateway-dev.yml, group=DEFAULT_GROUP, cnt=1
20:24:08.405 [main] INFO  c.a.n.c.c.i.ClientWorker - [addCacheDataIfAbsent,384] - [config_rpc_client] [subscribe] mars-gateway+DEFAULT_GROUP
20:24:08.405 [main] INFO  c.a.n.c.c.i.CacheData - [addListener,169] - [config_rpc_client] [add-listener] ok, tenant=, dataId=mars-gateway, group=DEFAULT_GROUP, cnt=1
20:24:08.406 [main] INFO  c.a.n.c.c.i.ClientWorker - [addCacheDataIfAbsent,384] - [config_rpc_client] [subscribe] mars-gateway.yml+DEFAULT_GROUP
20:24:08.410 [main] INFO  c.a.n.c.c.i.CacheData - [addListener,169] - [config_rpc_client] [add-listener] ok, tenant=, dataId=mars-gateway.yml, group=DEFAULT_GROUP, cnt=1
20:24:08.910 [nacos-grpc-client-executor-12] INFO  c.a.n.c.r.client - [printIfInfoEnabled,60] - [8194dff1-60d6-40c2-8e10-659edb2058fc]receive server push request,request=NotifySubscriberRequest,requestId=2
20:24:08.921 [nacos-grpc-client-executor-12] INFO  c.a.n.client.naming - [isChangedServiceInfo,235] - new ips(1) service: DEFAULT_GROUP@@mars-gateway -> [{"ip":"192.168.138.1","port":8080,"weight":1.0,"healthy":true,"enabled":true,"ephemeral":true,"clusterName":"DEFAULT","serviceName":"DEFAULT_GROUP@@mars-gateway","metadata":{"preserved.register.source":"SPRING_CLOUD"},"ipDeleteTimeout":30000,"instanceHeartBeatInterval":5000,"instanceHeartBeatTimeOut":15000}]
20:24:08.922 [nacos-grpc-client-executor-12] INFO  c.a.n.client.naming - [processServiceInfo,166] - current ips:(1) service: DEFAULT_GROUP@@mars-gateway -> [{"ip":"192.168.138.1","port":8080,"weight":1.0,"healthy":true,"enabled":true,"ephemeral":true,"clusterName":"DEFAULT","serviceName":"DEFAULT_GROUP@@mars-gateway","metadata":{"preserved.register.source":"SPRING_CLOUD"},"ipDeleteTimeout":30000,"instanceHeartBeatInterval":5000,"instanceHeartBeatTimeOut":15000}]
20:24:08.934 [nacos-grpc-client-executor-12] INFO  c.a.n.c.r.client - [printIfInfoEnabled,60] - [8194dff1-60d6-40c2-8e10-659edb2058fc]ack server push request,request=NotifySubscriberRequest,requestId=2
20:24:09.719 [com.alibaba.nacos.client.naming.updater.1] INFO  c.a.n.client.naming - [isChangedServiceInfo,235] - new ips(1) service: DEFAULT_GROUP@@mars-gateway@@DEFAULT -> [{"ip":"192.168.138.1","port":8080,"weight":1.0,"healthy":true,"enabled":true,"ephemeral":true,"clusterName":"DEFAULT","serviceName":"DEFAULT_GROUP@@mars-gateway","metadata":{"preserved.register.source":"SPRING_CLOUD"},"ipDeleteTimeout":30000,"instanceHeartBeatInterval":5000,"instanceHeartBeatTimeOut":15000}]
20:24:09.720 [com.alibaba.nacos.client.naming.updater.1] INFO  c.a.n.client.naming - [processServiceInfo,166] - current ips:(1) service: DEFAULT_GROUP@@mars-gateway@@DEFAULT -> [{"ip":"192.168.138.1","port":8080,"weight":1.0,"healthy":true,"enabled":true,"ephemeral":true,"clusterName":"DEFAULT","serviceName":"DEFAULT_GROUP@@mars-gateway","metadata":{"preserved.register.source":"SPRING_CLOUD"},"ipDeleteTimeout":30000,"instanceHeartBeatInterval":5000,"instanceHeartBeatTimeOut":15000}]
20:36:31.231 [SpringApplicationShutdownHook] INFO  c.a.c.n.r.NacosServiceRegistry - [deregister,90] - De-registering from Nacos Server now...
20:36:31.232 [SpringApplicationShutdownHook] INFO  c.a.n.client.naming - [deregisterService,122] - [DEREGISTER-SERVICE] public deregistering service mars-gateway with instance: Instance{instanceId='null', ip='192.168.138.1', port=8080, weight=1.0, healthy=true, enabled=true, ephemeral=true, clusterName='DEFAULT', serviceName='null', metadata={}}
20:36:31.235 [SpringApplicationShutdownHook] INFO  c.a.c.n.r.NacosServiceRegistry - [deregister,110] - De-registration finished.
20:36:31.236 [SpringApplicationShutdownHook] INFO  c.a.n.client.naming - [shutdown,256] - com.alibaba.nacos.client.naming.cache.ServiceInfoHolder do shutdown begin
20:36:31.237 [SpringApplicationShutdownHook] INFO  c.a.n.client.naming - [shutdown,140] - com.alibaba.nacos.client.naming.backups.FailoverReactor do shutdown begin
20:36:31.237 [SpringApplicationShutdownHook] INFO  c.a.n.client.naming - [shutdown,142] - com.alibaba.nacos.client.naming.backups.FailoverReactor do shutdown stop
20:36:31.237 [SpringApplicationShutdownHook] INFO  c.a.n.client.naming - [shutdown,258] - com.alibaba.nacos.client.naming.cache.ServiceInfoHolder do shutdown stop
20:36:31.237 [SpringApplicationShutdownHook] INFO  c.a.n.client.naming - [shutdown,176] - com.alibaba.nacos.client.naming.remote.NamingClientProxyDelegate do shutdown begin
20:36:31.237 [SpringApplicationShutdownHook] INFO  c.a.n.client.naming - [shutdown,130] - com.alibaba.nacos.client.naming.core.ServiceInfoUpdateService do shutdown begin
20:36:31.540 [SpringApplicationShutdownHook] INFO  c.a.n.client.naming - [shutdown,132] - com.alibaba.nacos.client.naming.core.ServiceInfoUpdateService do shutdown stop
20:36:31.541 [SpringApplicationShutdownHook] INFO  c.a.n.client.naming - [shutdown,188] - com.alibaba.nacos.client.naming.core.ServerListManager do shutdown begin
20:36:31.541 [SpringApplicationShutdownHook] INFO  c.a.n.client.naming - [shutdown,193] - com.alibaba.nacos.client.naming.core.ServerListManager do shutdown stop
20:36:31.541 [SpringApplicationShutdownHook] INFO  c.a.n.client.naming - [shutdown,519] - com.alibaba.nacos.client.naming.remote.http.NamingHttpClientProxy do shutdown begin
20:36:31.541 [SpringApplicationShutdownHook] INFO  c.a.n.client.naming - [shutdown,162] - com.alibaba.nacos.client.naming.beat.BeatReactor do shutdown begin
20:36:31.542 [SpringApplicationShutdownHook] INFO  c.a.n.client.naming - [shutdown,164] - com.alibaba.nacos.client.naming.beat.BeatReactor do shutdown stop
20:36:31.542 [SpringApplicationShutdownHook] INFO  c.a.n.c.i.CredentialWatcher - [stop,105] - [null] CredentialWatcher is stopped
20:36:31.542 [SpringApplicationShutdownHook] INFO  c.a.n.c.i.CredentialService - [free,99] - [null] CredentialService is freed
20:36:31.542 [SpringApplicationShutdownHook] INFO  c.a.n.client.naming - [shutdown,523] - com.alibaba.nacos.client.naming.remote.http.NamingHttpClientProxy do shutdown stop
20:36:31.542 [SpringApplicationShutdownHook] INFO  c.a.n.c.r.client - [shutdown,462] - Shutdown rpc client ,set status to shutdown
20:36:31.542 [SpringApplicationShutdownHook] INFO  c.a.n.c.r.client - [shutdown,464] - Shutdown  client event executor java.util.concurrent.ScheduledThreadPoolExecutor@61003492[Running, pool size = 2, active threads = 2, queued tasks = 0, completed tasks = 0]
20:36:31.542 [SpringApplicationShutdownHook] INFO  c.a.n.c.r.client - [shutdown,466] - Close current connection 1626812639216_172.18.0.1_49972
20:36:31.545 [nacos-grpc-client-executor-175] INFO  c.a.n.c.r.c.g.GrpcClient - [printIfInfoEnabled,60] - [1626812639216_172.18.0.1_49972]Ignore complete event,isRunning:false,isAbandon=false
20:36:31.549 [SpringApplicationShutdownHook] INFO  c.a.n.c.r.c.g.GrpcClient - [shutdown,83] - Shutdown grpc executor java.util.concurrent.ThreadPoolExecutor@3eedbf4d[Running, pool size = 5, active threads = 0, queued tasks = 0, completed tasks = 176]
20:36:31.549 [SpringApplicationShutdownHook] INFO  c.a.n.client.naming - [shutdown,182] - com.alibaba.nacos.client.naming.remote.NamingClientProxyDelegate do shutdown stop
21:24:24.464 [background-preinit] INFO  o.h.v.i.util.Version - [<clinit>,21] - HV000001: Hibernate Validator 6.2.0.Final
21:24:25.600 [main] INFO  c.a.n.c.c.i.LocalConfigInfoProcessor - [<clinit>,67] - LOCAL_SNAPSHOT_PATH:C:\Users\86186\nacos\config
21:24:25.603 [main] INFO  c.a.n.c.r.client - [lambda$createClient$0,77] - [RpcClientFactory] create a new rpc client of 694fb10c-8c59-4b02-9a49-2b7d8ab2702f_config-0
21:24:25.642 [main] INFO  o.r.Reflections - [scan,232] - Reflections took 25 ms to scan 1 urls, producing 3 keys and 6 values 
21:24:25.667 [main] INFO  o.r.Reflections - [scan,232] - Reflections took 13 ms to scan 1 urls, producing 4 keys and 9 values 
21:24:25.681 [main] INFO  o.r.Reflections - [scan,232] - Reflections took 11 ms to scan 1 urls, producing 3 keys and 10 values 
21:24:25.833 [main] INFO  o.r.Reflections - [scan,232] - Reflections took 149 ms to scan 198 urls, producing 0 keys and 0 values 
21:24:25.844 [main] INFO  o.r.Reflections - [scan,232] - Reflections took 10 ms to scan 1 urls, producing 1 keys and 5 values 
21:24:25.856 [main] INFO  o.r.Reflections - [scan,232] - Reflections took 10 ms to scan 1 urls, producing 1 keys and 7 values 
21:24:25.868 [main] INFO  o.r.Reflections - [scan,232] - Reflections took 10 ms to scan 1 urls, producing 2 keys and 8 values 
21:24:26.018 [main] INFO  o.r.Reflections - [scan,232] - Reflections took 148 ms to scan 198 urls, producing 0 keys and 0 values 
21:24:26.019 [main] INFO  c.a.n.c.r.client - [printIfInfoEnabled,60] - [694fb10c-8c59-4b02-9a49-2b7d8ab2702f_config-0]RpcClient init label, labels={module=config, Vipserver-Tag=null, source=sdk, Amory-Tag=null, Location-Tag=null, taskId=0, AppName=unknown}
21:24:26.020 [main] INFO  c.a.n.c.r.client - [printIfInfoEnabled,60] - [694fb10c-8c59-4b02-9a49-2b7d8ab2702f_config-0]Register server push request handler:com.alibaba.nacos.client.config.impl.ClientWorker$ConfigRpcTransportClient$$Lambda$326/106557175
21:24:26.021 [main] INFO  c.a.n.c.r.client - [printIfInfoEnabled,60] - [694fb10c-8c59-4b02-9a49-2b7d8ab2702f_config-0]Register server push request handler:com.alibaba.nacos.client.config.impl.ClientWorker$ConfigRpcTransportClient$$Lambda$327/371976476
21:24:26.021 [main] INFO  c.a.n.c.r.client - [printIfInfoEnabled,60] - [694fb10c-8c59-4b02-9a49-2b7d8ab2702f_config-0]Registry connection listener to current client:com.alibaba.nacos.client.config.impl.ClientWorker$ConfigRpcTransportClient$1
21:24:26.022 [main] INFO  c.a.n.c.r.client - [printIfInfoEnabled,60] - [694fb10c-8c59-4b02-9a49-2b7d8ab2702f_config-0]RpcClient init, ServerListFactory =com.alibaba.nacos.client.config.impl.ClientWorker$ConfigRpcTransportClient$2
21:24:26.029 [main] INFO  c.a.n.c.r.client - [printIfInfoEnabled,60] - [694fb10c-8c59-4b02-9a49-2b7d8ab2702f_config-0] Try to connect to server on start up, server: {serverIp='192.168.145.130', server main port=2222}
21:24:27.996 [main] INFO  c.a.n.c.r.client - [printIfInfoEnabled,60] - [694fb10c-8c59-4b02-9a49-2b7d8ab2702f_config-0] Success to connect to server [192.168.145.130:2222] on start up,connectionId=1626816267111_172.18.0.1_51114
21:24:27.997 [com.alibaba.nacos.client.remote.worker] INFO  c.a.n.c.r.client - [printIfInfoEnabled,60] - [694fb10c-8c59-4b02-9a49-2b7d8ab2702f_config-0]Notify connected event to listeners.
21:24:27.997 [com.alibaba.nacos.client.remote.worker] INFO  c.a.n.c.c.i.ClientWorker - [onConnected,677] - [694fb10c-8c59-4b02-9a49-2b7d8ab2702f_config-0] Connected,notify listen context...
21:24:27.997 [main] INFO  c.a.n.c.r.client - [printIfInfoEnabled,60] - [694fb10c-8c59-4b02-9a49-2b7d8ab2702f_config-0]Register server push request handler:com.alibaba.nacos.common.remote.client.RpcClient$ConnectResetRequestHandler
21:24:27.998 [main] INFO  c.a.n.c.r.client - [printIfInfoEnabled,60] - [694fb10c-8c59-4b02-9a49-2b7d8ab2702f_config-0]Register server push request handler:com.alibaba.nacos.common.remote.client.RpcClient$4
21:24:28.045 [main] INFO  c.a.n.c.c.i.Limiter - [<clinit>,56] - limitTime:5.0
21:24:28.060 [main] INFO  c.a.n.c.c.u.JvmUtil - [<clinit>,53] - isMultiInstance:false
21:24:28.096 [main] INFO  c.m.g.MarsGatewayApplication - [logStartupProfileInfo,663] - The following profiles are active: dev
21:24:33.110 [main] INFO  c.a.c.s.g.s.SentinelSCGAutoConfiguration - [sentinelGatewayFilter,144] - [Sentinel SpringCloudGateway] register SentinelGatewayFilter with order: -2147483648
21:24:33.343 [main] INFO  c.a.n.client.naming - [call,67] - initializer namespace from System Property :null
21:24:33.344 [main] INFO  c.a.n.client.naming - [call,76] - initializer namespace from System Environment :null
21:24:33.344 [main] INFO  c.a.n.client.naming - [call,86] - initializer namespace from System Property :null
21:24:33.358 [main] INFO  c.a.n.c.r.client - [lambda$createClient$0,77] - [RpcClientFactory] create a new rpc client of e02b89e3-d7bf-41ed-a046-971e7d1af2b4
21:24:33.358 [main] INFO  c.a.n.c.r.client - [printIfInfoEnabled,60] - [e02b89e3-d7bf-41ed-a046-971e7d1af2b4]RpcClient init label, labels={module=naming, source=sdk}
21:24:33.359 [main] INFO  c.a.n.c.r.client - [printIfInfoEnabled,60] - [e02b89e3-d7bf-41ed-a046-971e7d1af2b4]RpcClient init, ServerListFactory =com.alibaba.nacos.client.naming.core.ServerListManager
21:24:33.360 [main] INFO  c.a.n.c.r.client - [printIfInfoEnabled,60] - [e02b89e3-d7bf-41ed-a046-971e7d1af2b4] Try to connect to server on start up, server: {serverIp='192.168.145.130', server main port=2222}
21:24:33.471 [main] INFO  c.a.n.c.r.client - [printIfInfoEnabled,60] - [e02b89e3-d7bf-41ed-a046-971e7d1af2b4] Success to connect to server [192.168.145.130:2222] on start up,connectionId=1626816272684_172.18.0.1_52340
21:24:33.472 [main] INFO  c.a.n.c.r.client - [printIfInfoEnabled,60] - [e02b89e3-d7bf-41ed-a046-971e7d1af2b4]Register server push request handler:com.alibaba.nacos.common.remote.client.RpcClient$ConnectResetRequestHandler
21:24:33.472 [main] INFO  c.a.n.c.r.client - [printIfInfoEnabled,60] - [e02b89e3-d7bf-41ed-a046-971e7d1af2b4]Register server push request handler:com.alibaba.nacos.common.remote.client.RpcClient$4
21:24:33.473 [main] INFO  c.a.n.c.r.client - [printIfInfoEnabled,60] - [e02b89e3-d7bf-41ed-a046-971e7d1af2b4]Register server push request handler:com.alibaba.nacos.client.naming.remote.gprc.NamingPushRequestHandler
21:24:33.474 [main] INFO  c.a.n.c.r.client - [printIfInfoEnabled,60] - [e02b89e3-d7bf-41ed-a046-971e7d1af2b4]Registry connection listener to current client:com.alibaba.nacos.client.naming.remote.gprc.NamingGrpcConnectionEventListener
21:24:33.924 [main] INFO  c.a.c.s.g.s.SentinelSCGAutoConfiguration - [sentinelGatewayBlockExceptionHandler,134] - [Sentinel SpringCloudGateway] register SentinelGatewayBlockExceptionHandler
21:24:34.172 [main] INFO  c.a.n.c.c.i.ClientWorker - [addCacheDataIfAbsent,384] - [config_rpc_client] [subscribe] sentinel-mars-gateway+DEFAULT_GROUP
21:24:34.178 [main] INFO  c.a.n.c.c.i.CacheData - [addListener,169] - [config_rpc_client] [add-listener] ok, tenant=, dataId=sentinel-mars-gateway, group=DEFAULT_GROUP, cnt=1
21:24:34.179 [main] INFO  c.a.n.c.r.client - [lambda$createClient$0,77] - [RpcClientFactory] create a new rpc client of ff98d233-20e8-484b-ba23-482c5bde9051_config-0
21:24:34.179 [main] INFO  c.a.n.c.r.client - [printIfInfoEnabled,60] - [ff98d233-20e8-484b-ba23-482c5bde9051_config-0]RpcClient init label, labels={module=config, Vipserver-Tag=null, source=sdk, Amory-Tag=null, Location-Tag=null, taskId=0, AppName=unknown}
21:24:34.179 [main] INFO  c.a.n.c.r.client - [printIfInfoEnabled,60] - [ff98d233-20e8-484b-ba23-482c5bde9051_config-0]Register server push request handler:com.alibaba.nacos.client.config.impl.ClientWorker$ConfigRpcTransportClient$$Lambda$326/106557175
21:24:34.179 [main] INFO  c.a.n.c.r.client - [printIfInfoEnabled,60] - [ff98d233-20e8-484b-ba23-482c5bde9051_config-0]Register server push request handler:com.alibaba.nacos.client.config.impl.ClientWorker$ConfigRpcTransportClient$$Lambda$327/371976476
21:24:34.179 [main] INFO  c.a.n.c.r.client - [printIfInfoEnabled,60] - [ff98d233-20e8-484b-ba23-482c5bde9051_config-0]Registry connection listener to current client:com.alibaba.nacos.client.config.impl.ClientWorker$ConfigRpcTransportClient$1
21:24:34.179 [main] INFO  c.a.n.c.r.client - [printIfInfoEnabled,60] - [ff98d233-20e8-484b-ba23-482c5bde9051_config-0]RpcClient init, ServerListFactory =com.alibaba.nacos.client.config.impl.ClientWorker$ConfigRpcTransportClient$2
21:24:34.180 [main] INFO  c.a.n.c.r.client - [printIfInfoEnabled,60] - [ff98d233-20e8-484b-ba23-482c5bde9051_config-0] Try to connect to server on start up, server: {serverIp='192.168.145.130', server main port=2222}
21:24:34.293 [main] INFO  c.a.n.c.r.client - [printIfInfoEnabled,60] - [ff98d233-20e8-484b-ba23-482c5bde9051_config-0] Success to connect to server [192.168.145.130:2222] on start up,connectionId=1626816273505_172.18.0.1_47592
21:24:34.293 [main] INFO  c.a.n.c.r.client - [printIfInfoEnabled,60] - [ff98d233-20e8-484b-ba23-482c5bde9051_config-0]Register server push request handler:com.alibaba.nacos.common.remote.client.RpcClient$ConnectResetRequestHandler
21:24:34.293 [com.alibaba.nacos.client.remote.worker] INFO  c.a.n.c.r.client - [printIfInfoEnabled,60] - [ff98d233-20e8-484b-ba23-482c5bde9051_config-0]Notify connected event to listeners.
21:24:34.293 [com.alibaba.nacos.client.remote.worker] INFO  c.a.n.c.c.i.ClientWorker - [onConnected,677] - [ff98d233-20e8-484b-ba23-482c5bde9051_config-0] Connected,notify listen context...
21:24:34.293 [main] INFO  c.a.n.c.r.client - [printIfInfoEnabled,60] - [ff98d233-20e8-484b-ba23-482c5bde9051_config-0]Register server push request handler:com.alibaba.nacos.common.remote.client.RpcClient$4
21:24:34.362 [main] INFO  c.a.n.client.naming - [isChangedServiceInfo,181] - init new ips(0) service: DEFAULT_GROUP@@mars-gateway@@DEFAULT -> []
21:24:34.363 [main] INFO  c.a.n.client.naming - [processServiceInfo,166] - current ips:(0) service: DEFAULT_GROUP@@mars-gateway@@DEFAULT -> []
21:24:34.438 [boundedElastic-3] INFO  c.a.n.client.naming - [isChangedServiceInfo,181] - init new ips(1) service: DEFAULT_GROUP@@mars-auth -> [{"ip":"192.168.138.1","port":9200,"weight":1.0,"healthy":true,"enabled":true,"ephemeral":true,"clusterName":"DEFAULT","serviceName":"DEFAULT_GROUP@@mars-auth","metadata":{"preserved.register.source":"SPRING_CLOUD"},"ipDeleteTimeout":30000,"instanceHeartBeatTimeOut":15000,"instanceHeartBeatInterval":5000}]
21:24:34.439 [boundedElastic-3] INFO  c.a.n.client.naming - [processServiceInfo,166] - current ips:(1) service: DEFAULT_GROUP@@mars-auth -> [{"ip":"192.168.138.1","port":9200,"weight":1.0,"healthy":true,"enabled":true,"ephemeral":true,"clusterName":"DEFAULT","serviceName":"DEFAULT_GROUP@@mars-auth","metadata":{"preserved.register.source":"SPRING_CLOUD"},"ipDeleteTimeout":30000,"instanceHeartBeatTimeOut":15000,"instanceHeartBeatInterval":5000}]
21:24:34.912 [nacos-grpc-client-executor-12] INFO  c.a.n.c.r.client - [printIfInfoEnabled,60] - [e02b89e3-d7bf-41ed-a046-971e7d1af2b4]receive server push request,request=NotifySubscriberRequest,requestId=3
21:24:34.913 [nacos-grpc-client-executor-12] INFO  c.a.n.client.naming - [isChangedServiceInfo,181] - init new ips(0) service: DEFAULT_GROUP@@mars-gateway -> []
21:24:34.913 [nacos-grpc-client-executor-12] INFO  c.a.n.client.naming - [processServiceInfo,166] - current ips:(0) service: DEFAULT_GROUP@@mars-gateway -> []
21:24:34.918 [nacos-grpc-client-executor-12] INFO  c.a.n.c.r.client - [printIfInfoEnabled,60] - [e02b89e3-d7bf-41ed-a046-971e7d1af2b4]ack server push request,request=NotifySubscriberRequest,requestId=3
21:24:35.005 [nacos-grpc-client-executor-13] INFO  c.a.n.c.r.client - [printIfInfoEnabled,60] - [e02b89e3-d7bf-41ed-a046-971e7d1af2b4]receive server push request,request=NotifySubscriberRequest,requestId=4
21:24:35.005 [nacos-grpc-client-executor-13] INFO  c.a.n.c.r.client - [printIfInfoEnabled,60] - [e02b89e3-d7bf-41ed-a046-971e7d1af2b4]ack server push request,request=NotifySubscriberRequest,requestId=4
21:24:36.157 [main] INFO  c.a.n.client.naming - [registerService,111] - [REGISTER-SERVICE] public registering service mars-gateway with instance Instance{instanceId='null', ip='192.168.138.1', port=8080, weight=1.0, healthy=true, enabled=true, ephemeral=true, clusterName='DEFAULT', serviceName='null', metadata={preserved.register.source=SPRING_CLOUD}}
21:24:36.165 [main] INFO  c.a.c.n.r.NacosServiceRegistry - [register,75] - nacos registry, DEFAULT_GROUP mars-gateway 192.168.138.1:8080 register finished
21:24:36.186 [main] INFO  c.m.g.MarsGatewayApplication - [logStarted,61] - Started MarsGatewayApplication in 13.032 seconds (JVM running for 14.92)
21:24:36.195 [main] INFO  c.a.n.c.c.i.ClientWorker - [addCacheDataIfAbsent,384] - [config_rpc_client] [subscribe] mars-gateway-dev.yml+DEFAULT_GROUP
21:24:36.196 [main] INFO  c.a.n.c.c.i.CacheData - [addListener,169] - [config_rpc_client] [add-listener] ok, tenant=, dataId=mars-gateway-dev.yml, group=DEFAULT_GROUP, cnt=1
21:24:36.196 [main] INFO  c.a.n.c.c.i.ClientWorker - [addCacheDataIfAbsent,384] - [config_rpc_client] [subscribe] mars-gateway+DEFAULT_GROUP
21:24:36.196 [main] INFO  c.a.n.c.c.i.CacheData - [addListener,169] - [config_rpc_client] [add-listener] ok, tenant=, dataId=mars-gateway, group=DEFAULT_GROUP, cnt=1
21:24:36.197 [main] INFO  c.a.n.c.c.i.ClientWorker - [addCacheDataIfAbsent,384] - [config_rpc_client] [subscribe] mars-gateway.yml+DEFAULT_GROUP
21:24:36.197 [main] INFO  c.a.n.c.c.i.CacheData - [addListener,169] - [config_rpc_client] [add-listener] ok, tenant=, dataId=mars-gateway.yml, group=DEFAULT_GROUP, cnt=1
21:24:36.724 [nacos-grpc-client-executor-19] INFO  c.a.n.c.r.client - [printIfInfoEnabled,60] - [e02b89e3-d7bf-41ed-a046-971e7d1af2b4]receive server push request,request=NotifySubscriberRequest,requestId=5
21:24:36.725 [nacos-grpc-client-executor-19] INFO  c.a.n.client.naming - [isChangedServiceInfo,235] - new ips(1) service: DEFAULT_GROUP@@mars-gateway -> [{"ip":"192.168.138.1","port":8080,"weight":1.0,"healthy":true,"enabled":true,"ephemeral":true,"clusterName":"DEFAULT","serviceName":"DEFAULT_GROUP@@mars-gateway","metadata":{"preserved.register.source":"SPRING_CLOUD"},"ipDeleteTimeout":30000,"instanceHeartBeatTimeOut":15000,"instanceHeartBeatInterval":5000}]
21:24:36.726 [nacos-grpc-client-executor-19] INFO  c.a.n.client.naming - [processServiceInfo,166] - current ips:(1) service: DEFAULT_GROUP@@mars-gateway -> [{"ip":"192.168.138.1","port":8080,"weight":1.0,"healthy":true,"enabled":true,"ephemeral":true,"clusterName":"DEFAULT","serviceName":"DEFAULT_GROUP@@mars-gateway","metadata":{"preserved.register.source":"SPRING_CLOUD"},"ipDeleteTimeout":30000,"instanceHeartBeatTimeOut":15000,"instanceHeartBeatInterval":5000}]
21:24:36.731 [nacos-grpc-client-executor-19] INFO  c.a.n.c.r.client - [printIfInfoEnabled,60] - [e02b89e3-d7bf-41ed-a046-971e7d1af2b4]ack server push request,request=NotifySubscriberRequest,requestId=5
21:24:37.384 [com.alibaba.nacos.client.naming.updater.0] INFO  c.a.n.client.naming - [isChangedServiceInfo,235] - new ips(1) service: DEFAULT_GROUP@@mars-gateway@@DEFAULT -> [{"ip":"192.168.138.1","port":8080,"weight":1.0,"healthy":true,"enabled":true,"ephemeral":true,"clusterName":"DEFAULT","serviceName":"DEFAULT_GROUP@@mars-gateway","metadata":{"preserved.register.source":"SPRING_CLOUD"},"ipDeleteTimeout":30000,"instanceHeartBeatTimeOut":15000,"instanceHeartBeatInterval":5000}]
21:24:37.385 [com.alibaba.nacos.client.naming.updater.0] INFO  c.a.n.client.naming - [processServiceInfo,166] - current ips:(1) service: DEFAULT_GROUP@@mars-gateway@@DEFAULT -> [{"ip":"192.168.138.1","port":8080,"weight":1.0,"healthy":true,"enabled":true,"ephemeral":true,"clusterName":"DEFAULT","serviceName":"DEFAULT_GROUP@@mars-gateway","metadata":{"preserved.register.source":"SPRING_CLOUD"},"ipDeleteTimeout":30000,"instanceHeartBeatTimeOut":15000,"instanceHeartBeatInterval":5000}]
21:41:44.831 [nacos-grpc-client-executor-263] INFO  c.a.n.c.r.client - [printIfInfoEnabled,60] - [e02b89e3-d7bf-41ed-a046-971e7d1af2b4]receive server push request,request=NotifySubscriberRequest,requestId=6
21:41:44.832 [nacos-grpc-client-executor-263] INFO  c.a.n.client.naming - [isChangedServiceInfo,241] - removed ips(1) service: DEFAULT_GROUP@@mars-auth -> [{"ip":"192.168.138.1","port":9200,"weight":1.0,"healthy":true,"enabled":true,"ephemeral":true,"clusterName":"DEFAULT","serviceName":"DEFAULT_GROUP@@mars-auth","metadata":{"preserved.register.source":"SPRING_CLOUD"},"ipDeleteTimeout":30000,"instanceHeartBeatTimeOut":15000,"instanceHeartBeatInterval":5000}]
21:41:44.832 [nacos-grpc-client-executor-263] INFO  c.a.n.client.naming - [processServiceInfo,166] - current ips:(0) service: DEFAULT_GROUP@@mars-auth -> []
21:41:44.838 [nacos-grpc-client-executor-263] INFO  c.a.n.c.r.client - [printIfInfoEnabled,60] - [e02b89e3-d7bf-41ed-a046-971e7d1af2b4]ack server push request,request=NotifySubscriberRequest,requestId=6
