02:42:02.890 [background-preinit] INFO  o.h.v.i.util.Version - [<clinit>,21] - HV000001: Hibernate Validator 6.2.0.Final
02:42:04.031 [main] INFO  c.a.n.c.c.i.LocalConfigInfoProcessor - [<clinit>,67] - LOCAL_SNAPSHOT_PATH:C:\Users\86186\nacos\config
02:42:04.034 [main] INFO  c.a.n.c.r.client - [lambda$createClient$0,77] - [RpcClientFactory] create a new rpc client of 8fd24bb4-e3fd-419f-9d11-24b5c29354c6_config-0
02:42:04.081 [main] INFO  o.r.Reflections - [scan,232] - Reflections took 29 ms to scan 1 urls, producing 3 keys and 6 values 
02:42:04.111 [main] INFO  o.r.Reflections - [scan,232] - Reflections took 14 ms to scan 1 urls, producing 4 keys and 9 values 
02:42:04.126 [main] INFO  o.r.Reflections - [scan,232] - Reflections took 12 ms to scan 1 urls, producing 3 keys and 10 values 
02:42:04.296 [main] INFO  o.r.Reflections - [scan,232] - Reflections took 166 ms to scan 190 urls, producing 0 keys and 0 values 
02:42:04.307 [main] INFO  o.r.Reflections - [scan,232] - Reflections took 10 ms to scan 1 urls, producing 1 keys and 5 values 
02:42:04.320 [main] INFO  o.r.Reflections - [scan,232] - Reflections took 10 ms to scan 1 urls, producing 1 keys and 7 values 
02:42:04.333 [main] INFO  o.r.Reflections - [scan,232] - Reflections took 10 ms to scan 1 urls, producing 2 keys and 8 values 
02:42:04.495 [main] INFO  o.r.Reflections - [scan,232] - Reflections took 160 ms to scan 190 urls, producing 0 keys and 0 values 
02:42:04.499 [main] INFO  c.a.n.c.r.client - [printIfInfoEnabled,60] - [8fd24bb4-e3fd-419f-9d11-24b5c29354c6_config-0]RpcClient init label, labels={module=config, Vipserver-Tag=null, source=sdk, Amory-Tag=null, Location-Tag=null, taskId=0, AppName=unknown}
02:42:04.499 [main] INFO  c.a.n.c.r.client - [printIfInfoEnabled,60] - [8fd24bb4-e3fd-419f-9d11-24b5c29354c6_config-0]Register server push request handler:com.alibaba.nacos.client.config.impl.ClientWorker$ConfigRpcTransportClient$$Lambda$325/648303898
02:42:04.500 [main] INFO  c.a.n.c.r.client - [printIfInfoEnabled,60] - [8fd24bb4-e3fd-419f-9d11-24b5c29354c6_config-0]Register server push request handler:com.alibaba.nacos.client.config.impl.ClientWorker$ConfigRpcTransportClient$$Lambda$326/66972878
02:42:04.501 [main] INFO  c.a.n.c.r.client - [printIfInfoEnabled,60] - [8fd24bb4-e3fd-419f-9d11-24b5c29354c6_config-0]Registry connection listener to current client:com.alibaba.nacos.client.config.impl.ClientWorker$ConfigRpcTransportClient$1
02:42:04.502 [main] INFO  c.a.n.c.r.client - [printIfInfoEnabled,60] - [8fd24bb4-e3fd-419f-9d11-24b5c29354c6_config-0]RpcClient init, ServerListFactory =com.alibaba.nacos.client.config.impl.ClientWorker$ConfigRpcTransportClient$2
02:42:04.511 [main] INFO  c.a.n.c.r.client - [printIfInfoEnabled,60] - [8fd24bb4-e3fd-419f-9d11-24b5c29354c6_config-0] Try to connect to server on start up, server: {serverIp='192.168.145.130', server main port=2222}
02:42:06.631 [main] INFO  c.a.n.c.r.client - [printIfInfoEnabled,60] - [8fd24bb4-e3fd-419f-9d11-24b5c29354c6_config-0] Success to connect to server [192.168.145.130:2222] on start up,connectionId=1627238528202_172.18.0.1_56102
02:42:06.632 [com.alibaba.nacos.client.remote.worker] INFO  c.a.n.c.r.client - [printIfInfoEnabled,60] - [8fd24bb4-e3fd-419f-9d11-24b5c29354c6_config-0]Notify connected event to listeners.
02:42:06.632 [com.alibaba.nacos.client.remote.worker] INFO  c.a.n.c.c.i.ClientWorker - [onConnected,677] - [8fd24bb4-e3fd-419f-9d11-24b5c29354c6_config-0] Connected,notify listen context...
02:42:06.632 [main] INFO  c.a.n.c.r.client - [printIfInfoEnabled,60] - [8fd24bb4-e3fd-419f-9d11-24b5c29354c6_config-0]Register server push request handler:com.alibaba.nacos.common.remote.client.RpcClient$ConnectResetRequestHandler
02:42:06.632 [main] INFO  c.a.n.c.r.client - [printIfInfoEnabled,60] - [8fd24bb4-e3fd-419f-9d11-24b5c29354c6_config-0]Register server push request handler:com.alibaba.nacos.common.remote.client.RpcClient$4
02:42:06.677 [main] INFO  c.a.n.c.c.i.Limiter - [<clinit>,56] - limitTime:5.0
02:42:06.695 [main] INFO  c.a.n.c.c.u.JvmUtil - [<clinit>,53] - isMultiInstance:false
02:42:06.730 [main] INFO  c.m.s.MarsSystemApplication - [logStartupProfileInfo,663] - The following profiles are active: dev
02:43:20.059 [background-preinit] INFO  o.h.v.i.util.Version - [<clinit>,21] - HV000001: Hibernate Validator 6.2.0.Final
02:43:21.175 [main] INFO  c.a.n.c.c.i.LocalConfigInfoProcessor - [<clinit>,67] - LOCAL_SNAPSHOT_PATH:C:\Users\86186\nacos\config
02:43:21.178 [main] INFO  c.a.n.c.r.client - [lambda$createClient$0,77] - [RpcClientFactory] create a new rpc client of a6ce6eaa-45fb-421a-a57c-f2f207882350_config-0
02:43:21.221 [main] INFO  o.r.Reflections - [scan,232] - Reflections took 27 ms to scan 1 urls, producing 3 keys and 6 values 
02:43:21.250 [main] INFO  o.r.Reflections - [scan,232] - Reflections took 13 ms to scan 1 urls, producing 4 keys and 9 values 
02:43:21.263 [main] INFO  o.r.Reflections - [scan,232] - Reflections took 11 ms to scan 1 urls, producing 3 keys and 10 values 
02:43:21.437 [main] INFO  o.r.Reflections - [scan,232] - Reflections took 171 ms to scan 190 urls, producing 0 keys and 0 values 
02:43:21.448 [main] INFO  o.r.Reflections - [scan,232] - Reflections took 10 ms to scan 1 urls, producing 1 keys and 5 values 
02:43:21.462 [main] INFO  o.r.Reflections - [scan,232] - Reflections took 12 ms to scan 1 urls, producing 1 keys and 7 values 
02:43:21.475 [main] INFO  o.r.Reflections - [scan,232] - Reflections took 10 ms to scan 1 urls, producing 2 keys and 8 values 
02:43:21.628 [main] INFO  o.r.Reflections - [scan,232] - Reflections took 151 ms to scan 190 urls, producing 0 keys and 0 values 
02:43:21.631 [main] INFO  c.a.n.c.r.client - [printIfInfoEnabled,60] - [a6ce6eaa-45fb-421a-a57c-f2f207882350_config-0]RpcClient init label, labels={module=config, Vipserver-Tag=null, source=sdk, Amory-Tag=null, Location-Tag=null, taskId=0, AppName=unknown}
02:43:21.632 [main] INFO  c.a.n.c.r.client - [printIfInfoEnabled,60] - [a6ce6eaa-45fb-421a-a57c-f2f207882350_config-0]Register server push request handler:com.alibaba.nacos.client.config.impl.ClientWorker$ConfigRpcTransportClient$$Lambda$325/1992630936
02:43:21.632 [main] INFO  c.a.n.c.r.client - [printIfInfoEnabled,60] - [a6ce6eaa-45fb-421a-a57c-f2f207882350_config-0]Register server push request handler:com.alibaba.nacos.client.config.impl.ClientWorker$ConfigRpcTransportClient$$Lambda$326/196717412
02:43:21.633 [main] INFO  c.a.n.c.r.client - [printIfInfoEnabled,60] - [a6ce6eaa-45fb-421a-a57c-f2f207882350_config-0]Registry connection listener to current client:com.alibaba.nacos.client.config.impl.ClientWorker$ConfigRpcTransportClient$1
02:43:21.634 [main] INFO  c.a.n.c.r.client - [printIfInfoEnabled,60] - [a6ce6eaa-45fb-421a-a57c-f2f207882350_config-0]RpcClient init, ServerListFactory =com.alibaba.nacos.client.config.impl.ClientWorker$ConfigRpcTransportClient$2
02:43:21.643 [main] INFO  c.a.n.c.r.client - [printIfInfoEnabled,60] - [a6ce6eaa-45fb-421a-a57c-f2f207882350_config-0] Try to connect to server on start up, server: {serverIp='192.168.145.130', server main port=2222}
02:43:23.728 [main] INFO  c.a.n.c.r.client - [printIfInfoEnabled,60] - [a6ce6eaa-45fb-421a-a57c-f2f207882350_config-0] Success to connect to server [192.168.145.130:2222] on start up,connectionId=1627238605301_172.18.0.1_41930
02:43:23.729 [com.alibaba.nacos.client.remote.worker] INFO  c.a.n.c.r.client - [printIfInfoEnabled,60] - [a6ce6eaa-45fb-421a-a57c-f2f207882350_config-0]Notify connected event to listeners.
02:43:23.730 [com.alibaba.nacos.client.remote.worker] INFO  c.a.n.c.c.i.ClientWorker - [onConnected,677] - [a6ce6eaa-45fb-421a-a57c-f2f207882350_config-0] Connected,notify listen context...
02:43:23.730 [main] INFO  c.a.n.c.r.client - [printIfInfoEnabled,60] - [a6ce6eaa-45fb-421a-a57c-f2f207882350_config-0]Register server push request handler:com.alibaba.nacos.common.remote.client.RpcClient$ConnectResetRequestHandler
02:43:23.731 [main] INFO  c.a.n.c.r.client - [printIfInfoEnabled,60] - [a6ce6eaa-45fb-421a-a57c-f2f207882350_config-0]Register server push request handler:com.alibaba.nacos.common.remote.client.RpcClient$4
02:43:23.783 [main] INFO  c.a.n.c.c.i.Limiter - [<clinit>,56] - limitTime:5.0
02:43:23.802 [main] INFO  c.a.n.c.c.u.JvmUtil - [<clinit>,53] - isMultiInstance:false
02:43:23.841 [main] INFO  c.m.s.MarsSystemApplication - [logStartupProfileInfo,663] - The following profiles are active: dev
02:47:36.990 [background-preinit] INFO  o.h.v.i.util.Version - [<clinit>,21] - HV000001: Hibernate Validator 6.2.0.Final
02:47:38.085 [main] INFO  c.a.n.c.c.i.LocalConfigInfoProcessor - [<clinit>,67] - LOCAL_SNAPSHOT_PATH:C:\Users\86186\nacos\config
02:47:38.089 [main] INFO  c.a.n.c.r.client - [lambda$createClient$0,77] - [RpcClientFactory] create a new rpc client of a572aa3e-84e0-47d5-81ac-4529ef1f15d5_config-0
02:47:38.133 [main] INFO  o.r.Reflections - [scan,232] - Reflections took 28 ms to scan 1 urls, producing 3 keys and 6 values 
02:47:38.161 [main] INFO  o.r.Reflections - [scan,232] - Reflections took 14 ms to scan 1 urls, producing 4 keys and 9 values 
02:47:38.174 [main] INFO  o.r.Reflections - [scan,232] - Reflections took 11 ms to scan 1 urls, producing 3 keys and 10 values 
02:47:38.338 [main] INFO  o.r.Reflections - [scan,232] - Reflections took 162 ms to scan 190 urls, producing 0 keys and 0 values 
02:47:38.350 [main] INFO  o.r.Reflections - [scan,232] - Reflections took 11 ms to scan 1 urls, producing 1 keys and 5 values 
02:47:38.365 [main] INFO  o.r.Reflections - [scan,232] - Reflections took 13 ms to scan 1 urls, producing 1 keys and 7 values 
02:47:38.378 [main] INFO  o.r.Reflections - [scan,232] - Reflections took 11 ms to scan 1 urls, producing 2 keys and 8 values 
02:47:38.537 [main] INFO  o.r.Reflections - [scan,232] - Reflections took 157 ms to scan 190 urls, producing 0 keys and 0 values 
02:47:38.538 [main] INFO  c.a.n.c.r.client - [printIfInfoEnabled,60] - [a572aa3e-84e0-47d5-81ac-4529ef1f15d5_config-0]RpcClient init label, labels={module=config, Vipserver-Tag=null, source=sdk, Amory-Tag=null, Location-Tag=null, taskId=0, AppName=unknown}
02:47:38.539 [main] INFO  c.a.n.c.r.client - [printIfInfoEnabled,60] - [a572aa3e-84e0-47d5-81ac-4529ef1f15d5_config-0]Register server push request handler:com.alibaba.nacos.client.config.impl.ClientWorker$ConfigRpcTransportClient$$Lambda$325/1850301256
02:47:38.539 [main] INFO  c.a.n.c.r.client - [printIfInfoEnabled,60] - [a572aa3e-84e0-47d5-81ac-4529ef1f15d5_config-0]Register server push request handler:com.alibaba.nacos.client.config.impl.ClientWorker$ConfigRpcTransportClient$$Lambda$326/492947164
02:47:38.540 [main] INFO  c.a.n.c.r.client - [printIfInfoEnabled,60] - [a572aa3e-84e0-47d5-81ac-4529ef1f15d5_config-0]Registry connection listener to current client:com.alibaba.nacos.client.config.impl.ClientWorker$ConfigRpcTransportClient$1
02:47:38.541 [main] INFO  c.a.n.c.r.client - [printIfInfoEnabled,60] - [a572aa3e-84e0-47d5-81ac-4529ef1f15d5_config-0]RpcClient init, ServerListFactory =com.alibaba.nacos.client.config.impl.ClientWorker$ConfigRpcTransportClient$2
02:47:38.550 [main] INFO  c.a.n.c.r.client - [printIfInfoEnabled,60] - [a572aa3e-84e0-47d5-81ac-4529ef1f15d5_config-0] Try to connect to server on start up, server: {serverIp='192.168.145.130', server main port=2222}
02:47:40.745 [main] INFO  c.a.n.c.r.client - [printIfInfoEnabled,60] - [a572aa3e-84e0-47d5-81ac-4529ef1f15d5_config-0] Success to connect to server [192.168.145.130:2222] on start up,connectionId=1627238862321_172.18.0.1_34090
02:47:40.746 [com.alibaba.nacos.client.remote.worker] INFO  c.a.n.c.r.client - [printIfInfoEnabled,60] - [a572aa3e-84e0-47d5-81ac-4529ef1f15d5_config-0]Notify connected event to listeners.
02:47:40.746 [com.alibaba.nacos.client.remote.worker] INFO  c.a.n.c.c.i.ClientWorker - [onConnected,677] - [a572aa3e-84e0-47d5-81ac-4529ef1f15d5_config-0] Connected,notify listen context...
02:47:40.746 [main] INFO  c.a.n.c.r.client - [printIfInfoEnabled,60] - [a572aa3e-84e0-47d5-81ac-4529ef1f15d5_config-0]Register server push request handler:com.alibaba.nacos.common.remote.client.RpcClient$ConnectResetRequestHandler
02:47:40.747 [main] INFO  c.a.n.c.r.client - [printIfInfoEnabled,60] - [a572aa3e-84e0-47d5-81ac-4529ef1f15d5_config-0]Register server push request handler:com.alibaba.nacos.common.remote.client.RpcClient$4
02:47:40.788 [main] INFO  c.a.n.c.c.i.Limiter - [<clinit>,56] - limitTime:5.0
02:47:40.805 [main] INFO  c.a.n.c.c.u.JvmUtil - [<clinit>,53] - isMultiInstance:false
02:47:40.847 [main] INFO  c.m.s.MarsSystemApplication - [logStartupProfileInfo,663] - The following profiles are active: dev
02:48:58.849 [background-preinit] INFO  o.h.v.i.util.Version - [<clinit>,21] - HV000001: Hibernate Validator 6.2.0.Final
02:48:59.972 [main] INFO  c.a.n.c.c.i.LocalConfigInfoProcessor - [<clinit>,67] - LOCAL_SNAPSHOT_PATH:C:\Users\86186\nacos\config
02:48:59.975 [main] INFO  c.a.n.c.r.client - [lambda$createClient$0,77] - [RpcClientFactory] create a new rpc client of fd67a3af-3eec-4bc8-a5e2-e275db9eee1d_config-0
02:49:00.025 [main] INFO  o.r.Reflections - [scan,232] - Reflections took 34 ms to scan 1 urls, producing 3 keys and 6 values 
02:49:00.053 [main] INFO  o.r.Reflections - [scan,232] - Reflections took 14 ms to scan 1 urls, producing 4 keys and 9 values 
02:49:00.068 [main] INFO  o.r.Reflections - [scan,232] - Reflections took 12 ms to scan 1 urls, producing 3 keys and 10 values 
02:49:00.256 [main] INFO  o.r.Reflections - [scan,232] - Reflections took 185 ms to scan 197 urls, producing 0 keys and 0 values 
02:49:00.272 [main] INFO  o.r.Reflections - [scan,232] - Reflections took 15 ms to scan 1 urls, producing 1 keys and 5 values 
02:49:00.292 [main] INFO  o.r.Reflections - [scan,232] - Reflections took 18 ms to scan 1 urls, producing 1 keys and 7 values 
02:49:00.306 [main] INFO  o.r.Reflections - [scan,232] - Reflections took 11 ms to scan 1 urls, producing 2 keys and 8 values 
02:49:00.464 [main] INFO  o.r.Reflections - [scan,232] - Reflections took 156 ms to scan 197 urls, producing 0 keys and 0 values 
02:49:00.466 [main] INFO  c.a.n.c.r.client - [printIfInfoEnabled,60] - [fd67a3af-3eec-4bc8-a5e2-e275db9eee1d_config-0]RpcClient init label, labels={module=config, Vipserver-Tag=null, source=sdk, Amory-Tag=null, Location-Tag=null, taskId=0, AppName=unknown}
02:49:00.466 [main] INFO  c.a.n.c.r.client - [printIfInfoEnabled,60] - [fd67a3af-3eec-4bc8-a5e2-e275db9eee1d_config-0]Register server push request handler:com.alibaba.nacos.client.config.impl.ClientWorker$ConfigRpcTransportClient$$Lambda$325/247575268
02:49:00.467 [main] INFO  c.a.n.c.r.client - [printIfInfoEnabled,60] - [fd67a3af-3eec-4bc8-a5e2-e275db9eee1d_config-0]Register server push request handler:com.alibaba.nacos.client.config.impl.ClientWorker$ConfigRpcTransportClient$$Lambda$326/698784309
02:49:00.468 [main] INFO  c.a.n.c.r.client - [printIfInfoEnabled,60] - [fd67a3af-3eec-4bc8-a5e2-e275db9eee1d_config-0]Registry connection listener to current client:com.alibaba.nacos.client.config.impl.ClientWorker$ConfigRpcTransportClient$1
02:49:00.468 [main] INFO  c.a.n.c.r.client - [printIfInfoEnabled,60] - [fd67a3af-3eec-4bc8-a5e2-e275db9eee1d_config-0]RpcClient init, ServerListFactory =com.alibaba.nacos.client.config.impl.ClientWorker$ConfigRpcTransportClient$2
02:49:00.476 [main] INFO  c.a.n.c.r.client - [printIfInfoEnabled,60] - [fd67a3af-3eec-4bc8-a5e2-e275db9eee1d_config-0] Try to connect to server on start up, server: {serverIp='192.168.145.130', server main port=2222}
02:49:02.580 [main] INFO  c.a.n.c.r.client - [printIfInfoEnabled,60] - [fd67a3af-3eec-4bc8-a5e2-e275db9eee1d_config-0] Success to connect to server [192.168.145.130:2222] on start up,connectionId=1627238944106_172.18.0.1_56350
02:49:02.581 [com.alibaba.nacos.client.remote.worker] INFO  c.a.n.c.r.client - [printIfInfoEnabled,60] - [fd67a3af-3eec-4bc8-a5e2-e275db9eee1d_config-0]Notify connected event to listeners.
02:49:02.581 [com.alibaba.nacos.client.remote.worker] INFO  c.a.n.c.c.i.ClientWorker - [onConnected,677] - [fd67a3af-3eec-4bc8-a5e2-e275db9eee1d_config-0] Connected,notify listen context...
02:49:02.581 [main] INFO  c.a.n.c.r.client - [printIfInfoEnabled,60] - [fd67a3af-3eec-4bc8-a5e2-e275db9eee1d_config-0]Register server push request handler:com.alibaba.nacos.common.remote.client.RpcClient$ConnectResetRequestHandler
02:49:02.582 [main] INFO  c.a.n.c.r.client - [printIfInfoEnabled,60] - [fd67a3af-3eec-4bc8-a5e2-e275db9eee1d_config-0]Register server push request handler:com.alibaba.nacos.common.remote.client.RpcClient$4
02:49:02.638 [main] INFO  c.a.n.c.c.i.Limiter - [<clinit>,56] - limitTime:5.0
02:49:02.654 [main] INFO  c.a.n.c.c.u.JvmUtil - [<clinit>,53] - isMultiInstance:false
02:49:02.692 [main] INFO  c.m.s.MarsSystemApplication - [logStartupProfileInfo,663] - The following profiles are active: dev
02:49:04.724 [main] INFO  o.a.c.h.Http11NioProtocol - [log,173] - Initializing ProtocolHandler ["http-nio-9201"]
02:49:04.725 [main] INFO  o.a.c.c.StandardService - [log,173] - Starting service [Tomcat]
02:49:04.725 [main] INFO  o.a.c.c.StandardEngine - [log,173] - Starting Servlet engine: [Apache Tomcat/9.0.46]
02:49:04.859 [main] INFO  o.a.c.c.C.[.[.[/] - [log,173] - Initializing Spring embedded WebApplicationContext
02:49:06.263 [main] INFO  c.a.d.p.DruidDataSource - [init,990] - {dataSource-1,master} inited
02:49:06.271 [main] INFO  o.a.c.c.StandardService - [log,173] - Stopping service [Tomcat]
02:49:06.298 [Druid-ConnectionPool-Create-1568012558] INFO  c.a.d.p.DruidAbstractDataSource - [setFailContinuous,1804] - {dataSource-1} failContinuous is true
02:51:53.313 [background-preinit] INFO  o.h.v.i.util.Version - [<clinit>,21] - HV000001: Hibernate Validator 6.2.0.Final
02:51:54.686 [main] INFO  c.a.n.c.c.i.LocalConfigInfoProcessor - [<clinit>,67] - LOCAL_SNAPSHOT_PATH:C:\Users\86186\nacos\config
02:51:54.689 [main] INFO  c.a.n.c.r.client - [lambda$createClient$0,77] - [RpcClientFactory] create a new rpc client of 1a04de4c-16db-4245-b6ef-f02de0ec8696_config-0
02:51:54.741 [main] INFO  o.r.Reflections - [scan,232] - Reflections took 34 ms to scan 1 urls, producing 3 keys and 6 values 
02:51:54.772 [main] INFO  o.r.Reflections - [scan,232] - Reflections took 16 ms to scan 1 urls, producing 4 keys and 9 values 
02:51:54.794 [main] INFO  o.r.Reflections - [scan,232] - Reflections took 18 ms to scan 1 urls, producing 3 keys and 10 values 
02:51:54.980 [main] INFO  o.r.Reflections - [scan,232] - Reflections took 181 ms to scan 197 urls, producing 0 keys and 0 values 
02:51:54.990 [main] INFO  o.r.Reflections - [scan,232] - Reflections took 10 ms to scan 1 urls, producing 1 keys and 5 values 
02:51:55.005 [main] INFO  o.r.Reflections - [scan,232] - Reflections took 13 ms to scan 1 urls, producing 1 keys and 7 values 
02:51:55.018 [main] INFO  o.r.Reflections - [scan,232] - Reflections took 10 ms to scan 1 urls, producing 2 keys and 8 values 
02:51:55.165 [main] INFO  o.r.Reflections - [scan,232] - Reflections took 145 ms to scan 197 urls, producing 0 keys and 0 values 
02:51:55.168 [main] INFO  c.a.n.c.r.client - [printIfInfoEnabled,60] - [1a04de4c-16db-4245-b6ef-f02de0ec8696_config-0]RpcClient init label, labels={module=config, Vipserver-Tag=null, source=sdk, Amory-Tag=null, Location-Tag=null, taskId=0, AppName=unknown}
02:51:55.169 [main] INFO  c.a.n.c.r.client - [printIfInfoEnabled,60] - [1a04de4c-16db-4245-b6ef-f02de0ec8696_config-0]Register server push request handler:com.alibaba.nacos.client.config.impl.ClientWorker$ConfigRpcTransportClient$$Lambda$325/2081952435
02:51:55.170 [main] INFO  c.a.n.c.r.client - [printIfInfoEnabled,60] - [1a04de4c-16db-4245-b6ef-f02de0ec8696_config-0]Register server push request handler:com.alibaba.nacos.client.config.impl.ClientWorker$ConfigRpcTransportClient$$Lambda$326/1124288521
02:51:55.171 [main] INFO  c.a.n.c.r.client - [printIfInfoEnabled,60] - [1a04de4c-16db-4245-b6ef-f02de0ec8696_config-0]Registry connection listener to current client:com.alibaba.nacos.client.config.impl.ClientWorker$ConfigRpcTransportClient$1
02:51:55.171 [main] INFO  c.a.n.c.r.client - [printIfInfoEnabled,60] - [1a04de4c-16db-4245-b6ef-f02de0ec8696_config-0]RpcClient init, ServerListFactory =com.alibaba.nacos.client.config.impl.ClientWorker$ConfigRpcTransportClient$2
02:51:55.180 [main] INFO  c.a.n.c.r.client - [printIfInfoEnabled,60] - [1a04de4c-16db-4245-b6ef-f02de0ec8696_config-0] Try to connect to server on start up, server: {serverIp='192.168.145.130', server main port=2222}
02:51:57.269 [main] INFO  c.a.n.c.r.client - [printIfInfoEnabled,60] - [1a04de4c-16db-4245-b6ef-f02de0ec8696_config-0] Success to connect to server [192.168.145.130:2222] on start up,connectionId=1627239118788_172.18.0.1_42278
02:51:57.269 [com.alibaba.nacos.client.remote.worker] INFO  c.a.n.c.r.client - [printIfInfoEnabled,60] - [1a04de4c-16db-4245-b6ef-f02de0ec8696_config-0]Notify connected event to listeners.
02:51:57.270 [com.alibaba.nacos.client.remote.worker] INFO  c.a.n.c.c.i.ClientWorker - [onConnected,677] - [1a04de4c-16db-4245-b6ef-f02de0ec8696_config-0] Connected,notify listen context...
02:51:57.270 [main] INFO  c.a.n.c.r.client - [printIfInfoEnabled,60] - [1a04de4c-16db-4245-b6ef-f02de0ec8696_config-0]Register server push request handler:com.alibaba.nacos.common.remote.client.RpcClient$ConnectResetRequestHandler
02:51:57.270 [main] INFO  c.a.n.c.r.client - [printIfInfoEnabled,60] - [1a04de4c-16db-4245-b6ef-f02de0ec8696_config-0]Register server push request handler:com.alibaba.nacos.common.remote.client.RpcClient$4
02:51:57.313 [main] INFO  c.a.n.c.c.i.Limiter - [<clinit>,56] - limitTime:5.0
02:51:57.329 [main] INFO  c.a.n.c.c.u.JvmUtil - [<clinit>,53] - isMultiInstance:false
02:51:57.364 [main] INFO  c.m.s.MarsSystemApplication - [logStartupProfileInfo,663] - The following profiles are active: dev
02:51:59.377 [main] INFO  o.a.c.h.Http11NioProtocol - [log,173] - Initializing ProtocolHandler ["http-nio-9201"]
02:51:59.378 [main] INFO  o.a.c.c.StandardService - [log,173] - Starting service [Tomcat]
02:51:59.378 [main] INFO  o.a.c.c.StandardEngine - [log,173] - Starting Servlet engine: [Apache Tomcat/9.0.46]
02:51:59.513 [main] INFO  o.a.c.c.C.[.[.[/] - [log,173] - Initializing Spring embedded WebApplicationContext
02:52:00.524 [main] INFO  c.a.d.p.DruidDataSource - [init,990] - {dataSource-1,master} inited
02:52:00.529 [main] INFO  o.a.c.c.StandardService - [log,173] - Stopping service [Tomcat]
02:52:00.559 [Druid-ConnectionPool-Create-791528455] INFO  c.a.d.p.DruidAbstractDataSource - [setFailContinuous,1804] - {dataSource-1} failContinuous is true
02:53:02.529 [background-preinit] INFO  o.h.v.i.util.Version - [<clinit>,21] - HV000001: Hibernate Validator 6.2.0.Final
02:53:03.635 [main] INFO  c.a.n.c.c.i.LocalConfigInfoProcessor - [<clinit>,67] - LOCAL_SNAPSHOT_PATH:C:\Users\86186\nacos\config
02:53:03.638 [main] INFO  c.a.n.c.r.client - [lambda$createClient$0,77] - [RpcClientFactory] create a new rpc client of 30dafa1b-6241-41d8-ba30-4a9aefe1b14c_config-0
02:53:03.684 [main] INFO  o.r.Reflections - [scan,232] - Reflections took 30 ms to scan 1 urls, producing 3 keys and 6 values 
02:53:03.713 [main] INFO  o.r.Reflections - [scan,232] - Reflections took 14 ms to scan 1 urls, producing 4 keys and 9 values 
02:53:03.728 [main] INFO  o.r.Reflections - [scan,232] - Reflections took 12 ms to scan 1 urls, producing 3 keys and 10 values 
02:53:03.906 [main] INFO  o.r.Reflections - [scan,232] - Reflections took 175 ms to scan 197 urls, producing 0 keys and 0 values 
02:53:03.919 [main] INFO  o.r.Reflections - [scan,232] - Reflections took 12 ms to scan 1 urls, producing 1 keys and 5 values 
02:53:03.935 [main] INFO  o.r.Reflections - [scan,232] - Reflections took 13 ms to scan 1 urls, producing 1 keys and 7 values 
02:53:03.951 [main] INFO  o.r.Reflections - [scan,232] - Reflections took 14 ms to scan 1 urls, producing 2 keys and 8 values 
02:53:04.098 [main] INFO  o.r.Reflections - [scan,232] - Reflections took 145 ms to scan 197 urls, producing 0 keys and 0 values 
02:53:04.101 [main] INFO  c.a.n.c.r.client - [printIfInfoEnabled,60] - [30dafa1b-6241-41d8-ba30-4a9aefe1b14c_config-0]RpcClient init label, labels={module=config, Vipserver-Tag=null, source=sdk, Amory-Tag=null, Location-Tag=null, taskId=0, AppName=unknown}
02:53:04.102 [main] INFO  c.a.n.c.r.client - [printIfInfoEnabled,60] - [30dafa1b-6241-41d8-ba30-4a9aefe1b14c_config-0]Register server push request handler:com.alibaba.nacos.client.config.impl.ClientWorker$ConfigRpcTransportClient$$Lambda$325/1334528976
02:53:04.102 [main] INFO  c.a.n.c.r.client - [printIfInfoEnabled,60] - [30dafa1b-6241-41d8-ba30-4a9aefe1b14c_config-0]Register server push request handler:com.alibaba.nacos.client.config.impl.ClientWorker$ConfigRpcTransportClient$$Lambda$326/1318080469
02:53:04.103 [main] INFO  c.a.n.c.r.client - [printIfInfoEnabled,60] - [30dafa1b-6241-41d8-ba30-4a9aefe1b14c_config-0]Registry connection listener to current client:com.alibaba.nacos.client.config.impl.ClientWorker$ConfigRpcTransportClient$1
02:53:04.103 [main] INFO  c.a.n.c.r.client - [printIfInfoEnabled,60] - [30dafa1b-6241-41d8-ba30-4a9aefe1b14c_config-0]RpcClient init, ServerListFactory =com.alibaba.nacos.client.config.impl.ClientWorker$ConfigRpcTransportClient$2
02:53:04.116 [main] INFO  c.a.n.c.r.client - [printIfInfoEnabled,60] - [30dafa1b-6241-41d8-ba30-4a9aefe1b14c_config-0] Try to connect to server on start up, server: {serverIp='192.168.145.130', server main port=2222}
02:53:06.214 [main] INFO  c.a.n.c.r.client - [printIfInfoEnabled,60] - [30dafa1b-6241-41d8-ba30-4a9aefe1b14c_config-0] Success to connect to server [192.168.145.130:2222] on start up,connectionId=1627239187745_172.18.0.1_34342
02:53:06.214 [com.alibaba.nacos.client.remote.worker] INFO  c.a.n.c.r.client - [printIfInfoEnabled,60] - [30dafa1b-6241-41d8-ba30-4a9aefe1b14c_config-0]Notify connected event to listeners.
02:53:06.215 [com.alibaba.nacos.client.remote.worker] INFO  c.a.n.c.c.i.ClientWorker - [onConnected,677] - [30dafa1b-6241-41d8-ba30-4a9aefe1b14c_config-0] Connected,notify listen context...
02:53:06.215 [main] INFO  c.a.n.c.r.client - [printIfInfoEnabled,60] - [30dafa1b-6241-41d8-ba30-4a9aefe1b14c_config-0]Register server push request handler:com.alibaba.nacos.common.remote.client.RpcClient$ConnectResetRequestHandler
02:53:06.215 [main] INFO  c.a.n.c.r.client - [printIfInfoEnabled,60] - [30dafa1b-6241-41d8-ba30-4a9aefe1b14c_config-0]Register server push request handler:com.alibaba.nacos.common.remote.client.RpcClient$4
02:53:06.257 [main] INFO  c.a.n.c.c.i.Limiter - [<clinit>,56] - limitTime:5.0
02:53:06.273 [main] INFO  c.a.n.c.c.u.JvmUtil - [<clinit>,53] - isMultiInstance:false
02:53:06.306 [main] INFO  c.m.s.MarsSystemApplication - [logStartupProfileInfo,663] - The following profiles are active: dev
02:53:08.288 [main] INFO  o.a.c.h.Http11NioProtocol - [log,173] - Initializing ProtocolHandler ["http-nio-9201"]
02:53:08.289 [main] INFO  o.a.c.c.StandardService - [log,173] - Starting service [Tomcat]
02:53:08.289 [main] INFO  o.a.c.c.StandardEngine - [log,173] - Starting Servlet engine: [Apache Tomcat/9.0.46]
02:53:08.425 [main] INFO  o.a.c.c.C.[.[.[/] - [log,173] - Initializing Spring embedded WebApplicationContext
02:53:09.523 [main] INFO  c.a.d.p.DruidDataSource - [init,990] - {dataSource-1,master} inited
02:53:09.524 [main] INFO  c.b.d.d.DynamicRoutingDataSource - [addDataSource,147] - dynamic-datasource - add a datasource named [master] success
02:53:09.524 [main] INFO  c.b.d.d.DynamicRoutingDataSource - [afterPropertiesSet,238] - dynamic-datasource initial loaded [1] datasource,primary datasource named [master]
02:53:10.365 [main] INFO  c.a.c.s.SentinelWebAutoConfiguration - [addInterceptors,80] - [Sentinel Starter] register SentinelWebInterceptor with urlPatterns: [/**].
02:53:11.144 [main] INFO  c.a.n.client.naming - [call,67] - initializer namespace from System Property :null
02:53:11.144 [main] INFO  c.a.n.client.naming - [call,76] - initializer namespace from System Environment :null
02:53:11.145 [main] INFO  c.a.n.client.naming - [call,86] - initializer namespace from System Property :null
02:53:11.160 [main] INFO  c.a.n.c.r.client - [lambda$createClient$0,77] - [RpcClientFactory] create a new rpc client of 7575845e-e574-4cf1-ab8c-3ab8fbdf79f7
02:53:11.160 [main] INFO  c.a.n.c.r.client - [printIfInfoEnabled,60] - [7575845e-e574-4cf1-ab8c-3ab8fbdf79f7]RpcClient init label, labels={module=naming, source=sdk}
02:53:11.161 [main] INFO  c.a.n.c.r.client - [printIfInfoEnabled,60] - [7575845e-e574-4cf1-ab8c-3ab8fbdf79f7]RpcClient init, ServerListFactory =com.alibaba.nacos.client.naming.core.ServerListManager
02:53:11.161 [main] INFO  c.a.n.c.r.client - [printIfInfoEnabled,60] - [7575845e-e574-4cf1-ab8c-3ab8fbdf79f7] Try to connect to server on start up, server: {serverIp='192.168.145.130', server main port=2222}
02:53:11.273 [main] INFO  c.a.n.c.r.client - [printIfInfoEnabled,60] - [7575845e-e574-4cf1-ab8c-3ab8fbdf79f7] Success to connect to server [192.168.145.130:2222] on start up,connectionId=1627239192957_172.18.0.1_56564
02:53:11.273 [main] INFO  c.a.n.c.r.client - [printIfInfoEnabled,60] - [7575845e-e574-4cf1-ab8c-3ab8fbdf79f7]Register server push request handler:com.alibaba.nacos.common.remote.client.RpcClient$ConnectResetRequestHandler
02:53:11.273 [main] INFO  c.a.n.c.r.client - [printIfInfoEnabled,60] - [7575845e-e574-4cf1-ab8c-3ab8fbdf79f7]Register server push request handler:com.alibaba.nacos.common.remote.client.RpcClient$4
02:53:11.274 [main] INFO  c.a.n.c.r.client - [printIfInfoEnabled,60] - [7575845e-e574-4cf1-ab8c-3ab8fbdf79f7]Register server push request handler:com.alibaba.nacos.client.naming.remote.gprc.NamingPushRequestHandler
02:53:11.274 [main] INFO  c.a.n.c.r.client - [printIfInfoEnabled,60] - [7575845e-e574-4cf1-ab8c-3ab8fbdf79f7]Registry connection listener to current client:com.alibaba.nacos.client.naming.remote.gprc.NamingGrpcConnectionEventListener
02:53:13.724 [main] INFO  c.a.n.client.naming - [isChangedServiceInfo,181] - init new ips(0) service: DEFAULT_GROUP@@mars-system@@DEFAULT -> []
02:53:13.732 [main] INFO  c.a.n.client.naming - [processServiceInfo,166] - current ips:(0) service: DEFAULT_GROUP@@mars-system@@DEFAULT -> []
02:53:13.743 [main] INFO  o.a.c.h.Http11NioProtocol - [log,173] - Starting ProtocolHandler ["http-nio-9201"]
02:53:13.762 [main] INFO  c.a.n.client.naming - [registerService,111] - [REGISTER-SERVICE] public registering service mars-system with instance Instance{instanceId='null', ip='192.168.138.1', port=9201, weight=1.0, healthy=true, enabled=true, ephemeral=true, clusterName='DEFAULT', serviceName='null', metadata={preserved.register.source=SPRING_CLOUD}}
02:53:13.768 [main] INFO  c.a.c.n.r.NacosServiceRegistry - [register,75] - nacos registry, DEFAULT_GROUP mars-system 192.168.138.1:9201 register finished
02:53:14.227 [nacos-grpc-client-executor-5] INFO  c.a.n.c.r.client - [printIfInfoEnabled,60] - [7575845e-e574-4cf1-ab8c-3ab8fbdf79f7]receive server push request,request=NotifySubscriberRequest,requestId=1
02:53:14.230 [nacos-grpc-client-executor-5] INFO  c.a.n.client.naming - [isChangedServiceInfo,181] - init new ips(1) service: DEFAULT_GROUP@@mars-system -> [{"ip":"192.168.138.1","port":9201,"weight":1.0,"healthy":true,"enabled":true,"ephemeral":true,"clusterName":"DEFAULT","serviceName":"DEFAULT_GROUP@@mars-system","metadata":{"preserved.register.source":"SPRING_CLOUD"},"instanceHeartBeatInterval":5000,"instanceHeartBeatTimeOut":15000,"ipDeleteTimeout":30000}]
02:53:14.231 [nacos-grpc-client-executor-5] INFO  c.a.n.client.naming - [processServiceInfo,166] - current ips:(1) service: DEFAULT_GROUP@@mars-system -> [{"ip":"192.168.138.1","port":9201,"weight":1.0,"healthy":true,"enabled":true,"ephemeral":true,"clusterName":"DEFAULT","serviceName":"DEFAULT_GROUP@@mars-system","metadata":{"preserved.register.source":"SPRING_CLOUD"},"instanceHeartBeatInterval":5000,"instanceHeartBeatTimeOut":15000,"ipDeleteTimeout":30000}]
02:53:14.237 [nacos-grpc-client-executor-5] INFO  c.a.n.c.r.client - [printIfInfoEnabled,60] - [7575845e-e574-4cf1-ab8c-3ab8fbdf79f7]ack server push request,request=NotifySubscriberRequest,requestId=1
02:53:14.395 [main] INFO  c.m.s.MarsSystemApplication - [logStarted,61] - Started MarsSystemApplication in 13.081 seconds (JVM running for 14.739)
02:53:14.402 [main] INFO  c.a.n.c.c.i.ClientWorker - [addCacheDataIfAbsent,384] - [config_rpc_client] [subscribe] mars-system+DEFAULT_GROUP
02:53:14.403 [main] INFO  c.a.n.c.c.i.CacheData - [addListener,169] - [config_rpc_client] [add-listener] ok, tenant=, dataId=mars-system, group=DEFAULT_GROUP, cnt=1
02:53:14.403 [main] INFO  c.a.n.c.c.i.ClientWorker - [addCacheDataIfAbsent,384] - [config_rpc_client] [subscribe] mars-system.yml+DEFAULT_GROUP
02:53:14.403 [main] INFO  c.a.n.c.c.i.CacheData - [addListener,169] - [config_rpc_client] [add-listener] ok, tenant=, dataId=mars-system.yml, group=DEFAULT_GROUP, cnt=1
02:53:14.411 [main] INFO  c.a.n.c.c.i.ClientWorker - [addCacheDataIfAbsent,384] - [config_rpc_client] [subscribe] mars-system-dev.yml+DEFAULT_GROUP
02:53:14.411 [main] INFO  c.a.n.c.c.i.CacheData - [addListener,169] - [config_rpc_client] [add-listener] ok, tenant=, dataId=mars-system-dev.yml, group=DEFAULT_GROUP, cnt=1
02:53:14.736 [com.alibaba.nacos.client.naming.updater.0] INFO  c.a.n.client.naming - [isChangedServiceInfo,235] - new ips(1) service: DEFAULT_GROUP@@mars-system@@DEFAULT -> [{"ip":"192.168.138.1","port":9201,"weight":1.0,"healthy":true,"enabled":true,"ephemeral":true,"clusterName":"DEFAULT","serviceName":"DEFAULT_GROUP@@mars-system","metadata":{"preserved.register.source":"SPRING_CLOUD"},"instanceHeartBeatInterval":5000,"instanceHeartBeatTimeOut":15000,"ipDeleteTimeout":30000}]
02:53:14.736 [com.alibaba.nacos.client.naming.updater.0] INFO  c.a.n.client.naming - [processServiceInfo,166] - current ips:(1) service: DEFAULT_GROUP@@mars-system@@DEFAULT -> [{"ip":"192.168.138.1","port":9201,"weight":1.0,"healthy":true,"enabled":true,"ephemeral":true,"clusterName":"DEFAULT","serviceName":"DEFAULT_GROUP@@mars-system","metadata":{"preserved.register.source":"SPRING_CLOUD"},"instanceHeartBeatInterval":5000,"instanceHeartBeatTimeOut":15000,"ipDeleteTimeout":30000}]
03:05:46.861 [http-nio-9201-exec-1] INFO  o.a.c.c.C.[.[.[/] - [log,173] - Initializing Spring DispatcherServlet 'dispatcherServlet'
03:10:42.977 [SpringApplicationShutdownHook] INFO  c.a.c.n.r.NacosServiceRegistry - [deregister,90] - De-registering from Nacos Server now...
03:10:42.977 [SpringApplicationShutdownHook] INFO  c.a.n.client.naming - [deregisterService,122] - [DEREGISTER-SERVICE] public deregistering service mars-system with instance: Instance{instanceId='null', ip='192.168.138.1', port=9201, weight=1.0, healthy=true, enabled=true, ephemeral=true, clusterName='DEFAULT', serviceName='null', metadata={}}
03:10:42.980 [SpringApplicationShutdownHook] INFO  c.a.c.n.r.NacosServiceRegistry - [deregister,110] - De-registration finished.
03:10:42.981 [SpringApplicationShutdownHook] INFO  c.a.n.client.naming - [shutdown,256] - com.alibaba.nacos.client.naming.cache.ServiceInfoHolder do shutdown begin
03:10:42.981 [SpringApplicationShutdownHook] INFO  c.a.n.client.naming - [shutdown,140] - com.alibaba.nacos.client.naming.backups.FailoverReactor do shutdown begin
03:10:42.982 [SpringApplicationShutdownHook] INFO  c.a.n.client.naming - [shutdown,142] - com.alibaba.nacos.client.naming.backups.FailoverReactor do shutdown stop
03:10:42.982 [SpringApplicationShutdownHook] INFO  c.a.n.client.naming - [shutdown,258] - com.alibaba.nacos.client.naming.cache.ServiceInfoHolder do shutdown stop
03:10:42.982 [SpringApplicationShutdownHook] INFO  c.a.n.client.naming - [shutdown,176] - com.alibaba.nacos.client.naming.remote.NamingClientProxyDelegate do shutdown begin
03:10:42.982 [SpringApplicationShutdownHook] INFO  c.a.n.client.naming - [shutdown,130] - com.alibaba.nacos.client.naming.core.ServiceInfoUpdateService do shutdown begin
03:10:43.285 [SpringApplicationShutdownHook] INFO  c.a.n.client.naming - [shutdown,132] - com.alibaba.nacos.client.naming.core.ServiceInfoUpdateService do shutdown stop
03:10:43.285 [SpringApplicationShutdownHook] INFO  c.a.n.client.naming - [shutdown,188] - com.alibaba.nacos.client.naming.core.ServerListManager do shutdown begin
03:10:43.286 [SpringApplicationShutdownHook] INFO  c.a.n.client.naming - [shutdown,193] - com.alibaba.nacos.client.naming.core.ServerListManager do shutdown stop
03:10:43.286 [SpringApplicationShutdownHook] INFO  c.a.n.client.naming - [shutdown,519] - com.alibaba.nacos.client.naming.remote.http.NamingHttpClientProxy do shutdown begin
03:10:43.286 [SpringApplicationShutdownHook] INFO  c.a.n.client.naming - [shutdown,162] - com.alibaba.nacos.client.naming.beat.BeatReactor do shutdown begin
03:10:43.286 [SpringApplicationShutdownHook] INFO  c.a.n.client.naming - [shutdown,164] - com.alibaba.nacos.client.naming.beat.BeatReactor do shutdown stop
03:10:43.287 [SpringApplicationShutdownHook] INFO  c.a.n.c.i.CredentialWatcher - [stop,105] - [null] CredentialWatcher is stopped
03:10:43.287 [SpringApplicationShutdownHook] INFO  c.a.n.c.i.CredentialService - [free,99] - [null] CredentialService is freed
03:10:43.287 [SpringApplicationShutdownHook] INFO  c.a.n.client.naming - [shutdown,523] - com.alibaba.nacos.client.naming.remote.http.NamingHttpClientProxy do shutdown stop
03:10:43.287 [SpringApplicationShutdownHook] INFO  c.a.n.c.r.client - [shutdown,462] - Shutdown rpc client ,set status to shutdown
03:10:43.287 [SpringApplicationShutdownHook] INFO  c.a.n.c.r.client - [shutdown,464] - Shutdown  client event executor java.util.concurrent.ScheduledThreadPoolExecutor@2dd53480[Running, pool size = 2, active threads = 2, queued tasks = 0, completed tasks = 0]
03:10:43.287 [SpringApplicationShutdownHook] INFO  c.a.n.c.r.client - [shutdown,466] - Close current connection 1627239192957_172.18.0.1_56564
03:10:43.289 [nacos-grpc-client-executor-217] INFO  c.a.n.c.r.c.g.GrpcClient - [printIfInfoEnabled,60] - [1627239192957_172.18.0.1_56564]Ignore complete event,isRunning:false,isAbandon=false
03:10:43.292 [SpringApplicationShutdownHook] INFO  c.a.n.c.r.c.g.GrpcClient - [shutdown,83] - Shutdown grpc executor java.util.concurrent.ThreadPoolExecutor@10d52cb1[Running, pool size = 5, active threads = 0, queued tasks = 0, completed tasks = 218]
03:10:43.293 [SpringApplicationShutdownHook] INFO  c.a.n.client.naming - [shutdown,182] - com.alibaba.nacos.client.naming.remote.NamingClientProxyDelegate do shutdown stop
03:10:43.296 [SpringApplicationShutdownHook] INFO  c.b.d.d.DynamicRoutingDataSource - [destroy,215] - dynamic-datasource start closing ....
03:10:43.339 [SpringApplicationShutdownHook] INFO  i.s.c.ConfigurationFactory - [<clinit>,65] - load Configuration:FileConfiguration$$EnhancerByCGLIB$$862af1eb
03:10:47.880 [background-preinit] INFO  o.h.v.i.util.Version - [<clinit>,21] - HV000001: Hibernate Validator 6.2.0.Final
03:10:48.945 [main] INFO  c.a.n.c.c.i.LocalConfigInfoProcessor - [<clinit>,67] - LOCAL_SNAPSHOT_PATH:C:\Users\86186\nacos\config
03:10:48.947 [main] INFO  c.a.n.c.r.client - [lambda$createClient$0,77] - [RpcClientFactory] create a new rpc client of ec6d583e-55a9-42f7-be88-49aa2e2f67b9_config-0
03:10:48.990 [main] INFO  o.r.Reflections - [scan,232] - Reflections took 25 ms to scan 1 urls, producing 3 keys and 6 values 
03:10:49.017 [main] INFO  o.r.Reflections - [scan,232] - Reflections took 14 ms to scan 1 urls, producing 4 keys and 9 values 
03:10:49.032 [main] INFO  o.r.Reflections - [scan,232] - Reflections took 12 ms to scan 1 urls, producing 3 keys and 10 values 
03:10:49.201 [main] INFO  o.r.Reflections - [scan,232] - Reflections took 166 ms to scan 196 urls, producing 0 keys and 0 values 
03:10:49.212 [main] INFO  o.r.Reflections - [scan,232] - Reflections took 10 ms to scan 1 urls, producing 1 keys and 5 values 
03:10:49.225 [main] INFO  o.r.Reflections - [scan,232] - Reflections took 11 ms to scan 1 urls, producing 1 keys and 7 values 
03:10:49.237 [main] INFO  o.r.Reflections - [scan,232] - Reflections took 10 ms to scan 1 urls, producing 2 keys and 8 values 
03:10:49.412 [main] INFO  o.r.Reflections - [scan,232] - Reflections took 173 ms to scan 196 urls, producing 0 keys and 0 values 
03:10:49.413 [main] INFO  c.a.n.c.r.client - [printIfInfoEnabled,60] - [ec6d583e-55a9-42f7-be88-49aa2e2f67b9_config-0]RpcClient init label, labels={module=config, Vipserver-Tag=null, source=sdk, Amory-Tag=null, Location-Tag=null, taskId=0, AppName=unknown}
03:10:49.415 [main] INFO  c.a.n.c.r.client - [printIfInfoEnabled,60] - [ec6d583e-55a9-42f7-be88-49aa2e2f67b9_config-0]Register server push request handler:com.alibaba.nacos.client.config.impl.ClientWorker$ConfigRpcTransportClient$$Lambda$325/1942356772
03:10:49.415 [main] INFO  c.a.n.c.r.client - [printIfInfoEnabled,60] - [ec6d583e-55a9-42f7-be88-49aa2e2f67b9_config-0]Register server push request handler:com.alibaba.nacos.client.config.impl.ClientWorker$ConfigRpcTransportClient$$Lambda$326/1907241392
03:10:49.416 [main] INFO  c.a.n.c.r.client - [printIfInfoEnabled,60] - [ec6d583e-55a9-42f7-be88-49aa2e2f67b9_config-0]Registry connection listener to current client:com.alibaba.nacos.client.config.impl.ClientWorker$ConfigRpcTransportClient$1
03:10:49.416 [main] INFO  c.a.n.c.r.client - [printIfInfoEnabled,60] - [ec6d583e-55a9-42f7-be88-49aa2e2f67b9_config-0]RpcClient init, ServerListFactory =com.alibaba.nacos.client.config.impl.ClientWorker$ConfigRpcTransportClient$2
03:10:49.422 [main] INFO  c.a.n.c.r.client - [printIfInfoEnabled,60] - [ec6d583e-55a9-42f7-be88-49aa2e2f67b9_config-0] Try to connect to server on start up, server: {serverIp='192.168.145.130', server main port=2222}
03:10:51.476 [main] INFO  c.a.n.c.r.client - [printIfInfoEnabled,60] - [ec6d583e-55a9-42f7-be88-49aa2e2f67b9_config-0] Success to connect to server [192.168.145.130:2222] on start up,connectionId=1627240253063_172.18.0.1_57126
03:10:51.476 [com.alibaba.nacos.client.remote.worker] INFO  c.a.n.c.r.client - [printIfInfoEnabled,60] - [ec6d583e-55a9-42f7-be88-49aa2e2f67b9_config-0]Notify connected event to listeners.
03:10:51.476 [com.alibaba.nacos.client.remote.worker] INFO  c.a.n.c.c.i.ClientWorker - [onConnected,677] - [ec6d583e-55a9-42f7-be88-49aa2e2f67b9_config-0] Connected,notify listen context...
03:10:51.476 [main] INFO  c.a.n.c.r.client - [printIfInfoEnabled,60] - [ec6d583e-55a9-42f7-be88-49aa2e2f67b9_config-0]Register server push request handler:com.alibaba.nacos.common.remote.client.RpcClient$ConnectResetRequestHandler
03:10:51.477 [main] INFO  c.a.n.c.r.client - [printIfInfoEnabled,60] - [ec6d583e-55a9-42f7-be88-49aa2e2f67b9_config-0]Register server push request handler:com.alibaba.nacos.common.remote.client.RpcClient$4
03:10:51.516 [main] INFO  c.a.n.c.c.i.Limiter - [<clinit>,56] - limitTime:5.0
03:10:51.541 [main] INFO  c.a.n.c.c.u.JvmUtil - [<clinit>,53] - isMultiInstance:false
03:10:51.876 [main] INFO  c.m.s.MarsSystemApplication - [logStartupProfileInfo,663] - The following profiles are active: dev
03:10:53.726 [main] INFO  o.a.c.h.Http11NioProtocol - [log,173] - Initializing ProtocolHandler ["http-nio-9201"]
03:10:53.727 [main] INFO  o.a.c.c.StandardService - [log,173] - Starting service [Tomcat]
03:10:53.727 [main] INFO  o.a.c.c.StandardEngine - [log,173] - Starting Servlet engine: [Apache Tomcat/9.0.46]
03:10:53.861 [main] INFO  o.a.c.c.C.[.[.[/] - [log,173] - Initializing Spring embedded WebApplicationContext
03:10:54.954 [main] INFO  c.a.d.p.DruidDataSource - [init,990] - {dataSource-1,master} inited
03:10:54.955 [main] INFO  c.b.d.d.DynamicRoutingDataSource - [addDataSource,147] - dynamic-datasource - add a datasource named [master] success
03:10:54.955 [main] INFO  c.b.d.d.DynamicRoutingDataSource - [afterPropertiesSet,238] - dynamic-datasource initial loaded [1] datasource,primary datasource named [master]
03:10:55.518 [main] INFO  c.a.c.s.SentinelWebAutoConfiguration - [addInterceptors,80] - [Sentinel Starter] register SentinelWebInterceptor with urlPatterns: [/**].
03:10:56.303 [main] INFO  c.a.n.client.naming - [call,67] - initializer namespace from System Property :null
03:10:56.303 [main] INFO  c.a.n.client.naming - [call,76] - initializer namespace from System Environment :null
03:10:56.303 [main] INFO  c.a.n.client.naming - [call,86] - initializer namespace from System Property :null
03:10:56.315 [main] INFO  c.a.n.c.r.client - [lambda$createClient$0,77] - [RpcClientFactory] create a new rpc client of e37dc758-d3eb-4aa7-8e40-918355075470
03:10:56.316 [main] INFO  c.a.n.c.r.client - [printIfInfoEnabled,60] - [e37dc758-d3eb-4aa7-8e40-918355075470]RpcClient init label, labels={module=naming, source=sdk}
03:10:56.316 [main] INFO  c.a.n.c.r.client - [printIfInfoEnabled,60] - [e37dc758-d3eb-4aa7-8e40-918355075470]RpcClient init, ServerListFactory =com.alibaba.nacos.client.naming.core.ServerListManager
03:10:56.317 [main] INFO  c.a.n.c.r.client - [printIfInfoEnabled,60] - [e37dc758-d3eb-4aa7-8e40-918355075470] Try to connect to server on start up, server: {serverIp='192.168.145.130', server main port=2222}
03:10:56.429 [main] INFO  c.a.n.c.r.client - [printIfInfoEnabled,60] - [e37dc758-d3eb-4aa7-8e40-918355075470] Success to connect to server [192.168.145.130:2222] on start up,connectionId=1627240258113_172.18.0.1_42908
03:10:56.429 [main] INFO  c.a.n.c.r.client - [printIfInfoEnabled,60] - [e37dc758-d3eb-4aa7-8e40-918355075470]Register server push request handler:com.alibaba.nacos.common.remote.client.RpcClient$ConnectResetRequestHandler
03:10:56.429 [main] INFO  c.a.n.c.r.client - [printIfInfoEnabled,60] - [e37dc758-d3eb-4aa7-8e40-918355075470]Register server push request handler:com.alibaba.nacos.common.remote.client.RpcClient$4
03:10:56.430 [main] INFO  c.a.n.c.r.client - [printIfInfoEnabled,60] - [e37dc758-d3eb-4aa7-8e40-918355075470]Register server push request handler:com.alibaba.nacos.client.naming.remote.gprc.NamingPushRequestHandler
03:10:56.430 [main] INFO  c.a.n.c.r.client - [printIfInfoEnabled,60] - [e37dc758-d3eb-4aa7-8e40-918355075470]Registry connection listener to current client:com.alibaba.nacos.client.naming.remote.gprc.NamingGrpcConnectionEventListener
03:10:58.813 [main] INFO  c.a.n.client.naming - [isChangedServiceInfo,181] - init new ips(0) service: DEFAULT_GROUP@@mars-system@@DEFAULT -> []
03:10:58.821 [main] INFO  c.a.n.client.naming - [processServiceInfo,166] - current ips:(0) service: DEFAULT_GROUP@@mars-system@@DEFAULT -> []
03:10:58.831 [main] INFO  o.a.c.h.Http11NioProtocol - [log,173] - Starting ProtocolHandler ["http-nio-9201"]
03:10:58.848 [main] INFO  c.a.n.client.naming - [registerService,111] - [REGISTER-SERVICE] public registering service mars-system with instance Instance{instanceId='null', ip='192.168.138.1', port=9201, weight=1.0, healthy=true, enabled=true, ephemeral=true, clusterName='DEFAULT', serviceName='null', metadata={preserved.register.source=SPRING_CLOUD}}
03:10:58.855 [main] INFO  c.a.c.n.r.NacosServiceRegistry - [register,75] - nacos registry, DEFAULT_GROUP mars-system 192.168.138.1:9201 register finished
03:10:59.370 [nacos-grpc-client-executor-7] INFO  c.a.n.c.r.client - [printIfInfoEnabled,60] - [e37dc758-d3eb-4aa7-8e40-918355075470]receive server push request,request=NotifySubscriberRequest,requestId=8
03:10:59.374 [nacos-grpc-client-executor-7] INFO  c.a.n.client.naming - [isChangedServiceInfo,181] - init new ips(1) service: DEFAULT_GROUP@@mars-system -> [{"ip":"192.168.138.1","port":9201,"weight":1.0,"healthy":true,"enabled":true,"ephemeral":true,"clusterName":"DEFAULT","serviceName":"DEFAULT_GROUP@@mars-system","metadata":{"preserved.register.source":"SPRING_CLOUD"},"ipDeleteTimeout":30000,"instanceHeartBeatTimeOut":15000,"instanceHeartBeatInterval":5000}]
03:10:59.374 [nacos-grpc-client-executor-7] INFO  c.a.n.client.naming - [processServiceInfo,166] - current ips:(1) service: DEFAULT_GROUP@@mars-system -> [{"ip":"192.168.138.1","port":9201,"weight":1.0,"healthy":true,"enabled":true,"ephemeral":true,"clusterName":"DEFAULT","serviceName":"DEFAULT_GROUP@@mars-system","metadata":{"preserved.register.source":"SPRING_CLOUD"},"ipDeleteTimeout":30000,"instanceHeartBeatTimeOut":15000,"instanceHeartBeatInterval":5000}]
03:10:59.380 [nacos-grpc-client-executor-7] INFO  c.a.n.c.r.client - [printIfInfoEnabled,60] - [e37dc758-d3eb-4aa7-8e40-918355075470]ack server push request,request=NotifySubscriberRequest,requestId=8
03:10:59.488 [main] INFO  c.m.s.MarsSystemApplication - [logStarted,61] - Started MarsSystemApplication in 12.895 seconds (JVM running for 14.288)
03:10:59.495 [main] INFO  c.a.n.c.c.i.ClientWorker - [addCacheDataIfAbsent,384] - [config_rpc_client] [subscribe] mars-system+DEFAULT_GROUP
03:10:59.495 [main] INFO  c.a.n.c.c.i.CacheData - [addListener,169] - [config_rpc_client] [add-listener] ok, tenant=, dataId=mars-system, group=DEFAULT_GROUP, cnt=1
03:10:59.496 [main] INFO  c.a.n.c.c.i.ClientWorker - [addCacheDataIfAbsent,384] - [config_rpc_client] [subscribe] mars-system.yml+DEFAULT_GROUP
03:10:59.496 [main] INFO  c.a.n.c.c.i.CacheData - [addListener,169] - [config_rpc_client] [add-listener] ok, tenant=, dataId=mars-system.yml, group=DEFAULT_GROUP, cnt=1
03:10:59.503 [main] INFO  c.a.n.c.c.i.ClientWorker - [addCacheDataIfAbsent,384] - [config_rpc_client] [subscribe] mars-system-dev.yml+DEFAULT_GROUP
03:10:59.504 [main] INFO  c.a.n.c.c.i.CacheData - [addListener,169] - [config_rpc_client] [add-listener] ok, tenant=, dataId=mars-system-dev.yml, group=DEFAULT_GROUP, cnt=1
03:10:59.837 [com.alibaba.nacos.client.naming.updater.0] INFO  c.a.n.client.naming - [isChangedServiceInfo,235] - new ips(1) service: DEFAULT_GROUP@@mars-system@@DEFAULT -> [{"ip":"192.168.138.1","port":9201,"weight":1.0,"healthy":true,"enabled":true,"ephemeral":true,"clusterName":"DEFAULT","serviceName":"DEFAULT_GROUP@@mars-system","metadata":{"preserved.register.source":"SPRING_CLOUD"},"ipDeleteTimeout":30000,"instanceHeartBeatTimeOut":15000,"instanceHeartBeatInterval":5000}]
03:10:59.837 [com.alibaba.nacos.client.naming.updater.0] INFO  c.a.n.client.naming - [processServiceInfo,166] - current ips:(1) service: DEFAULT_GROUP@@mars-system@@DEFAULT -> [{"ip":"192.168.138.1","port":9201,"weight":1.0,"healthy":true,"enabled":true,"ephemeral":true,"clusterName":"DEFAULT","serviceName":"DEFAULT_GROUP@@mars-system","metadata":{"preserved.register.source":"SPRING_CLOUD"},"ipDeleteTimeout":30000,"instanceHeartBeatTimeOut":15000,"instanceHeartBeatInterval":5000}]
03:11:12.512 [http-nio-9201-exec-1] INFO  o.a.c.c.C.[.[.[/] - [log,173] - Initializing Spring DispatcherServlet 'dispatcherServlet'
23:47:58.261 [background-preinit] INFO  o.h.v.i.util.Version - [<clinit>,21] - HV000001: Hibernate Validator 6.2.0.Final
23:48:01.120 [main] INFO  c.a.n.c.c.i.LocalConfigInfoProcessor - [<clinit>,67] - LOCAL_SNAPSHOT_PATH:C:\Users\86186\nacos\config
23:48:01.127 [main] INFO  c.a.n.c.r.client - [lambda$createClient$0,77] - [RpcClientFactory] create a new rpc client of 86886630-e260-4554-82b5-ffb11112b62e_config-0
23:48:01.385 [main] INFO  o.r.Reflections - [scan,232] - Reflections took 96 ms to scan 1 urls, producing 3 keys and 6 values 
23:48:01.432 [main] INFO  o.r.Reflections - [scan,232] - Reflections took 21 ms to scan 1 urls, producing 4 keys and 9 values 
23:48:01.457 [main] INFO  o.r.Reflections - [scan,232] - Reflections took 22 ms to scan 1 urls, producing 3 keys and 10 values 
23:48:02.073 [main] INFO  o.r.Reflections - [scan,232] - Reflections took 610 ms to scan 197 urls, producing 0 keys and 0 values 
23:48:02.095 [main] INFO  o.r.Reflections - [scan,232] - Reflections took 19 ms to scan 1 urls, producing 1 keys and 5 values 
23:48:02.118 [main] INFO  o.r.Reflections - [scan,232] - Reflections took 20 ms to scan 1 urls, producing 1 keys and 7 values 
23:48:02.138 [main] INFO  o.r.Reflections - [scan,232] - Reflections took 17 ms to scan 1 urls, producing 2 keys and 8 values 
23:48:02.343 [main] INFO  o.r.Reflections - [scan,232] - Reflections took 202 ms to scan 197 urls, producing 0 keys and 0 values 
23:48:02.345 [main] INFO  c.a.n.c.r.client - [printIfInfoEnabled,60] - [86886630-e260-4554-82b5-ffb11112b62e_config-0]RpcClient init label, labels={module=config, Vipserver-Tag=null, source=sdk, Amory-Tag=null, Location-Tag=null, taskId=0, AppName=unknown}
23:48:02.346 [main] INFO  c.a.n.c.r.client - [printIfInfoEnabled,60] - [86886630-e260-4554-82b5-ffb11112b62e_config-0]Register server push request handler:com.alibaba.nacos.client.config.impl.ClientWorker$ConfigRpcTransportClient$$Lambda$325/1544518128
23:48:02.347 [main] INFO  c.a.n.c.r.client - [printIfInfoEnabled,60] - [86886630-e260-4554-82b5-ffb11112b62e_config-0]Register server push request handler:com.alibaba.nacos.client.config.impl.ClientWorker$ConfigRpcTransportClient$$Lambda$326/570294012
23:48:02.348 [main] INFO  c.a.n.c.r.client - [printIfInfoEnabled,60] - [86886630-e260-4554-82b5-ffb11112b62e_config-0]Registry connection listener to current client:com.alibaba.nacos.client.config.impl.ClientWorker$ConfigRpcTransportClient$1
23:48:02.349 [main] INFO  c.a.n.c.r.client - [printIfInfoEnabled,60] - [86886630-e260-4554-82b5-ffb11112b62e_config-0]RpcClient init, ServerListFactory =com.alibaba.nacos.client.config.impl.ClientWorker$ConfigRpcTransportClient$2
23:48:02.361 [main] INFO  c.a.n.c.r.client - [printIfInfoEnabled,60] - [86886630-e260-4554-82b5-ffb11112b62e_config-0] Try to connect to server on start up, server: {serverIp='192.168.145.130', server main port=2222}
23:48:07.065 [main] INFO  c.a.n.c.r.client - [printIfInfoEnabled,60] - [86886630-e260-4554-82b5-ffb11112b62e_config-0] Success to connect to server [192.168.145.130:2222] on start up,connectionId=1627343285173_172.18.0.1_55770
23:48:07.066 [com.alibaba.nacos.client.remote.worker] INFO  c.a.n.c.r.client - [printIfInfoEnabled,60] - [86886630-e260-4554-82b5-ffb11112b62e_config-0]Notify connected event to listeners.
23:48:07.067 [main] INFO  c.a.n.c.r.client - [printIfInfoEnabled,60] - [86886630-e260-4554-82b5-ffb11112b62e_config-0]Register server push request handler:com.alibaba.nacos.common.remote.client.RpcClient$ConnectResetRequestHandler
23:48:07.068 [com.alibaba.nacos.client.remote.worker] INFO  c.a.n.c.c.i.ClientWorker - [onConnected,677] - [86886630-e260-4554-82b5-ffb11112b62e_config-0] Connected,notify listen context...
23:48:07.069 [main] INFO  c.a.n.c.r.client - [printIfInfoEnabled,60] - [86886630-e260-4554-82b5-ffb11112b62e_config-0]Register server push request handler:com.alibaba.nacos.common.remote.client.RpcClient$4
23:48:07.344 [main] INFO  c.a.n.c.c.i.Limiter - [<clinit>,56] - limitTime:5.0
23:48:08.239 [main] INFO  c.a.n.c.c.u.JvmUtil - [<clinit>,53] - isMultiInstance:false
23:48:08.470 [main] INFO  c.m.s.MarsSystemApplication - [logStartupProfileInfo,663] - The following profiles are active: dev
23:48:14.408 [main] INFO  o.a.c.h.Http11NioProtocol - [log,173] - Initializing ProtocolHandler ["http-nio-9201"]
23:48:14.409 [main] INFO  o.a.c.c.StandardService - [log,173] - Starting service [Tomcat]
23:48:14.410 [main] INFO  o.a.c.c.StandardEngine - [log,173] - Starting Servlet engine: [Apache Tomcat/9.0.46]
23:48:14.649 [main] INFO  o.a.c.c.C.[.[.[/] - [log,173] - Initializing Spring embedded WebApplicationContext
23:48:17.728 [main] INFO  c.a.d.p.DruidDataSource - [init,990] - {dataSource-1,master} inited
23:48:17.730 [main] INFO  c.b.d.d.DynamicRoutingDataSource - [addDataSource,147] - dynamic-datasource - add a datasource named [master] success
23:48:17.730 [main] INFO  c.b.d.d.DynamicRoutingDataSource - [afterPropertiesSet,238] - dynamic-datasource initial loaded [1] datasource,primary datasource named [master]
23:48:19.136 [main] INFO  c.a.c.s.SentinelWebAutoConfiguration - [addInterceptors,80] - [Sentinel Starter] register SentinelWebInterceptor with urlPatterns: [/**].
23:48:20.568 [main] INFO  c.a.n.client.naming - [call,67] - initializer namespace from System Property :null
23:48:20.569 [main] INFO  c.a.n.client.naming - [call,76] - initializer namespace from System Environment :null
23:48:20.569 [main] INFO  c.a.n.client.naming - [call,86] - initializer namespace from System Property :null
23:48:20.588 [main] INFO  c.a.n.c.r.client - [lambda$createClient$0,77] - [RpcClientFactory] create a new rpc client of 039b6cbd-7a91-456e-8f3d-abd155027e2c
23:48:20.588 [main] INFO  c.a.n.c.r.client - [printIfInfoEnabled,60] - [039b6cbd-7a91-456e-8f3d-abd155027e2c]RpcClient init label, labels={module=naming, source=sdk}
23:48:20.589 [main] INFO  c.a.n.c.r.client - [printIfInfoEnabled,60] - [039b6cbd-7a91-456e-8f3d-abd155027e2c]RpcClient init, ServerListFactory =com.alibaba.nacos.client.naming.core.ServerListManager
23:48:20.590 [main] INFO  c.a.n.c.r.client - [printIfInfoEnabled,60] - [039b6cbd-7a91-456e-8f3d-abd155027e2c] Try to connect to server on start up, server: {serverIp='192.168.145.130', server main port=2222}
23:48:20.721 [main] INFO  c.a.n.c.r.client - [printIfInfoEnabled,60] - [039b6cbd-7a91-456e-8f3d-abd155027e2c] Success to connect to server [192.168.145.130:2222] on start up,connectionId=1627343299159_172.18.0.1_41792
23:48:20.721 [main] INFO  c.a.n.c.r.client - [printIfInfoEnabled,60] - [039b6cbd-7a91-456e-8f3d-abd155027e2c]Register server push request handler:com.alibaba.nacos.common.remote.client.RpcClient$ConnectResetRequestHandler
23:48:20.721 [main] INFO  c.a.n.c.r.client - [printIfInfoEnabled,60] - [039b6cbd-7a91-456e-8f3d-abd155027e2c]Register server push request handler:com.alibaba.nacos.common.remote.client.RpcClient$4
23:48:20.722 [main] INFO  c.a.n.c.r.client - [printIfInfoEnabled,60] - [039b6cbd-7a91-456e-8f3d-abd155027e2c]Register server push request handler:com.alibaba.nacos.client.naming.remote.gprc.NamingPushRequestHandler
23:48:20.723 [main] INFO  c.a.n.c.r.client - [printIfInfoEnabled,60] - [039b6cbd-7a91-456e-8f3d-abd155027e2c]Registry connection listener to current client:com.alibaba.nacos.client.naming.remote.gprc.NamingGrpcConnectionEventListener
23:48:24.715 [main] INFO  c.a.n.client.naming - [isChangedServiceInfo,181] - init new ips(0) service: DEFAULT_GROUP@@mars-system@@DEFAULT -> []
23:48:24.733 [main] INFO  c.a.n.client.naming - [processServiceInfo,166] - current ips:(0) service: DEFAULT_GROUP@@mars-system@@DEFAULT -> []
23:48:24.753 [main] INFO  o.a.c.h.Http11NioProtocol - [log,173] - Starting ProtocolHandler ["http-nio-9201"]
23:48:24.779 [main] INFO  c.a.n.client.naming - [registerService,111] - [REGISTER-SERVICE] public registering service mars-system with instance Instance{instanceId='null', ip='192.168.138.1', port=9201, weight=1.0, healthy=true, enabled=true, ephemeral=true, clusterName='DEFAULT', serviceName='null', metadata={preserved.register.source=SPRING_CLOUD}}
23:48:24.791 [main] INFO  c.a.c.n.r.NacosServiceRegistry - [register,75] - nacos registry, DEFAULT_GROUP mars-system 192.168.138.1:9201 register finished
23:48:25.273 [nacos-grpc-client-executor-6] INFO  c.a.n.c.r.client - [printIfInfoEnabled,60] - [039b6cbd-7a91-456e-8f3d-abd155027e2c]receive server push request,request=NotifySubscriberRequest,requestId=1
23:48:25.277 [nacos-grpc-client-executor-6] INFO  c.a.n.client.naming - [isChangedServiceInfo,181] - init new ips(1) service: DEFAULT_GROUP@@mars-system -> [{"ip":"192.168.138.1","port":9201,"weight":1.0,"healthy":true,"enabled":true,"ephemeral":true,"clusterName":"DEFAULT","serviceName":"DEFAULT_GROUP@@mars-system","metadata":{"preserved.register.source":"SPRING_CLOUD"},"instanceHeartBeatInterval":5000,"instanceHeartBeatTimeOut":15000,"ipDeleteTimeout":30000}]
23:48:25.277 [nacos-grpc-client-executor-6] INFO  c.a.n.client.naming - [processServiceInfo,166] - current ips:(1) service: DEFAULT_GROUP@@mars-system -> [{"ip":"192.168.138.1","port":9201,"weight":1.0,"healthy":true,"enabled":true,"ephemeral":true,"clusterName":"DEFAULT","serviceName":"DEFAULT_GROUP@@mars-system","metadata":{"preserved.register.source":"SPRING_CLOUD"},"instanceHeartBeatInterval":5000,"instanceHeartBeatTimeOut":15000,"ipDeleteTimeout":30000}]
23:48:25.284 [nacos-grpc-client-executor-6] INFO  c.a.n.c.r.client - [printIfInfoEnabled,60] - [039b6cbd-7a91-456e-8f3d-abd155027e2c]ack server push request,request=NotifySubscriberRequest,requestId=1
23:48:25.451 [main] INFO  c.m.s.MarsSystemApplication - [logStarted,61] - Started MarsSystemApplication in 29.209 seconds (JVM running for 31.612)
23:48:25.459 [main] INFO  c.a.n.c.c.i.ClientWorker - [addCacheDataIfAbsent,384] - [config_rpc_client] [subscribe] mars-system+DEFAULT_GROUP
23:48:25.460 [main] INFO  c.a.n.c.c.i.CacheData - [addListener,169] - [config_rpc_client] [add-listener] ok, tenant=, dataId=mars-system, group=DEFAULT_GROUP, cnt=1
23:48:25.461 [main] INFO  c.a.n.c.c.i.ClientWorker - [addCacheDataIfAbsent,384] - [config_rpc_client] [subscribe] mars-system.yml+DEFAULT_GROUP
23:48:25.462 [main] INFO  c.a.n.c.c.i.CacheData - [addListener,169] - [config_rpc_client] [add-listener] ok, tenant=, dataId=mars-system.yml, group=DEFAULT_GROUP, cnt=1
23:48:25.471 [main] INFO  c.a.n.c.c.i.ClientWorker - [addCacheDataIfAbsent,384] - [config_rpc_client] [subscribe] mars-system-dev.yml+DEFAULT_GROUP
23:48:25.471 [main] INFO  c.a.n.c.c.i.CacheData - [addListener,169] - [config_rpc_client] [add-listener] ok, tenant=, dataId=mars-system-dev.yml, group=DEFAULT_GROUP, cnt=1
23:48:25.729 [com.alibaba.nacos.client.naming.updater.0] INFO  c.a.n.client.naming - [isChangedServiceInfo,235] - new ips(1) service: DEFAULT_GROUP@@mars-system@@DEFAULT -> [{"ip":"192.168.138.1","port":9201,"weight":1.0,"healthy":true,"enabled":true,"ephemeral":true,"clusterName":"DEFAULT","serviceName":"DEFAULT_GROUP@@mars-system","metadata":{"preserved.register.source":"SPRING_CLOUD"},"instanceHeartBeatInterval":5000,"instanceHeartBeatTimeOut":15000,"ipDeleteTimeout":30000}]
23:48:25.730 [com.alibaba.nacos.client.naming.updater.0] INFO  c.a.n.client.naming - [processServiceInfo,166] - current ips:(1) service: DEFAULT_GROUP@@mars-system@@DEFAULT -> [{"ip":"192.168.138.1","port":9201,"weight":1.0,"healthy":true,"enabled":true,"ephemeral":true,"clusterName":"DEFAULT","serviceName":"DEFAULT_GROUP@@mars-system","metadata":{"preserved.register.source":"SPRING_CLOUD"},"instanceHeartBeatInterval":5000,"instanceHeartBeatTimeOut":15000,"ipDeleteTimeout":30000}]
23:51:46.766 [http-nio-9201-exec-2] INFO  o.a.c.c.C.[.[.[/] - [log,173] - Initializing Spring DispatcherServlet 'dispatcherServlet'
