15:25:24.532 [background-preinit] INFO  o.h.v.i.util.Version - [<clinit>,21] - HV000001: Hibernate Validator 6.2.0.Final
15:25:25.032 [main] INFO  c.a.n.c.c.i.LocalConfigInfoProcessor - [<clinit>,67] - LOCAL_SNAPSHOT_PATH:C:\Users\MW00275\nacos\config
15:25:25.034 [main] INFO  c.a.n.c.r.client - [lambda$createClient$0,77] - [RpcClientFactory] create a new rpc client of 5152f1f7-4ccd-4cf5-babf-a0b690269e77_config-0
15:25:25.066 [main] INFO  o.r.Reflections - [scan,232] - Reflections took 21 ms to scan 1 urls, producing 3 keys and 6 values 
15:25:25.088 [main] INFO  o.r.Reflections - [scan,232] - Reflections took 11 ms to scan 1 urls, producing 4 keys and 9 values 
15:25:25.100 [main] INFO  o.r.Reflections - [scan,232] - Reflections took 10 ms to scan 1 urls, producing 3 keys and 10 values 
15:25:25.240 [main] INFO  o.r.Reflections - [scan,232] - Reflections took 137 ms to scan 206 urls, producing 0 keys and 0 values 
15:25:25.250 [main] INFO  o.r.Reflections - [scan,232] - Reflections took 9 ms to scan 1 urls, producing 1 keys and 5 values 
15:25:25.265 [main] INFO  o.r.Reflections - [scan,232] - Reflections took 12 ms to scan 1 urls, producing 1 keys and 7 values 
15:25:25.274 [main] INFO  o.r.Reflections - [scan,232] - Reflections took 8 ms to scan 1 urls, producing 2 keys and 8 values 
15:25:25.389 [main] INFO  o.r.Reflections - [scan,232] - Reflections took 114 ms to scan 206 urls, producing 0 keys and 0 values 
15:25:25.391 [main] INFO  c.a.n.c.r.client - [printIfInfoEnabled,60] - [5152f1f7-4ccd-4cf5-babf-a0b690269e77_config-0]RpcClient init label, labels={module=config, Vipserver-Tag=null, source=sdk, Amory-Tag=null, Location-Tag=null, taskId=0, AppName=unknown}
15:25:25.392 [main] INFO  c.a.n.c.r.client - [printIfInfoEnabled,60] - [5152f1f7-4ccd-4cf5-babf-a0b690269e77_config-0]Register server push request handler:com.alibaba.nacos.client.config.impl.ClientWorker$ConfigRpcTransportClient$$Lambda$328/2140322192
15:25:25.392 [main] INFO  c.a.n.c.r.client - [printIfInfoEnabled,60] - [5152f1f7-4ccd-4cf5-babf-a0b690269e77_config-0]Register server push request handler:com.alibaba.nacos.client.config.impl.ClientWorker$ConfigRpcTransportClient$$Lambda$329/836782867
15:25:25.393 [main] INFO  c.a.n.c.r.client - [printIfInfoEnabled,60] - [5152f1f7-4ccd-4cf5-babf-a0b690269e77_config-0]Registry connection listener to current client:com.alibaba.nacos.client.config.impl.ClientWorker$ConfigRpcTransportClient$1
15:25:25.393 [main] INFO  c.a.n.c.r.client - [printIfInfoEnabled,60] - [5152f1f7-4ccd-4cf5-babf-a0b690269e77_config-0]RpcClient init, ServerListFactory =com.alibaba.nacos.client.config.impl.ClientWorker$ConfigRpcTransportClient$2
15:25:25.399 [main] INFO  c.a.n.c.r.client - [printIfInfoEnabled,60] - [5152f1f7-4ccd-4cf5-babf-a0b690269e77_config-0] Try to connect to server on start up, server: {serverIp='42.192.51.113', server main port=8848}
15:25:26.316 [main] INFO  c.a.n.c.r.client - [printIfInfoEnabled,60] - [5152f1f7-4ccd-4cf5-babf-a0b690269e77_config-0] Success to connect to server [42.192.51.113:8848] on start up,connectionId=1691220325395_219.140.151.212_58847
15:25:26.316 [com.alibaba.nacos.client.remote.worker] INFO  c.a.n.c.r.client - [printIfInfoEnabled,60] - [5152f1f7-4ccd-4cf5-babf-a0b690269e77_config-0]Notify connected event to listeners.
15:25:26.316 [com.alibaba.nacos.client.remote.worker] INFO  c.a.n.c.c.i.ClientWorker - [onConnected,677] - [5152f1f7-4ccd-4cf5-babf-a0b690269e77_config-0] Connected,notify listen context...
15:25:26.316 [main] INFO  c.a.n.c.r.client - [printIfInfoEnabled,60] - [5152f1f7-4ccd-4cf5-babf-a0b690269e77_config-0]Register server push request handler:com.alibaba.nacos.common.remote.client.RpcClient$ConnectResetRequestHandler
15:25:26.316 [main] INFO  c.a.n.c.r.client - [printIfInfoEnabled,60] - [5152f1f7-4ccd-4cf5-babf-a0b690269e77_config-0]Register server push request handler:com.alibaba.nacos.common.remote.client.RpcClient$4
15:25:26.347 [main] INFO  c.a.n.c.c.i.Limiter - [<clinit>,56] - limitTime:5.0
15:25:26.378 [main] INFO  c.a.n.c.c.u.JvmUtil - [<clinit>,53] - isMultiInstance:false
15:25:26.493 [main] INFO  c.m.s.MarsSystemApplication - [logStartupProfileInfo,663] - The following profiles are active: dev
15:25:27.962 [main] INFO  o.a.c.h.Http11NioProtocol - [log,173] - Initializing ProtocolHandler ["http-nio-9201"]
15:25:27.963 [main] INFO  o.a.c.c.StandardService - [log,173] - Starting service [Tomcat]
15:25:27.963 [main] INFO  o.a.c.c.StandardEngine - [log,173] - Starting Servlet engine: [Apache Tomcat/9.0.50]
15:25:28.057 [main] INFO  o.a.c.c.C.[.[.[/] - [log,173] - Initializing Spring embedded WebApplicationContext
15:25:30.223 [main] INFO  c.a.d.p.DruidDataSource - [init,990] - {dataSource-1,master} inited
15:25:30.224 [main] INFO  c.b.d.d.DynamicRoutingDataSource - [addDataSource,147] - dynamic-datasource - add a datasource named [master] success
15:25:30.224 [main] INFO  c.b.d.d.DynamicRoutingDataSource - [afterPropertiesSet,238] - dynamic-datasource initial loaded [1] datasource,primary datasource named [master]
15:25:32.643 [main] INFO  c.a.c.s.SentinelWebAutoConfiguration - [addInterceptors,80] - [Sentinel Starter] register SentinelWebInterceptor with urlPatterns: [/**].
15:25:32.934 [main] INFO  c.a.n.client.naming - [call,67] - initializer namespace from System Property :null
15:25:32.934 [main] INFO  c.a.n.client.naming - [call,76] - initializer namespace from System Environment :null
15:25:32.934 [main] INFO  c.a.n.client.naming - [call,86] - initializer namespace from System Property :null
15:25:32.945 [main] INFO  c.a.n.c.r.client - [lambda$createClient$0,77] - [RpcClientFactory] create a new rpc client of 85ba9860-a3cb-4b06-9010-54ad4a651523
15:25:32.946 [main] INFO  c.a.n.c.r.client - [printIfInfoEnabled,60] - [85ba9860-a3cb-4b06-9010-54ad4a651523]RpcClient init label, labels={module=naming, source=sdk}
15:25:32.946 [main] INFO  c.a.n.c.r.client - [printIfInfoEnabled,60] - [85ba9860-a3cb-4b06-9010-54ad4a651523]RpcClient init, ServerListFactory =com.alibaba.nacos.client.naming.core.ServerListManager
15:25:32.946 [main] INFO  c.a.n.c.r.client - [printIfInfoEnabled,60] - [85ba9860-a3cb-4b06-9010-54ad4a651523] Try to connect to server on start up, server: {serverIp='42.192.51.113', server main port=8848}
15:25:33.130 [main] INFO  c.a.n.c.r.client - [printIfInfoEnabled,60] - [85ba9860-a3cb-4b06-9010-54ad4a651523] Success to connect to server [42.192.51.113:8848] on start up,connectionId=1691220332295_219.140.151.212_58892
15:25:33.131 [main] INFO  c.a.n.c.r.client - [printIfInfoEnabled,60] - [85ba9860-a3cb-4b06-9010-54ad4a651523]Register server push request handler:com.alibaba.nacos.common.remote.client.RpcClient$ConnectResetRequestHandler
15:25:33.131 [main] INFO  c.a.n.c.r.client - [printIfInfoEnabled,60] - [85ba9860-a3cb-4b06-9010-54ad4a651523]Register server push request handler:com.alibaba.nacos.common.remote.client.RpcClient$4
15:25:33.133 [main] INFO  c.a.n.c.r.client - [printIfInfoEnabled,60] - [85ba9860-a3cb-4b06-9010-54ad4a651523]Register server push request handler:com.alibaba.nacos.client.naming.remote.gprc.NamingPushRequestHandler
15:25:33.134 [main] INFO  c.a.n.c.r.client - [printIfInfoEnabled,60] - [85ba9860-a3cb-4b06-9010-54ad4a651523]Registry connection listener to current client:com.alibaba.nacos.client.naming.remote.gprc.NamingGrpcConnectionEventListener
15:25:34.057 [main] INFO  c.a.n.client.naming - [isChangedServiceInfo,181] - init new ips(0) service: DEFAULT_GROUP@@mars-system@@DEFAULT -> []
15:25:34.064 [main] INFO  c.a.n.client.naming - [processServiceInfo,166] - current ips:(0) service: DEFAULT_GROUP@@mars-system@@DEFAULT -> []
15:25:34.070 [main] INFO  o.a.c.h.Http11NioProtocol - [log,173] - Starting ProtocolHandler ["http-nio-9201"]
15:25:34.083 [main] INFO  c.a.n.client.naming - [registerService,111] - [REGISTER-SERVICE] public registering service mars-system with instance Instance{instanceId='null', ip='10.202.229.18', port=9201, weight=1.0, healthy=true, enabled=true, ephemeral=true, clusterName='DEFAULT', serviceName='null', metadata={preserved.register.source=SPRING_CLOUD}}
15:25:34.108 [main] INFO  c.a.c.n.r.NacosServiceRegistry - [register,75] - nacos registry, DEFAULT_GROUP mars-system 10.202.229.18:9201 register finished
15:25:34.263 [main] INFO  c.m.s.MarsSystemApplication - [logStarted,61] - Started MarsSystemApplication in 10.218 seconds (JVM running for 11.113)
15:25:34.269 [main] INFO  c.a.n.c.c.i.ClientWorker - [addCacheDataIfAbsent,384] - [config_rpc_client] [subscribe] mars-system+DEFAULT_GROUP
15:25:34.269 [main] INFO  c.a.n.c.c.i.CacheData - [addListener,169] - [config_rpc_client] [add-listener] ok, tenant=, dataId=mars-system, group=DEFAULT_GROUP, cnt=1
15:25:34.270 [main] INFO  c.a.n.c.c.i.ClientWorker - [addCacheDataIfAbsent,384] - [config_rpc_client] [subscribe] mars-system.yml+DEFAULT_GROUP
15:25:34.270 [main] INFO  c.a.n.c.c.i.CacheData - [addListener,169] - [config_rpc_client] [add-listener] ok, tenant=, dataId=mars-system.yml, group=DEFAULT_GROUP, cnt=1
15:25:34.270 [main] INFO  c.a.n.c.c.i.ClientWorker - [addCacheDataIfAbsent,384] - [config_rpc_client] [subscribe] mars-system-dev.yml+DEFAULT_GROUP
15:25:34.270 [main] INFO  c.a.n.c.c.i.CacheData - [addListener,169] - [config_rpc_client] [add-listener] ok, tenant=, dataId=mars-system-dev.yml, group=DEFAULT_GROUP, cnt=1
15:25:34.565 [nacos-grpc-client-executor-5] INFO  c.a.n.c.r.client - [printIfInfoEnabled,60] - [85ba9860-a3cb-4b06-9010-54ad4a651523]receive server push request,request=NotifySubscriberRequest,requestId=330
15:25:34.567 [nacos-grpc-client-executor-5] INFO  c.a.n.client.naming - [isChangedServiceInfo,181] - init new ips(1) service: DEFAULT_GROUP@@mars-system -> [{"ip":"10.202.229.18","port":9201,"weight":1.0,"healthy":true,"enabled":true,"ephemeral":true,"clusterName":"DEFAULT","serviceName":"DEFAULT_GROUP@@mars-system","metadata":{"preserved.register.source":"SPRING_CLOUD"},"ipDeleteTimeout":30000,"instanceHeartBeatTimeOut":15000,"instanceHeartBeatInterval":5000}]
15:25:34.568 [nacos-grpc-client-executor-5] INFO  c.a.n.client.naming - [processServiceInfo,166] - current ips:(1) service: DEFAULT_GROUP@@mars-system -> [{"ip":"10.202.229.18","port":9201,"weight":1.0,"healthy":true,"enabled":true,"ephemeral":true,"clusterName":"DEFAULT","serviceName":"DEFAULT_GROUP@@mars-system","metadata":{"preserved.register.source":"SPRING_CLOUD"},"ipDeleteTimeout":30000,"instanceHeartBeatTimeOut":15000,"instanceHeartBeatInterval":5000}]
15:25:34.570 [nacos-grpc-client-executor-5] INFO  c.a.n.c.r.client - [printIfInfoEnabled,60] - [85ba9860-a3cb-4b06-9010-54ad4a651523]ack server push request,request=NotifySubscriberRequest,requestId=330
15:25:34.932 [RMI TCP Connection(4)-10.202.229.18] INFO  o.a.c.c.C.[.[.[/] - [log,173] - Initializing Spring DispatcherServlet 'dispatcherServlet'
15:25:35.085 [com.alibaba.nacos.client.naming.updater.0] INFO  c.a.n.client.naming - [isChangedServiceInfo,235] - new ips(1) service: DEFAULT_GROUP@@mars-system@@DEFAULT -> [{"ip":"10.202.229.18","port":9201,"weight":1.0,"healthy":true,"enabled":true,"ephemeral":true,"clusterName":"DEFAULT","serviceName":"DEFAULT_GROUP@@mars-system","metadata":{"preserved.register.source":"SPRING_CLOUD"},"ipDeleteTimeout":30000,"instanceHeartBeatTimeOut":15000,"instanceHeartBeatInterval":5000}]
15:25:35.085 [com.alibaba.nacos.client.naming.updater.0] INFO  c.a.n.client.naming - [processServiceInfo,166] - current ips:(1) service: DEFAULT_GROUP@@mars-system@@DEFAULT -> [{"ip":"10.202.229.18","port":9201,"weight":1.0,"healthy":true,"enabled":true,"ephemeral":true,"clusterName":"DEFAULT","serviceName":"DEFAULT_GROUP@@mars-system","metadata":{"preserved.register.source":"SPRING_CLOUD"},"ipDeleteTimeout":30000,"instanceHeartBeatTimeOut":15000,"instanceHeartBeatInterval":5000}]
17:28:38.084 [SpringApplicationShutdownHook] INFO  c.a.c.n.r.NacosServiceRegistry - [deregister,90] - De-registering from Nacos Server now...
17:28:38.085 [SpringApplicationShutdownHook] INFO  c.a.n.client.naming - [deregisterService,122] - [DEREGISTER-SERVICE] public deregistering service mars-system with instance: Instance{instanceId='null', ip='10.202.229.18', port=9201, weight=1.0, healthy=true, enabled=true, ephemeral=true, clusterName='DEFAULT', serviceName='null', metadata={}}
17:28:38.109 [SpringApplicationShutdownHook] INFO  c.a.c.n.r.NacosServiceRegistry - [deregister,110] - De-registration finished.
17:28:38.122 [SpringApplicationShutdownHook] INFO  c.a.n.client.naming - [shutdown,256] - com.alibaba.nacos.client.naming.cache.ServiceInfoHolder do shutdown begin
17:28:38.122 [SpringApplicationShutdownHook] INFO  c.a.n.client.naming - [shutdown,140] - com.alibaba.nacos.client.naming.backups.FailoverReactor do shutdown begin
17:28:38.122 [SpringApplicationShutdownHook] INFO  c.a.n.client.naming - [shutdown,142] - com.alibaba.nacos.client.naming.backups.FailoverReactor do shutdown stop
17:28:38.122 [SpringApplicationShutdownHook] INFO  c.a.n.client.naming - [shutdown,258] - com.alibaba.nacos.client.naming.cache.ServiceInfoHolder do shutdown stop
17:28:38.123 [SpringApplicationShutdownHook] INFO  c.a.n.client.naming - [shutdown,176] - com.alibaba.nacos.client.naming.remote.NamingClientProxyDelegate do shutdown begin
17:28:38.123 [SpringApplicationShutdownHook] INFO  c.a.n.client.naming - [shutdown,130] - com.alibaba.nacos.client.naming.core.ServiceInfoUpdateService do shutdown begin
17:28:38.430 [SpringApplicationShutdownHook] INFO  c.a.n.client.naming - [shutdown,132] - com.alibaba.nacos.client.naming.core.ServiceInfoUpdateService do shutdown stop
17:28:38.430 [SpringApplicationShutdownHook] INFO  c.a.n.client.naming - [shutdown,188] - com.alibaba.nacos.client.naming.core.ServerListManager do shutdown begin
17:28:38.431 [SpringApplicationShutdownHook] INFO  c.a.n.client.naming - [shutdown,193] - com.alibaba.nacos.client.naming.core.ServerListManager do shutdown stop
17:28:38.431 [SpringApplicationShutdownHook] INFO  c.a.n.client.naming - [shutdown,519] - com.alibaba.nacos.client.naming.remote.http.NamingHttpClientProxy do shutdown begin
17:28:38.431 [SpringApplicationShutdownHook] INFO  c.a.n.client.naming - [shutdown,162] - com.alibaba.nacos.client.naming.beat.BeatReactor do shutdown begin
17:28:38.431 [SpringApplicationShutdownHook] INFO  c.a.n.client.naming - [shutdown,164] - com.alibaba.nacos.client.naming.beat.BeatReactor do shutdown stop
17:28:38.431 [SpringApplicationShutdownHook] INFO  c.a.n.c.i.CredentialWatcher - [stop,105] - [null] CredentialWatcher is stopped
17:28:38.431 [SpringApplicationShutdownHook] INFO  c.a.n.c.i.CredentialService - [free,99] - [null] CredentialService is freed
17:28:38.432 [SpringApplicationShutdownHook] INFO  c.a.n.client.naming - [shutdown,523] - com.alibaba.nacos.client.naming.remote.http.NamingHttpClientProxy do shutdown stop
17:28:38.432 [SpringApplicationShutdownHook] INFO  c.a.n.c.r.client - [shutdown,462] - Shutdown rpc client ,set status to shutdown
17:28:38.432 [SpringApplicationShutdownHook] INFO  c.a.n.c.r.client - [shutdown,464] - Shutdown  client event executor java.util.concurrent.ScheduledThreadPoolExecutor@67d26211[Running, pool size = 2, active threads = 2, queued tasks = 0, completed tasks = 0]
17:28:38.432 [SpringApplicationShutdownHook] INFO  c.a.n.c.r.client - [shutdown,466] - Close current connection 1691220332295_219.140.151.212_58892
17:28:38.455 [nacos-grpc-client-executor-1491] INFO  c.a.n.c.r.c.g.GrpcClient - [printIfInfoEnabled,60] - [1691220332295_219.140.151.212_58892]Ignore complete event,isRunning:false,isAbandon=false
17:28:38.514 [SpringApplicationShutdownHook] INFO  c.a.n.c.r.c.g.GrpcClient - [shutdown,83] - Shutdown grpc executor java.util.concurrent.ThreadPoolExecutor@1cd5cb26[Running, pool size = 5, active threads = 0, queued tasks = 0, completed tasks = 1492]
17:28:38.515 [SpringApplicationShutdownHook] INFO  c.a.n.client.naming - [shutdown,182] - com.alibaba.nacos.client.naming.remote.NamingClientProxyDelegate do shutdown stop
17:28:38.712 [SpringApplicationShutdownHook] INFO  c.b.d.d.DynamicRoutingDataSource - [destroy,215] - dynamic-datasource start closing ....
17:28:38.855 [SpringApplicationShutdownHook] INFO  i.s.c.ConfigurationFactory - [<clinit>,65] - load Configuration:FileConfiguration$$EnhancerByCGLIB$$862af1eb
17:28:47.602 [background-preinit] INFO  o.h.v.i.util.Version - [<clinit>,21] - HV000001: Hibernate Validator 6.2.0.Final
17:28:48.178 [main] INFO  c.a.n.c.c.i.LocalConfigInfoProcessor - [<clinit>,67] - LOCAL_SNAPSHOT_PATH:C:\Users\MW00275\nacos\config
17:28:48.201 [main] INFO  c.a.n.c.r.client - [lambda$createClient$0,77] - [RpcClientFactory] create a new rpc client of 5b8a5658-652a-4077-9bb0-b8b8cabaf49e_config-0
17:28:48.303 [main] INFO  o.r.Reflections - [scan,232] - Reflections took 36 ms to scan 1 urls, producing 3 keys and 6 values 
17:28:48.330 [main] INFO  o.r.Reflections - [scan,232] - Reflections took 10 ms to scan 1 urls, producing 4 keys and 9 values 
17:28:48.341 [main] INFO  o.r.Reflections - [scan,232] - Reflections took 10 ms to scan 1 urls, producing 3 keys and 10 values 
17:28:48.625 [main] INFO  o.r.Reflections - [scan,232] - Reflections took 280 ms to scan 206 urls, producing 0 keys and 0 values 
17:28:48.636 [main] INFO  o.r.Reflections - [scan,232] - Reflections took 11 ms to scan 1 urls, producing 1 keys and 5 values 
17:28:48.649 [main] INFO  o.r.Reflections - [scan,232] - Reflections took 12 ms to scan 1 urls, producing 1 keys and 7 values 
17:28:48.658 [main] INFO  o.r.Reflections - [scan,232] - Reflections took 7 ms to scan 1 urls, producing 2 keys and 8 values 
17:28:48.772 [main] INFO  o.r.Reflections - [scan,232] - Reflections took 112 ms to scan 206 urls, producing 0 keys and 0 values 
17:28:48.775 [main] INFO  c.a.n.c.r.client - [printIfInfoEnabled,60] - [5b8a5658-652a-4077-9bb0-b8b8cabaf49e_config-0]RpcClient init label, labels={module=config, Vipserver-Tag=null, source=sdk, Amory-Tag=null, Location-Tag=null, taskId=0, AppName=unknown}
17:28:48.775 [main] INFO  c.a.n.c.r.client - [printIfInfoEnabled,60] - [5b8a5658-652a-4077-9bb0-b8b8cabaf49e_config-0]Register server push request handler:com.alibaba.nacos.client.config.impl.ClientWorker$ConfigRpcTransportClient$$Lambda$328/1201614274
17:28:48.776 [main] INFO  c.a.n.c.r.client - [printIfInfoEnabled,60] - [5b8a5658-652a-4077-9bb0-b8b8cabaf49e_config-0]Register server push request handler:com.alibaba.nacos.client.config.impl.ClientWorker$ConfigRpcTransportClient$$Lambda$329/229329107
17:28:48.776 [main] INFO  c.a.n.c.r.client - [printIfInfoEnabled,60] - [5b8a5658-652a-4077-9bb0-b8b8cabaf49e_config-0]Registry connection listener to current client:com.alibaba.nacos.client.config.impl.ClientWorker$ConfigRpcTransportClient$1
17:28:48.777 [main] INFO  c.a.n.c.r.client - [printIfInfoEnabled,60] - [5b8a5658-652a-4077-9bb0-b8b8cabaf49e_config-0]RpcClient init, ServerListFactory =com.alibaba.nacos.client.config.impl.ClientWorker$ConfigRpcTransportClient$2
17:28:48.784 [main] INFO  c.a.n.c.r.client - [printIfInfoEnabled,60] - [5b8a5658-652a-4077-9bb0-b8b8cabaf49e_config-0] Try to connect to server on start up, server: {serverIp='42.192.51.113', server main port=8848}
17:28:49.955 [main] INFO  c.a.n.c.r.client - [printIfInfoEnabled,60] - [5b8a5658-652a-4077-9bb0-b8b8cabaf49e_config-0] Success to connect to server [42.192.51.113:8848] on start up,connectionId=1691227729235_219.140.151.212_15512
17:28:49.955 [com.alibaba.nacos.client.remote.worker] INFO  c.a.n.c.r.client - [printIfInfoEnabled,60] - [5b8a5658-652a-4077-9bb0-b8b8cabaf49e_config-0]Notify connected event to listeners.
17:28:49.955 [com.alibaba.nacos.client.remote.worker] INFO  c.a.n.c.c.i.ClientWorker - [onConnected,677] - [5b8a5658-652a-4077-9bb0-b8b8cabaf49e_config-0] Connected,notify listen context...
17:28:49.955 [main] INFO  c.a.n.c.r.client - [printIfInfoEnabled,60] - [5b8a5658-652a-4077-9bb0-b8b8cabaf49e_config-0]Register server push request handler:com.alibaba.nacos.common.remote.client.RpcClient$ConnectResetRequestHandler
17:28:49.956 [main] INFO  c.a.n.c.r.client - [printIfInfoEnabled,60] - [5b8a5658-652a-4077-9bb0-b8b8cabaf49e_config-0]Register server push request handler:com.alibaba.nacos.common.remote.client.RpcClient$4
17:28:49.996 [main] INFO  c.a.n.c.c.i.Limiter - [<clinit>,56] - limitTime:5.0
17:28:50.036 [main] INFO  c.a.n.c.c.u.JvmUtil - [<clinit>,53] - isMultiInstance:false
17:28:50.134 [main] INFO  c.m.s.MarsSystemApplication - [logStartupProfileInfo,663] - The following profiles are active: dev
17:28:52.611 [main] INFO  o.a.c.h.Http11NioProtocol - [log,173] - Initializing ProtocolHandler ["http-nio-9201"]
17:28:52.612 [main] INFO  o.a.c.c.StandardService - [log,173] - Starting service [Tomcat]
17:28:52.612 [main] INFO  o.a.c.c.StandardEngine - [log,173] - Starting Servlet engine: [Apache Tomcat/9.0.50]
17:28:52.715 [main] INFO  o.a.c.c.C.[.[.[/] - [log,173] - Initializing Spring embedded WebApplicationContext
17:28:54.832 [main] INFO  c.a.d.p.DruidDataSource - [init,990] - {dataSource-1,master} inited
17:28:54.833 [main] INFO  c.b.d.d.DynamicRoutingDataSource - [addDataSource,147] - dynamic-datasource - add a datasource named [master] success
17:28:54.834 [main] INFO  c.b.d.d.DynamicRoutingDataSource - [afterPropertiesSet,238] - dynamic-datasource initial loaded [1] datasource,primary datasource named [master]
17:28:57.230 [main] INFO  c.a.c.s.SentinelWebAutoConfiguration - [addInterceptors,80] - [Sentinel Starter] register SentinelWebInterceptor with urlPatterns: [/**].
17:28:57.544 [main] INFO  c.a.n.client.naming - [call,67] - initializer namespace from System Property :null
17:28:57.545 [main] INFO  c.a.n.client.naming - [call,76] - initializer namespace from System Environment :null
17:28:57.545 [main] INFO  c.a.n.client.naming - [call,86] - initializer namespace from System Property :null
17:28:57.567 [main] INFO  c.a.n.c.r.client - [lambda$createClient$0,77] - [RpcClientFactory] create a new rpc client of a50b8ae2-1747-4939-a513-4c79e517bce2
17:28:57.567 [main] INFO  c.a.n.c.r.client - [printIfInfoEnabled,60] - [a50b8ae2-1747-4939-a513-4c79e517bce2]RpcClient init label, labels={module=naming, source=sdk}
17:28:57.568 [main] INFO  c.a.n.c.r.client - [printIfInfoEnabled,60] - [a50b8ae2-1747-4939-a513-4c79e517bce2]RpcClient init, ServerListFactory =com.alibaba.nacos.client.naming.core.ServerListManager
17:28:57.568 [main] INFO  c.a.n.c.r.client - [printIfInfoEnabled,60] - [a50b8ae2-1747-4939-a513-4c79e517bce2] Try to connect to server on start up, server: {serverIp='42.192.51.113', server main port=8848}
17:28:57.739 [main] INFO  c.a.n.c.r.client - [printIfInfoEnabled,60] - [a50b8ae2-1747-4939-a513-4c79e517bce2] Success to connect to server [42.192.51.113:8848] on start up,connectionId=1691227737151_219.140.151.212_15561
17:28:57.739 [main] INFO  c.a.n.c.r.client - [printIfInfoEnabled,60] - [a50b8ae2-1747-4939-a513-4c79e517bce2]Register server push request handler:com.alibaba.nacos.common.remote.client.RpcClient$ConnectResetRequestHandler
17:28:57.739 [main] INFO  c.a.n.c.r.client - [printIfInfoEnabled,60] - [a50b8ae2-1747-4939-a513-4c79e517bce2]Register server push request handler:com.alibaba.nacos.common.remote.client.RpcClient$4
17:28:57.739 [main] INFO  c.a.n.c.r.client - [printIfInfoEnabled,60] - [a50b8ae2-1747-4939-a513-4c79e517bce2]Register server push request handler:com.alibaba.nacos.client.naming.remote.gprc.NamingPushRequestHandler
17:28:57.740 [main] INFO  c.a.n.c.r.client - [printIfInfoEnabled,60] - [a50b8ae2-1747-4939-a513-4c79e517bce2]Registry connection listener to current client:com.alibaba.nacos.client.naming.remote.gprc.NamingGrpcConnectionEventListener
17:28:58.714 [main] INFO  c.a.n.client.naming - [isChangedServiceInfo,181] - init new ips(0) service: DEFAULT_GROUP@@mars-system@@DEFAULT -> []
17:28:58.734 [main] INFO  c.a.n.client.naming - [processServiceInfo,166] - current ips:(0) service: DEFAULT_GROUP@@mars-system@@DEFAULT -> []
17:28:58.742 [main] INFO  o.a.c.h.Http11NioProtocol - [log,173] - Starting ProtocolHandler ["http-nio-9201"]
17:28:58.755 [main] INFO  c.a.n.client.naming - [registerService,111] - [REGISTER-SERVICE] public registering service mars-system with instance Instance{instanceId='null', ip='10.202.229.18', port=9201, weight=1.0, healthy=true, enabled=true, ephemeral=true, clusterName='DEFAULT', serviceName='null', metadata={preserved.register.source=SPRING_CLOUD}}
17:28:58.781 [main] INFO  c.a.c.n.r.NacosServiceRegistry - [register,75] - nacos registry, DEFAULT_GROUP mars-system 10.202.229.18:9201 register finished
17:28:58.943 [main] INFO  c.m.s.MarsSystemApplication - [logStarted,61] - Started MarsSystemApplication in 11.866 seconds (JVM running for 13.12)
17:28:58.949 [main] INFO  c.a.n.c.c.i.ClientWorker - [addCacheDataIfAbsent,384] - [config_rpc_client] [subscribe] mars-system+DEFAULT_GROUP
17:28:58.950 [main] INFO  c.a.n.c.c.i.CacheData - [addListener,169] - [config_rpc_client] [add-listener] ok, tenant=, dataId=mars-system, group=DEFAULT_GROUP, cnt=1
17:28:58.950 [main] INFO  c.a.n.c.c.i.ClientWorker - [addCacheDataIfAbsent,384] - [config_rpc_client] [subscribe] mars-system.yml+DEFAULT_GROUP
17:28:58.950 [main] INFO  c.a.n.c.c.i.CacheData - [addListener,169] - [config_rpc_client] [add-listener] ok, tenant=, dataId=mars-system.yml, group=DEFAULT_GROUP, cnt=1
17:28:58.951 [main] INFO  c.a.n.c.c.i.ClientWorker - [addCacheDataIfAbsent,384] - [config_rpc_client] [subscribe] mars-system-dev.yml+DEFAULT_GROUP
17:28:58.951 [main] INFO  c.a.n.c.c.i.CacheData - [addListener,169] - [config_rpc_client] [add-listener] ok, tenant=, dataId=mars-system-dev.yml, group=DEFAULT_GROUP, cnt=1
17:28:59.228 [RMI TCP Connection(1)-10.202.229.18] INFO  o.a.c.c.C.[.[.[/] - [log,173] - Initializing Spring DispatcherServlet 'dispatcherServlet'
17:28:59.299 [nacos-grpc-client-executor-5] INFO  c.a.n.c.r.client - [printIfInfoEnabled,60] - [a50b8ae2-1747-4939-a513-4c79e517bce2]receive server push request,request=NotifySubscriberRequest,requestId=338
17:28:59.301 [nacos-grpc-client-executor-5] INFO  c.a.n.client.naming - [isChangedServiceInfo,181] - init new ips(1) service: DEFAULT_GROUP@@mars-system -> [{"ip":"10.202.229.18","port":9201,"weight":1.0,"healthy":true,"enabled":true,"ephemeral":true,"clusterName":"DEFAULT","serviceName":"DEFAULT_GROUP@@mars-system","metadata":{"preserved.register.source":"SPRING_CLOUD"},"ipDeleteTimeout":30000,"instanceHeartBeatInterval":5000,"instanceHeartBeatTimeOut":15000}]
17:28:59.301 [nacos-grpc-client-executor-5] INFO  c.a.n.client.naming - [processServiceInfo,166] - current ips:(1) service: DEFAULT_GROUP@@mars-system -> [{"ip":"10.202.229.18","port":9201,"weight":1.0,"healthy":true,"enabled":true,"ephemeral":true,"clusterName":"DEFAULT","serviceName":"DEFAULT_GROUP@@mars-system","metadata":{"preserved.register.source":"SPRING_CLOUD"},"ipDeleteTimeout":30000,"instanceHeartBeatInterval":5000,"instanceHeartBeatTimeOut":15000}]
17:28:59.302 [nacos-grpc-client-executor-5] INFO  c.a.n.c.r.client - [printIfInfoEnabled,60] - [a50b8ae2-1747-4939-a513-4c79e517bce2]ack server push request,request=NotifySubscriberRequest,requestId=338
17:28:59.717 [com.alibaba.nacos.client.naming.updater.0] INFO  c.a.n.client.naming - [isChangedServiceInfo,235] - new ips(1) service: DEFAULT_GROUP@@mars-system@@DEFAULT -> [{"ip":"10.202.229.18","port":9201,"weight":1.0,"healthy":true,"enabled":true,"ephemeral":true,"clusterName":"DEFAULT","serviceName":"DEFAULT_GROUP@@mars-system","metadata":{"preserved.register.source":"SPRING_CLOUD"},"ipDeleteTimeout":30000,"instanceHeartBeatInterval":5000,"instanceHeartBeatTimeOut":15000}]
17:28:59.718 [com.alibaba.nacos.client.naming.updater.0] INFO  c.a.n.client.naming - [processServiceInfo,166] - current ips:(1) service: DEFAULT_GROUP@@mars-system@@DEFAULT -> [{"ip":"10.202.229.18","port":9201,"weight":1.0,"healthy":true,"enabled":true,"ephemeral":true,"clusterName":"DEFAULT","serviceName":"DEFAULT_GROUP@@mars-system","metadata":{"preserved.register.source":"SPRING_CLOUD"},"ipDeleteTimeout":30000,"instanceHeartBeatInterval":5000,"instanceHeartBeatTimeOut":15000}]
17:51:19.720 [SpringApplicationShutdownHook] INFO  c.a.c.n.r.NacosServiceRegistry - [deregister,90] - De-registering from Nacos Server now...
17:51:19.721 [SpringApplicationShutdownHook] INFO  c.a.n.client.naming - [deregisterService,122] - [DEREGISTER-SERVICE] public deregistering service mars-system with instance: Instance{instanceId='null', ip='10.202.229.18', port=9201, weight=1.0, healthy=true, enabled=true, ephemeral=true, clusterName='DEFAULT', serviceName='null', metadata={}}
17:51:19.744 [SpringApplicationShutdownHook] INFO  c.a.c.n.r.NacosServiceRegistry - [deregister,110] - De-registration finished.
17:51:19.745 [SpringApplicationShutdownHook] INFO  c.a.n.client.naming - [shutdown,256] - com.alibaba.nacos.client.naming.cache.ServiceInfoHolder do shutdown begin
17:51:19.745 [SpringApplicationShutdownHook] INFO  c.a.n.client.naming - [shutdown,140] - com.alibaba.nacos.client.naming.backups.FailoverReactor do shutdown begin
17:51:19.745 [SpringApplicationShutdownHook] INFO  c.a.n.client.naming - [shutdown,142] - com.alibaba.nacos.client.naming.backups.FailoverReactor do shutdown stop
17:51:19.745 [SpringApplicationShutdownHook] INFO  c.a.n.client.naming - [shutdown,258] - com.alibaba.nacos.client.naming.cache.ServiceInfoHolder do shutdown stop
17:51:19.745 [SpringApplicationShutdownHook] INFO  c.a.n.client.naming - [shutdown,176] - com.alibaba.nacos.client.naming.remote.NamingClientProxyDelegate do shutdown begin
17:51:19.745 [SpringApplicationShutdownHook] INFO  c.a.n.client.naming - [shutdown,130] - com.alibaba.nacos.client.naming.core.ServiceInfoUpdateService do shutdown begin
17:51:20.049 [SpringApplicationShutdownHook] INFO  c.a.n.client.naming - [shutdown,132] - com.alibaba.nacos.client.naming.core.ServiceInfoUpdateService do shutdown stop
17:51:20.049 [SpringApplicationShutdownHook] INFO  c.a.n.client.naming - [shutdown,188] - com.alibaba.nacos.client.naming.core.ServerListManager do shutdown begin
17:51:20.049 [SpringApplicationShutdownHook] INFO  c.a.n.client.naming - [shutdown,193] - com.alibaba.nacos.client.naming.core.ServerListManager do shutdown stop
17:51:20.049 [SpringApplicationShutdownHook] INFO  c.a.n.client.naming - [shutdown,519] - com.alibaba.nacos.client.naming.remote.http.NamingHttpClientProxy do shutdown begin
17:51:20.050 [SpringApplicationShutdownHook] INFO  c.a.n.client.naming - [shutdown,162] - com.alibaba.nacos.client.naming.beat.BeatReactor do shutdown begin
17:51:20.050 [SpringApplicationShutdownHook] INFO  c.a.n.client.naming - [shutdown,164] - com.alibaba.nacos.client.naming.beat.BeatReactor do shutdown stop
17:51:20.050 [SpringApplicationShutdownHook] INFO  c.a.n.c.i.CredentialWatcher - [stop,105] - [null] CredentialWatcher is stopped
17:51:20.050 [SpringApplicationShutdownHook] INFO  c.a.n.c.i.CredentialService - [free,99] - [null] CredentialService is freed
17:51:20.050 [SpringApplicationShutdownHook] INFO  c.a.n.client.naming - [shutdown,523] - com.alibaba.nacos.client.naming.remote.http.NamingHttpClientProxy do shutdown stop
17:51:20.050 [SpringApplicationShutdownHook] INFO  c.a.n.c.r.client - [shutdown,462] - Shutdown rpc client ,set status to shutdown
17:51:20.051 [SpringApplicationShutdownHook] INFO  c.a.n.c.r.client - [shutdown,464] - Shutdown  client event executor java.util.concurrent.ScheduledThreadPoolExecutor@1d4d9f08[Running, pool size = 2, active threads = 2, queued tasks = 0, completed tasks = 0]
17:51:20.051 [SpringApplicationShutdownHook] INFO  c.a.n.c.r.client - [shutdown,466] - Close current connection 1691227737151_219.140.151.212_15561
17:51:20.053 [SpringApplicationShutdownHook] INFO  c.a.n.c.r.c.g.GrpcClient - [shutdown,83] - Shutdown grpc executor java.util.concurrent.ThreadPoolExecutor@1853250e[Running, pool size = 4, active threads = 0, queued tasks = 0, completed tasks = 278]
17:51:20.054 [SpringApplicationShutdownHook] INFO  c.a.n.client.naming - [shutdown,182] - com.alibaba.nacos.client.naming.remote.NamingClientProxyDelegate do shutdown stop
17:51:20.268 [SpringApplicationShutdownHook] INFO  c.b.d.d.DynamicRoutingDataSource - [destroy,215] - dynamic-datasource start closing ....
17:51:20.298 [SpringApplicationShutdownHook] INFO  i.s.c.ConfigurationFactory - [<clinit>,65] - load Configuration:FileConfiguration$$EnhancerByCGLIB$$862af1eb
17:51:25.540 [background-preinit] INFO  o.h.v.i.util.Version - [<clinit>,21] - HV000001: Hibernate Validator 6.2.0.Final
17:51:26.047 [main] INFO  c.a.n.c.c.i.LocalConfigInfoProcessor - [<clinit>,67] - LOCAL_SNAPSHOT_PATH:C:\Users\MW00275\nacos\config
17:51:26.050 [main] INFO  c.a.n.c.r.client - [lambda$createClient$0,77] - [RpcClientFactory] create a new rpc client of 4a878f4d-5cb5-4a80-8d62-bfc52e1ebe1b_config-0
17:51:26.085 [main] INFO  o.r.Reflections - [scan,232] - Reflections took 24 ms to scan 1 urls, producing 3 keys and 6 values 
17:51:26.109 [main] INFO  o.r.Reflections - [scan,232] - Reflections took 13 ms to scan 1 urls, producing 4 keys and 9 values 
17:51:26.127 [main] INFO  o.r.Reflections - [scan,232] - Reflections took 16 ms to scan 1 urls, producing 3 keys and 10 values 
17:51:26.260 [main] INFO  o.r.Reflections - [scan,232] - Reflections took 131 ms to scan 206 urls, producing 0 keys and 0 values 
17:51:26.268 [main] INFO  o.r.Reflections - [scan,232] - Reflections took 8 ms to scan 1 urls, producing 1 keys and 5 values 
17:51:26.280 [main] INFO  o.r.Reflections - [scan,232] - Reflections took 9 ms to scan 1 urls, producing 1 keys and 7 values 
17:51:26.289 [main] INFO  o.r.Reflections - [scan,232] - Reflections took 8 ms to scan 1 urls, producing 2 keys and 8 values 
17:51:26.403 [main] INFO  o.r.Reflections - [scan,232] - Reflections took 112 ms to scan 206 urls, producing 0 keys and 0 values 
17:51:26.404 [main] INFO  c.a.n.c.r.client - [printIfInfoEnabled,60] - [4a878f4d-5cb5-4a80-8d62-bfc52e1ebe1b_config-0]RpcClient init label, labels={module=config, Vipserver-Tag=null, source=sdk, Amory-Tag=null, Location-Tag=null, taskId=0, AppName=unknown}
17:51:26.404 [main] INFO  c.a.n.c.r.client - [printIfInfoEnabled,60] - [4a878f4d-5cb5-4a80-8d62-bfc52e1ebe1b_config-0]Register server push request handler:com.alibaba.nacos.client.config.impl.ClientWorker$ConfigRpcTransportClient$$Lambda$328/956337311
17:51:26.405 [main] INFO  c.a.n.c.r.client - [printIfInfoEnabled,60] - [4a878f4d-5cb5-4a80-8d62-bfc52e1ebe1b_config-0]Register server push request handler:com.alibaba.nacos.client.config.impl.ClientWorker$ConfigRpcTransportClient$$Lambda$329/371932487
17:51:26.405 [main] INFO  c.a.n.c.r.client - [printIfInfoEnabled,60] - [4a878f4d-5cb5-4a80-8d62-bfc52e1ebe1b_config-0]Registry connection listener to current client:com.alibaba.nacos.client.config.impl.ClientWorker$ConfigRpcTransportClient$1
17:51:26.406 [main] INFO  c.a.n.c.r.client - [printIfInfoEnabled,60] - [4a878f4d-5cb5-4a80-8d62-bfc52e1ebe1b_config-0]RpcClient init, ServerListFactory =com.alibaba.nacos.client.config.impl.ClientWorker$ConfigRpcTransportClient$2
17:51:26.411 [main] INFO  c.a.n.c.r.client - [printIfInfoEnabled,60] - [4a878f4d-5cb5-4a80-8d62-bfc52e1ebe1b_config-0] Try to connect to server on start up, server: {serverIp='42.192.51.113', server main port=8848}
17:51:27.331 [main] INFO  c.a.n.c.r.client - [printIfInfoEnabled,60] - [4a878f4d-5cb5-4a80-8d62-bfc52e1ebe1b_config-0] Success to connect to server [42.192.51.113:8848] on start up,connectionId=1691229086689_219.140.151.212_20698
17:51:27.331 [com.alibaba.nacos.client.remote.worker] INFO  c.a.n.c.r.client - [printIfInfoEnabled,60] - [4a878f4d-5cb5-4a80-8d62-bfc52e1ebe1b_config-0]Notify connected event to listeners.
17:51:27.331 [com.alibaba.nacos.client.remote.worker] INFO  c.a.n.c.c.i.ClientWorker - [onConnected,677] - [4a878f4d-5cb5-4a80-8d62-bfc52e1ebe1b_config-0] Connected,notify listen context...
17:51:27.331 [main] INFO  c.a.n.c.r.client - [printIfInfoEnabled,60] - [4a878f4d-5cb5-4a80-8d62-bfc52e1ebe1b_config-0]Register server push request handler:com.alibaba.nacos.common.remote.client.RpcClient$ConnectResetRequestHandler
17:51:27.332 [main] INFO  c.a.n.c.r.client - [printIfInfoEnabled,60] - [4a878f4d-5cb5-4a80-8d62-bfc52e1ebe1b_config-0]Register server push request handler:com.alibaba.nacos.common.remote.client.RpcClient$4
17:51:27.363 [main] INFO  c.a.n.c.c.i.Limiter - [<clinit>,56] - limitTime:5.0
17:51:27.398 [main] INFO  c.a.n.c.c.u.JvmUtil - [<clinit>,53] - isMultiInstance:false
17:51:27.492 [main] INFO  c.m.s.MarsSystemApplication - [logStartupProfileInfo,663] - The following profiles are active: dev
17:51:28.975 [main] INFO  o.a.c.h.Http11NioProtocol - [log,173] - Initializing ProtocolHandler ["http-nio-9201"]
17:51:28.976 [main] INFO  o.a.c.c.StandardService - [log,173] - Starting service [Tomcat]
17:51:28.976 [main] INFO  o.a.c.c.StandardEngine - [log,173] - Starting Servlet engine: [Apache Tomcat/9.0.50]
17:51:29.073 [main] INFO  o.a.c.c.C.[.[.[/] - [log,173] - Initializing Spring embedded WebApplicationContext
17:51:31.182 [main] INFO  c.a.d.p.DruidDataSource - [init,990] - {dataSource-1,master} inited
17:51:31.183 [main] INFO  c.b.d.d.DynamicRoutingDataSource - [addDataSource,147] - dynamic-datasource - add a datasource named [master] success
17:51:31.183 [main] INFO  c.b.d.d.DynamicRoutingDataSource - [afterPropertiesSet,238] - dynamic-datasource initial loaded [1] datasource,primary datasource named [master]
17:51:33.411 [main] INFO  c.a.c.s.SentinelWebAutoConfiguration - [addInterceptors,80] - [Sentinel Starter] register SentinelWebInterceptor with urlPatterns: [/**].
17:51:33.735 [main] INFO  c.a.n.client.naming - [call,67] - initializer namespace from System Property :null
17:51:33.735 [main] INFO  c.a.n.client.naming - [call,76] - initializer namespace from System Environment :null
17:51:33.736 [main] INFO  c.a.n.client.naming - [call,86] - initializer namespace from System Property :null
17:51:33.746 [main] INFO  c.a.n.c.r.client - [lambda$createClient$0,77] - [RpcClientFactory] create a new rpc client of 5bb5a49a-7195-4873-80c4-398789413b09
17:51:33.746 [main] INFO  c.a.n.c.r.client - [printIfInfoEnabled,60] - [5bb5a49a-7195-4873-80c4-398789413b09]RpcClient init label, labels={module=naming, source=sdk}
17:51:33.746 [main] INFO  c.a.n.c.r.client - [printIfInfoEnabled,60] - [5bb5a49a-7195-4873-80c4-398789413b09]RpcClient init, ServerListFactory =com.alibaba.nacos.client.naming.core.ServerListManager
17:51:33.746 [main] INFO  c.a.n.c.r.client - [printIfInfoEnabled,60] - [5bb5a49a-7195-4873-80c4-398789413b09] Try to connect to server on start up, server: {serverIp='42.192.51.113', server main port=8848}
17:51:33.934 [main] INFO  c.a.n.c.r.client - [printIfInfoEnabled,60] - [5bb5a49a-7195-4873-80c4-398789413b09] Success to connect to server [42.192.51.113:8848] on start up,connectionId=1691229093387_219.140.151.212_20748
17:51:33.934 [main] INFO  c.a.n.c.r.client - [printIfInfoEnabled,60] - [5bb5a49a-7195-4873-80c4-398789413b09]Register server push request handler:com.alibaba.nacos.common.remote.client.RpcClient$ConnectResetRequestHandler
17:51:33.934 [main] INFO  c.a.n.c.r.client - [printIfInfoEnabled,60] - [5bb5a49a-7195-4873-80c4-398789413b09]Register server push request handler:com.alibaba.nacos.common.remote.client.RpcClient$4
17:51:33.934 [main] INFO  c.a.n.c.r.client - [printIfInfoEnabled,60] - [5bb5a49a-7195-4873-80c4-398789413b09]Register server push request handler:com.alibaba.nacos.client.naming.remote.gprc.NamingPushRequestHandler
17:51:33.934 [main] INFO  c.a.n.c.r.client - [printIfInfoEnabled,60] - [5bb5a49a-7195-4873-80c4-398789413b09]Registry connection listener to current client:com.alibaba.nacos.client.naming.remote.gprc.NamingGrpcConnectionEventListener
17:51:34.861 [main] INFO  c.a.n.client.naming - [isChangedServiceInfo,181] - init new ips(0) service: DEFAULT_GROUP@@mars-system@@DEFAULT -> []
17:51:34.868 [main] INFO  c.a.n.client.naming - [processServiceInfo,166] - current ips:(0) service: DEFAULT_GROUP@@mars-system@@DEFAULT -> []
17:51:34.873 [main] INFO  o.a.c.h.Http11NioProtocol - [log,173] - Starting ProtocolHandler ["http-nio-9201"]
17:51:34.885 [main] INFO  c.a.n.client.naming - [registerService,111] - [REGISTER-SERVICE] public registering service mars-system with instance Instance{instanceId='null', ip='10.202.229.18', port=9201, weight=1.0, healthy=true, enabled=true, ephemeral=true, clusterName='DEFAULT', serviceName='null', metadata={preserved.register.source=SPRING_CLOUD}}
17:51:34.915 [main] INFO  c.a.c.n.r.NacosServiceRegistry - [register,75] - nacos registry, DEFAULT_GROUP mars-system 10.202.229.18:9201 register finished
17:51:35.071 [main] INFO  c.m.s.MarsSystemApplication - [logStarted,61] - Started MarsSystemApplication in 10.012 seconds (JVM running for 10.93)
17:51:35.076 [main] INFO  c.a.n.c.c.i.ClientWorker - [addCacheDataIfAbsent,384] - [config_rpc_client] [subscribe] mars-system+DEFAULT_GROUP
17:51:35.077 [main] INFO  c.a.n.c.c.i.CacheData - [addListener,169] - [config_rpc_client] [add-listener] ok, tenant=, dataId=mars-system, group=DEFAULT_GROUP, cnt=1
17:51:35.077 [main] INFO  c.a.n.c.c.i.ClientWorker - [addCacheDataIfAbsent,384] - [config_rpc_client] [subscribe] mars-system.yml+DEFAULT_GROUP
17:51:35.078 [main] INFO  c.a.n.c.c.i.CacheData - [addListener,169] - [config_rpc_client] [add-listener] ok, tenant=, dataId=mars-system.yml, group=DEFAULT_GROUP, cnt=1
17:51:35.078 [main] INFO  c.a.n.c.c.i.ClientWorker - [addCacheDataIfAbsent,384] - [config_rpc_client] [subscribe] mars-system-dev.yml+DEFAULT_GROUP
17:51:35.078 [main] INFO  c.a.n.c.c.i.CacheData - [addListener,169] - [config_rpc_client] [add-listener] ok, tenant=, dataId=mars-system-dev.yml, group=DEFAULT_GROUP, cnt=1
17:51:35.375 [nacos-grpc-client-executor-6] INFO  c.a.n.c.r.client - [printIfInfoEnabled,60] - [5bb5a49a-7195-4873-80c4-398789413b09]receive server push request,request=NotifySubscriberRequest,requestId=351
17:51:35.378 [nacos-grpc-client-executor-6] INFO  c.a.n.client.naming - [isChangedServiceInfo,181] - init new ips(1) service: DEFAULT_GROUP@@mars-system -> [{"ip":"10.202.229.18","port":9201,"weight":1.0,"healthy":true,"enabled":true,"ephemeral":true,"clusterName":"DEFAULT","serviceName":"DEFAULT_GROUP@@mars-system","metadata":{"preserved.register.source":"SPRING_CLOUD"},"ipDeleteTimeout":30000,"instanceHeartBeatTimeOut":15000,"instanceHeartBeatInterval":5000}]
17:51:35.379 [nacos-grpc-client-executor-6] INFO  c.a.n.client.naming - [processServiceInfo,166] - current ips:(1) service: DEFAULT_GROUP@@mars-system -> [{"ip":"10.202.229.18","port":9201,"weight":1.0,"healthy":true,"enabled":true,"ephemeral":true,"clusterName":"DEFAULT","serviceName":"DEFAULT_GROUP@@mars-system","metadata":{"preserved.register.source":"SPRING_CLOUD"},"ipDeleteTimeout":30000,"instanceHeartBeatTimeOut":15000,"instanceHeartBeatInterval":5000}]
17:51:35.380 [nacos-grpc-client-executor-6] INFO  c.a.n.c.r.client - [printIfInfoEnabled,60] - [5bb5a49a-7195-4873-80c4-398789413b09]ack server push request,request=NotifySubscriberRequest,requestId=351
17:51:35.619 [RMI TCP Connection(3)-10.202.229.18] INFO  o.a.c.c.C.[.[.[/] - [log,173] - Initializing Spring DispatcherServlet 'dispatcherServlet'
17:51:35.892 [com.alibaba.nacos.client.naming.updater.0] INFO  c.a.n.client.naming - [isChangedServiceInfo,235] - new ips(1) service: DEFAULT_GROUP@@mars-system@@DEFAULT -> [{"ip":"10.202.229.18","port":9201,"weight":1.0,"healthy":true,"enabled":true,"ephemeral":true,"clusterName":"DEFAULT","serviceName":"DEFAULT_GROUP@@mars-system","metadata":{"preserved.register.source":"SPRING_CLOUD"},"ipDeleteTimeout":30000,"instanceHeartBeatTimeOut":15000,"instanceHeartBeatInterval":5000}]
17:51:35.892 [com.alibaba.nacos.client.naming.updater.0] INFO  c.a.n.client.naming - [processServiceInfo,166] - current ips:(1) service: DEFAULT_GROUP@@mars-system@@DEFAULT -> [{"ip":"10.202.229.18","port":9201,"weight":1.0,"healthy":true,"enabled":true,"ephemeral":true,"clusterName":"DEFAULT","serviceName":"DEFAULT_GROUP@@mars-system","metadata":{"preserved.register.source":"SPRING_CLOUD"},"ipDeleteTimeout":30000,"instanceHeartBeatTimeOut":15000,"instanceHeartBeatInterval":5000}]
18:06:48.326 [nacos-grpc-client-executor-194] INFO  c.a.n.c.r.client - [printIfInfoEnabled,60] - [4a878f4d-5cb5-4a80-8d62-bfc52e1ebe1b_config-0]receive server push request,request=ConfigChangeNotifyRequest,requestId=354
18:06:48.327 [nacos-grpc-client-executor-194] INFO  c.a.n.c.c.i.ClientWorker - [lambda$initRpcClientHandler$0,647] - [4a878f4d-5cb5-4a80-8d62-bfc52e1ebe1b_config-0] [server-push] config changed. dataId=mars-system-dev.yml, group=DEFAULT_GROUP,tenant=null
18:06:48.328 [nacos-grpc-client-executor-194] INFO  c.a.n.c.r.client - [printIfInfoEnabled,60] - [4a878f4d-5cb5-4a80-8d62-bfc52e1ebe1b_config-0]ack server push request,request=ConfigChangeNotifyRequest,requestId=354
18:06:48.390 [com.alibaba.nacos.client.Worker] INFO  c.a.n.c.c.i.CacheData - [safeNotifyListener,358] - [config_rpc_client] [notify-listener] time cost=1ms in ClientWorker, dataId=mars-system-dev.yml, group=DEFAULT_GROUP, md5=a6476f31d6e7fe0cf4b0d1b355bc08c5, listener=com.alibaba.cloud.nacos.refresh.NacosContextRefresher$1@45f1e641 
18:06:48.391 [nacos.client.cachedata.internal.notifier] INFO  c.a.n.c.c.i.CacheData - [run,293] - [config_rpc_client] [notify-context] dataId=mars-system-dev.yml, group=DEFAULT_GROUP, md5=a6476f31d6e7fe0cf4b0d1b355bc08c5
18:06:48.867 [nacos.client.cachedata.internal.notifier] INFO  c.a.n.c.c.i.CacheData - [run,319] - [config_rpc_client] [notify-ok] dataId=mars-system-dev.yml, group=DEFAULT_GROUP, md5=a6476f31d6e7fe0cf4b0d1b355bc08c5, listener=com.alibaba.cloud.nacos.refresh.NacosContextRefresher$1@45f1e641 ,cost=477 millis.
18:06:58.580 [SpringApplicationShutdownHook] INFO  c.a.c.n.r.NacosServiceRegistry - [deregister,90] - De-registering from Nacos Server now...
18:06:58.580 [SpringApplicationShutdownHook] INFO  c.a.n.client.naming - [deregisterService,122] - [DEREGISTER-SERVICE] public deregistering service mars-system with instance: Instance{instanceId='null', ip='10.202.229.18', port=9201, weight=1.0, healthy=true, enabled=true, ephemeral=true, clusterName='DEFAULT', serviceName='null', metadata={}}
18:06:58.606 [SpringApplicationShutdownHook] INFO  c.a.c.n.r.NacosServiceRegistry - [deregister,110] - De-registration finished.
18:06:58.606 [SpringApplicationShutdownHook] INFO  c.a.n.client.naming - [shutdown,256] - com.alibaba.nacos.client.naming.cache.ServiceInfoHolder do shutdown begin
18:06:58.606 [SpringApplicationShutdownHook] INFO  c.a.n.client.naming - [shutdown,140] - com.alibaba.nacos.client.naming.backups.FailoverReactor do shutdown begin
18:06:58.607 [SpringApplicationShutdownHook] INFO  c.a.n.client.naming - [shutdown,142] - com.alibaba.nacos.client.naming.backups.FailoverReactor do shutdown stop
18:06:58.607 [SpringApplicationShutdownHook] INFO  c.a.n.client.naming - [shutdown,258] - com.alibaba.nacos.client.naming.cache.ServiceInfoHolder do shutdown stop
18:06:58.607 [SpringApplicationShutdownHook] INFO  c.a.n.client.naming - [shutdown,176] - com.alibaba.nacos.client.naming.remote.NamingClientProxyDelegate do shutdown begin
18:06:58.607 [SpringApplicationShutdownHook] INFO  c.a.n.client.naming - [shutdown,130] - com.alibaba.nacos.client.naming.core.ServiceInfoUpdateService do shutdown begin
18:06:58.932 [SpringApplicationShutdownHook] INFO  c.a.n.client.naming - [shutdown,132] - com.alibaba.nacos.client.naming.core.ServiceInfoUpdateService do shutdown stop
18:06:58.932 [SpringApplicationShutdownHook] INFO  c.a.n.client.naming - [shutdown,188] - com.alibaba.nacos.client.naming.core.ServerListManager do shutdown begin
18:06:58.933 [SpringApplicationShutdownHook] INFO  c.a.n.client.naming - [shutdown,193] - com.alibaba.nacos.client.naming.core.ServerListManager do shutdown stop
18:06:58.933 [SpringApplicationShutdownHook] INFO  c.a.n.client.naming - [shutdown,519] - com.alibaba.nacos.client.naming.remote.http.NamingHttpClientProxy do shutdown begin
18:06:58.933 [SpringApplicationShutdownHook] INFO  c.a.n.client.naming - [shutdown,162] - com.alibaba.nacos.client.naming.beat.BeatReactor do shutdown begin
18:06:58.933 [SpringApplicationShutdownHook] INFO  c.a.n.client.naming - [shutdown,164] - com.alibaba.nacos.client.naming.beat.BeatReactor do shutdown stop
18:06:58.933 [SpringApplicationShutdownHook] INFO  c.a.n.c.i.CredentialWatcher - [stop,105] - [null] CredentialWatcher is stopped
18:06:58.934 [SpringApplicationShutdownHook] INFO  c.a.n.c.i.CredentialService - [free,99] - [null] CredentialService is freed
18:06:58.934 [SpringApplicationShutdownHook] INFO  c.a.n.client.naming - [shutdown,523] - com.alibaba.nacos.client.naming.remote.http.NamingHttpClientProxy do shutdown stop
18:06:58.934 [SpringApplicationShutdownHook] INFO  c.a.n.c.r.client - [shutdown,462] - Shutdown rpc client ,set status to shutdown
18:06:58.934 [SpringApplicationShutdownHook] INFO  c.a.n.c.r.client - [shutdown,464] - Shutdown  client event executor java.util.concurrent.ScheduledThreadPoolExecutor@4bf74f6f[Running, pool size = 2, active threads = 2, queued tasks = 0, completed tasks = 0]
18:06:58.934 [SpringApplicationShutdownHook] INFO  c.a.n.c.r.client - [shutdown,466] - Close current connection 1691229093387_219.140.151.212_20748
18:06:58.938 [SpringApplicationShutdownHook] INFO  c.a.n.c.r.c.g.GrpcClient - [shutdown,83] - Shutdown grpc executor java.util.concurrent.ThreadPoolExecutor@59d64417[Running, pool size = 4, active threads = 0, queued tasks = 0, completed tasks = 195]
18:06:58.938 [SpringApplicationShutdownHook] INFO  c.a.n.client.naming - [shutdown,182] - com.alibaba.nacos.client.naming.remote.NamingClientProxyDelegate do shutdown stop
18:06:59.197 [SpringApplicationShutdownHook] INFO  c.b.d.d.DynamicRoutingDataSource - [destroy,215] - dynamic-datasource start closing ....
18:06:59.227 [SpringApplicationShutdownHook] INFO  i.s.c.ConfigurationFactory - [<clinit>,65] - load Configuration:FileConfiguration$$EnhancerByCGLIB$$862af1eb
18:07:03.203 [background-preinit] INFO  o.h.v.i.util.Version - [<clinit>,21] - HV000001: Hibernate Validator 6.2.0.Final
18:07:03.706 [main] INFO  c.a.n.c.c.i.LocalConfigInfoProcessor - [<clinit>,67] - LOCAL_SNAPSHOT_PATH:C:\Users\MW00275\nacos\config
18:07:03.708 [main] INFO  c.a.n.c.r.client - [lambda$createClient$0,77] - [RpcClientFactory] create a new rpc client of 2ec8633b-97e6-496f-97cc-6a8b950085cc_config-0
18:07:03.741 [main] INFO  o.r.Reflections - [scan,232] - Reflections took 21 ms to scan 1 urls, producing 3 keys and 6 values 
18:07:03.762 [main] INFO  o.r.Reflections - [scan,232] - Reflections took 10 ms to scan 1 urls, producing 4 keys and 9 values 
18:07:03.774 [main] INFO  o.r.Reflections - [scan,232] - Reflections took 11 ms to scan 1 urls, producing 3 keys and 10 values 
18:07:03.915 [main] INFO  o.r.Reflections - [scan,232] - Reflections took 138 ms to scan 206 urls, producing 0 keys and 0 values 
18:07:03.925 [main] INFO  o.r.Reflections - [scan,232] - Reflections took 9 ms to scan 1 urls, producing 1 keys and 5 values 
18:07:03.937 [main] INFO  o.r.Reflections - [scan,232] - Reflections took 10 ms to scan 1 urls, producing 1 keys and 7 values 
18:07:03.950 [main] INFO  o.r.Reflections - [scan,232] - Reflections took 11 ms to scan 1 urls, producing 2 keys and 8 values 
18:07:04.065 [main] INFO  o.r.Reflections - [scan,232] - Reflections took 113 ms to scan 206 urls, producing 0 keys and 0 values 
18:07:04.067 [main] INFO  c.a.n.c.r.client - [printIfInfoEnabled,60] - [2ec8633b-97e6-496f-97cc-6a8b950085cc_config-0]RpcClient init label, labels={module=config, Vipserver-Tag=null, source=sdk, Amory-Tag=null, Location-Tag=null, taskId=0, AppName=unknown}
18:07:04.068 [main] INFO  c.a.n.c.r.client - [printIfInfoEnabled,60] - [2ec8633b-97e6-496f-97cc-6a8b950085cc_config-0]Register server push request handler:com.alibaba.nacos.client.config.impl.ClientWorker$ConfigRpcTransportClient$$Lambda$328/2083106248
18:07:04.069 [main] INFO  c.a.n.c.r.client - [printIfInfoEnabled,60] - [2ec8633b-97e6-496f-97cc-6a8b950085cc_config-0]Register server push request handler:com.alibaba.nacos.client.config.impl.ClientWorker$ConfigRpcTransportClient$$Lambda$329/1261321871
18:07:04.069 [main] INFO  c.a.n.c.r.client - [printIfInfoEnabled,60] - [2ec8633b-97e6-496f-97cc-6a8b950085cc_config-0]Registry connection listener to current client:com.alibaba.nacos.client.config.impl.ClientWorker$ConfigRpcTransportClient$1
18:07:04.070 [main] INFO  c.a.n.c.r.client - [printIfInfoEnabled,60] - [2ec8633b-97e6-496f-97cc-6a8b950085cc_config-0]RpcClient init, ServerListFactory =com.alibaba.nacos.client.config.impl.ClientWorker$ConfigRpcTransportClient$2
18:07:04.075 [main] INFO  c.a.n.c.r.client - [printIfInfoEnabled,60] - [2ec8633b-97e6-496f-97cc-6a8b950085cc_config-0] Try to connect to server on start up, server: {serverIp='42.192.51.113', server main port=8848}
18:07:05.000 [main] INFO  c.a.n.c.r.client - [printIfInfoEnabled,60] - [2ec8633b-97e6-496f-97cc-6a8b950085cc_config-0] Success to connect to server [42.192.51.113:8848] on start up,connectionId=1691230024388_219.140.151.212_24464
18:07:05.000 [com.alibaba.nacos.client.remote.worker] INFO  c.a.n.c.r.client - [printIfInfoEnabled,60] - [2ec8633b-97e6-496f-97cc-6a8b950085cc_config-0]Notify connected event to listeners.
18:07:05.000 [com.alibaba.nacos.client.remote.worker] INFO  c.a.n.c.c.i.ClientWorker - [onConnected,677] - [2ec8633b-97e6-496f-97cc-6a8b950085cc_config-0] Connected,notify listen context...
18:07:05.000 [main] INFO  c.a.n.c.r.client - [printIfInfoEnabled,60] - [2ec8633b-97e6-496f-97cc-6a8b950085cc_config-0]Register server push request handler:com.alibaba.nacos.common.remote.client.RpcClient$ConnectResetRequestHandler
18:07:05.001 [main] INFO  c.a.n.c.r.client - [printIfInfoEnabled,60] - [2ec8633b-97e6-496f-97cc-6a8b950085cc_config-0]Register server push request handler:com.alibaba.nacos.common.remote.client.RpcClient$4
18:07:05.032 [main] INFO  c.a.n.c.c.i.Limiter - [<clinit>,56] - limitTime:5.0
18:07:05.067 [main] INFO  c.a.n.c.c.u.JvmUtil - [<clinit>,53] - isMultiInstance:false
18:07:05.162 [main] INFO  c.m.s.MarsSystemApplication - [logStartupProfileInfo,663] - The following profiles are active: dev
18:07:06.635 [main] INFO  o.a.c.h.Http11NioProtocol - [log,173] - Initializing ProtocolHandler ["http-nio-9201"]
18:07:06.635 [main] INFO  o.a.c.c.StandardService - [log,173] - Starting service [Tomcat]
18:07:06.635 [main] INFO  o.a.c.c.StandardEngine - [log,173] - Starting Servlet engine: [Apache Tomcat/9.0.50]
18:07:06.731 [main] INFO  o.a.c.c.C.[.[.[/] - [log,173] - Initializing Spring embedded WebApplicationContext
18:07:08.772 [main] INFO  c.a.d.p.DruidDataSource - [init,990] - {dataSource-1,master} inited
18:07:08.772 [main] INFO  c.b.d.d.DynamicRoutingDataSource - [addDataSource,147] - dynamic-datasource - add a datasource named [master] success
18:07:08.773 [main] INFO  c.b.d.d.DynamicRoutingDataSource - [afterPropertiesSet,238] - dynamic-datasource initial loaded [1] datasource,primary datasource named [master]
18:07:10.959 [main] INFO  c.a.c.s.SentinelWebAutoConfiguration - [addInterceptors,80] - [Sentinel Starter] register SentinelWebInterceptor with urlPatterns: [/**].
18:07:11.255 [main] INFO  c.a.n.client.naming - [call,67] - initializer namespace from System Property :null
18:07:11.256 [main] INFO  c.a.n.client.naming - [call,76] - initializer namespace from System Environment :null
18:07:11.256 [main] INFO  c.a.n.client.naming - [call,86] - initializer namespace from System Property :null
18:07:11.266 [main] INFO  c.a.n.c.r.client - [lambda$createClient$0,77] - [RpcClientFactory] create a new rpc client of 4a714d45-811e-435b-8f80-d89ddbc34c03
18:07:11.266 [main] INFO  c.a.n.c.r.client - [printIfInfoEnabled,60] - [4a714d45-811e-435b-8f80-d89ddbc34c03]RpcClient init label, labels={module=naming, source=sdk}
18:07:11.267 [main] INFO  c.a.n.c.r.client - [printIfInfoEnabled,60] - [4a714d45-811e-435b-8f80-d89ddbc34c03]RpcClient init, ServerListFactory =com.alibaba.nacos.client.naming.core.ServerListManager
18:07:11.267 [main] INFO  c.a.n.c.r.client - [printIfInfoEnabled,60] - [4a714d45-811e-435b-8f80-d89ddbc34c03] Try to connect to server on start up, server: {serverIp='42.192.51.113', server main port=8848}
18:07:11.453 [main] INFO  c.a.n.c.r.client - [printIfInfoEnabled,60] - [4a714d45-811e-435b-8f80-d89ddbc34c03] Success to connect to server [42.192.51.113:8848] on start up,connectionId=1691230030933_219.140.151.212_24512
18:07:11.453 [main] INFO  c.a.n.c.r.client - [printIfInfoEnabled,60] - [4a714d45-811e-435b-8f80-d89ddbc34c03]Register server push request handler:com.alibaba.nacos.common.remote.client.RpcClient$ConnectResetRequestHandler
18:07:11.453 [main] INFO  c.a.n.c.r.client - [printIfInfoEnabled,60] - [4a714d45-811e-435b-8f80-d89ddbc34c03]Register server push request handler:com.alibaba.nacos.common.remote.client.RpcClient$4
18:07:11.453 [main] INFO  c.a.n.c.r.client - [printIfInfoEnabled,60] - [4a714d45-811e-435b-8f80-d89ddbc34c03]Register server push request handler:com.alibaba.nacos.client.naming.remote.gprc.NamingPushRequestHandler
18:07:11.453 [main] INFO  c.a.n.c.r.client - [printIfInfoEnabled,60] - [4a714d45-811e-435b-8f80-d89ddbc34c03]Registry connection listener to current client:com.alibaba.nacos.client.naming.remote.gprc.NamingGrpcConnectionEventListener
18:07:12.387 [main] INFO  c.a.n.client.naming - [isChangedServiceInfo,181] - init new ips(0) service: DEFAULT_GROUP@@mars-system@@DEFAULT -> []
18:07:12.394 [main] INFO  c.a.n.client.naming - [processServiceInfo,166] - current ips:(0) service: DEFAULT_GROUP@@mars-system@@DEFAULT -> []
18:07:12.399 [main] INFO  o.a.c.h.Http11NioProtocol - [log,173] - Starting ProtocolHandler ["http-nio-9201"]
18:07:12.412 [main] INFO  c.a.n.client.naming - [registerService,111] - [REGISTER-SERVICE] public registering service mars-system with instance Instance{instanceId='null', ip='10.202.229.18', port=9201, weight=1.0, healthy=true, enabled=true, ephemeral=true, clusterName='DEFAULT', serviceName='null', metadata={preserved.register.source=SPRING_CLOUD}}
18:07:12.442 [main] INFO  c.a.c.n.r.NacosServiceRegistry - [register,75] - nacos registry, DEFAULT_GROUP mars-system 10.202.229.18:9201 register finished
18:07:12.603 [main] INFO  c.m.s.MarsSystemApplication - [logStarted,61] - Started MarsSystemApplication in 9.943 seconds (JVM running for 10.933)
18:07:12.609 [main] INFO  c.a.n.c.c.i.ClientWorker - [addCacheDataIfAbsent,384] - [config_rpc_client] [subscribe] mars-system+DEFAULT_GROUP
18:07:12.610 [main] INFO  c.a.n.c.c.i.CacheData - [addListener,169] - [config_rpc_client] [add-listener] ok, tenant=, dataId=mars-system, group=DEFAULT_GROUP, cnt=1
18:07:12.610 [main] INFO  c.a.n.c.c.i.ClientWorker - [addCacheDataIfAbsent,384] - [config_rpc_client] [subscribe] mars-system.yml+DEFAULT_GROUP
18:07:12.610 [main] INFO  c.a.n.c.c.i.CacheData - [addListener,169] - [config_rpc_client] [add-listener] ok, tenant=, dataId=mars-system.yml, group=DEFAULT_GROUP, cnt=1
18:07:12.611 [main] INFO  c.a.n.c.c.i.ClientWorker - [addCacheDataIfAbsent,384] - [config_rpc_client] [subscribe] mars-system-dev.yml+DEFAULT_GROUP
18:07:12.611 [main] INFO  c.a.n.c.c.i.CacheData - [addListener,169] - [config_rpc_client] [add-listener] ok, tenant=, dataId=mars-system-dev.yml, group=DEFAULT_GROUP, cnt=1
18:07:12.952 [nacos-grpc-client-executor-6] INFO  c.a.n.c.r.client - [printIfInfoEnabled,60] - [4a714d45-811e-435b-8f80-d89ddbc34c03]receive server push request,request=NotifySubscriberRequest,requestId=358
18:07:12.954 [nacos-grpc-client-executor-6] INFO  c.a.n.client.naming - [isChangedServiceInfo,181] - init new ips(1) service: DEFAULT_GROUP@@mars-system -> [{"ip":"10.202.229.18","port":9201,"weight":1.0,"healthy":true,"enabled":true,"ephemeral":true,"clusterName":"DEFAULT","serviceName":"DEFAULT_GROUP@@mars-system","metadata":{"preserved.register.source":"SPRING_CLOUD"},"instanceHeartBeatInterval":5000,"instanceHeartBeatTimeOut":15000,"ipDeleteTimeout":30000}]
18:07:12.955 [nacos-grpc-client-executor-6] INFO  c.a.n.client.naming - [processServiceInfo,166] - current ips:(1) service: DEFAULT_GROUP@@mars-system -> [{"ip":"10.202.229.18","port":9201,"weight":1.0,"healthy":true,"enabled":true,"ephemeral":true,"clusterName":"DEFAULT","serviceName":"DEFAULT_GROUP@@mars-system","metadata":{"preserved.register.source":"SPRING_CLOUD"},"instanceHeartBeatInterval":5000,"instanceHeartBeatTimeOut":15000,"ipDeleteTimeout":30000}]
18:07:12.956 [nacos-grpc-client-executor-6] INFO  c.a.n.c.r.client - [printIfInfoEnabled,60] - [4a714d45-811e-435b-8f80-d89ddbc34c03]ack server push request,request=NotifySubscriberRequest,requestId=358
18:07:13.222 [RMI TCP Connection(2)-10.202.229.18] INFO  o.a.c.c.C.[.[.[/] - [log,173] - Initializing Spring DispatcherServlet 'dispatcherServlet'
18:07:13.415 [com.alibaba.nacos.client.naming.updater.0] INFO  c.a.n.client.naming - [isChangedServiceInfo,235] - new ips(1) service: DEFAULT_GROUP@@mars-system@@DEFAULT -> [{"ip":"10.202.229.18","port":9201,"weight":1.0,"healthy":true,"enabled":true,"ephemeral":true,"clusterName":"DEFAULT","serviceName":"DEFAULT_GROUP@@mars-system","metadata":{"preserved.register.source":"SPRING_CLOUD"},"instanceHeartBeatInterval":5000,"instanceHeartBeatTimeOut":15000,"ipDeleteTimeout":30000}]
18:07:13.416 [com.alibaba.nacos.client.naming.updater.0] INFO  c.a.n.client.naming - [processServiceInfo,166] - current ips:(1) service: DEFAULT_GROUP@@mars-system@@DEFAULT -> [{"ip":"10.202.229.18","port":9201,"weight":1.0,"healthy":true,"enabled":true,"ephemeral":true,"clusterName":"DEFAULT","serviceName":"DEFAULT_GROUP@@mars-system","metadata":{"preserved.register.source":"SPRING_CLOUD"},"instanceHeartBeatInterval":5000,"instanceHeartBeatTimeOut":15000,"ipDeleteTimeout":30000}]
18:10:50.438 [SpringApplicationShutdownHook] INFO  c.a.c.n.r.NacosServiceRegistry - [deregister,90] - De-registering from Nacos Server now...
18:10:50.438 [SpringApplicationShutdownHook] INFO  c.a.n.client.naming - [deregisterService,122] - [DEREGISTER-SERVICE] public deregistering service mars-system with instance: Instance{instanceId='null', ip='10.202.229.18', port=9201, weight=1.0, healthy=true, enabled=true, ephemeral=true, clusterName='DEFAULT', serviceName='null', metadata={}}
18:10:50.464 [SpringApplicationShutdownHook] INFO  c.a.c.n.r.NacosServiceRegistry - [deregister,110] - De-registration finished.
18:10:50.465 [SpringApplicationShutdownHook] INFO  c.a.n.client.naming - [shutdown,256] - com.alibaba.nacos.client.naming.cache.ServiceInfoHolder do shutdown begin
18:10:50.465 [SpringApplicationShutdownHook] INFO  c.a.n.client.naming - [shutdown,140] - com.alibaba.nacos.client.naming.backups.FailoverReactor do shutdown begin
18:10:50.465 [SpringApplicationShutdownHook] INFO  c.a.n.client.naming - [shutdown,142] - com.alibaba.nacos.client.naming.backups.FailoverReactor do shutdown stop
18:10:50.466 [SpringApplicationShutdownHook] INFO  c.a.n.client.naming - [shutdown,258] - com.alibaba.nacos.client.naming.cache.ServiceInfoHolder do shutdown stop
18:10:50.466 [SpringApplicationShutdownHook] INFO  c.a.n.client.naming - [shutdown,176] - com.alibaba.nacos.client.naming.remote.NamingClientProxyDelegate do shutdown begin
18:10:50.466 [SpringApplicationShutdownHook] INFO  c.a.n.client.naming - [shutdown,130] - com.alibaba.nacos.client.naming.core.ServiceInfoUpdateService do shutdown begin
18:10:50.774 [SpringApplicationShutdownHook] INFO  c.a.n.client.naming - [shutdown,132] - com.alibaba.nacos.client.naming.core.ServiceInfoUpdateService do shutdown stop
18:10:50.774 [SpringApplicationShutdownHook] INFO  c.a.n.client.naming - [shutdown,188] - com.alibaba.nacos.client.naming.core.ServerListManager do shutdown begin
18:10:50.775 [SpringApplicationShutdownHook] INFO  c.a.n.client.naming - [shutdown,193] - com.alibaba.nacos.client.naming.core.ServerListManager do shutdown stop
18:10:50.775 [SpringApplicationShutdownHook] INFO  c.a.n.client.naming - [shutdown,519] - com.alibaba.nacos.client.naming.remote.http.NamingHttpClientProxy do shutdown begin
18:10:50.775 [SpringApplicationShutdownHook] INFO  c.a.n.client.naming - [shutdown,162] - com.alibaba.nacos.client.naming.beat.BeatReactor do shutdown begin
18:10:50.775 [SpringApplicationShutdownHook] INFO  c.a.n.client.naming - [shutdown,164] - com.alibaba.nacos.client.naming.beat.BeatReactor do shutdown stop
18:10:50.776 [SpringApplicationShutdownHook] INFO  c.a.n.c.i.CredentialWatcher - [stop,105] - [null] CredentialWatcher is stopped
18:10:50.776 [SpringApplicationShutdownHook] INFO  c.a.n.c.i.CredentialService - [free,99] - [null] CredentialService is freed
18:10:50.776 [SpringApplicationShutdownHook] INFO  c.a.n.client.naming - [shutdown,523] - com.alibaba.nacos.client.naming.remote.http.NamingHttpClientProxy do shutdown stop
18:10:50.776 [SpringApplicationShutdownHook] INFO  c.a.n.c.r.client - [shutdown,462] - Shutdown rpc client ,set status to shutdown
18:10:50.776 [SpringApplicationShutdownHook] INFO  c.a.n.c.r.client - [shutdown,464] - Shutdown  client event executor java.util.concurrent.ScheduledThreadPoolExecutor@5d6bfee6[Running, pool size = 2, active threads = 2, queued tasks = 0, completed tasks = 0]
18:10:50.776 [SpringApplicationShutdownHook] INFO  c.a.n.c.r.client - [shutdown,466] - Close current connection 1691230030933_219.140.151.212_24512
18:10:50.780 [SpringApplicationShutdownHook] INFO  c.a.n.c.r.c.g.GrpcClient - [shutdown,83] - Shutdown grpc executor java.util.concurrent.ThreadPoolExecutor@6a12f3dd[Running, pool size = 4, active threads = 0, queued tasks = 0, completed tasks = 56]
18:10:50.781 [SpringApplicationShutdownHook] INFO  c.a.n.client.naming - [shutdown,182] - com.alibaba.nacos.client.naming.remote.NamingClientProxyDelegate do shutdown stop
18:10:50.898 [SpringApplicationShutdownHook] INFO  c.b.d.d.DynamicRoutingDataSource - [destroy,215] - dynamic-datasource start closing ....
18:10:50.934 [SpringApplicationShutdownHook] INFO  i.s.c.ConfigurationFactory - [<clinit>,65] - load Configuration:FileConfiguration$$EnhancerByCGLIB$$862af1eb
18:13:00.522 [background-preinit] INFO  o.h.v.i.util.Version - [<clinit>,21] - HV000001: Hibernate Validator 6.2.0.Final
18:13:01.223 [main] INFO  c.a.n.c.c.i.LocalConfigInfoProcessor - [<clinit>,67] - LOCAL_SNAPSHOT_PATH:C:\Users\MW00275\nacos\config
18:13:01.225 [main] INFO  c.a.n.c.r.client - [lambda$createClient$0,77] - [RpcClientFactory] create a new rpc client of 8deb0228-7972-485b-96aa-f1c30483a469_config-0
18:13:01.269 [main] INFO  o.r.Reflections - [scan,232] - Reflections took 27 ms to scan 1 urls, producing 3 keys and 6 values 
18:13:01.300 [main] INFO  o.r.Reflections - [scan,232] - Reflections took 17 ms to scan 1 urls, producing 4 keys and 9 values 
18:13:01.317 [main] INFO  o.r.Reflections - [scan,232] - Reflections took 13 ms to scan 1 urls, producing 3 keys and 10 values 
18:13:01.521 [main] INFO  o.r.Reflections - [scan,232] - Reflections took 199 ms to scan 206 urls, producing 0 keys and 0 values 
18:13:01.561 [main] INFO  o.r.Reflections - [scan,232] - Reflections took 34 ms to scan 1 urls, producing 1 keys and 5 values 
18:13:01.599 [main] INFO  o.r.Reflections - [scan,232] - Reflections took 28 ms to scan 1 urls, producing 1 keys and 7 values 
18:13:01.618 [main] INFO  o.r.Reflections - [scan,232] - Reflections took 11 ms to scan 1 urls, producing 2 keys and 8 values 
18:13:01.888 [main] INFO  o.r.Reflections - [scan,232] - Reflections took 267 ms to scan 206 urls, producing 0 keys and 0 values 
18:13:01.892 [main] INFO  c.a.n.c.r.client - [printIfInfoEnabled,60] - [8deb0228-7972-485b-96aa-f1c30483a469_config-0]RpcClient init label, labels={module=config, Vipserver-Tag=null, source=sdk, Amory-Tag=null, Location-Tag=null, taskId=0, AppName=unknown}
18:13:01.893 [main] INFO  c.a.n.c.r.client - [printIfInfoEnabled,60] - [8deb0228-7972-485b-96aa-f1c30483a469_config-0]Register server push request handler:com.alibaba.nacos.client.config.impl.ClientWorker$ConfigRpcTransportClient$$Lambda$328/79620878
18:13:01.894 [main] INFO  c.a.n.c.r.client - [printIfInfoEnabled,60] - [8deb0228-7972-485b-96aa-f1c30483a469_config-0]Register server push request handler:com.alibaba.nacos.client.config.impl.ClientWorker$ConfigRpcTransportClient$$Lambda$329/1854577712
18:13:01.895 [main] INFO  c.a.n.c.r.client - [printIfInfoEnabled,60] - [8deb0228-7972-485b-96aa-f1c30483a469_config-0]Registry connection listener to current client:com.alibaba.nacos.client.config.impl.ClientWorker$ConfigRpcTransportClient$1
18:13:01.895 [main] INFO  c.a.n.c.r.client - [printIfInfoEnabled,60] - [8deb0228-7972-485b-96aa-f1c30483a469_config-0]RpcClient init, ServerListFactory =com.alibaba.nacos.client.config.impl.ClientWorker$ConfigRpcTransportClient$2
18:13:01.905 [main] INFO  c.a.n.c.r.client - [printIfInfoEnabled,60] - [8deb0228-7972-485b-96aa-f1c30483a469_config-0] Try to connect to server on start up, server: {serverIp='42.192.51.113', server main port=8848}
18:13:04.040 [main] INFO  c.a.n.c.r.client - [printIfInfoEnabled,60] - [8deb0228-7972-485b-96aa-f1c30483a469_config-0] Success to connect to server [42.192.51.113:8848] on start up,connectionId=1691230383397_219.140.151.212_26107
18:13:04.041 [com.alibaba.nacos.client.remote.worker] INFO  c.a.n.c.r.client - [printIfInfoEnabled,60] - [8deb0228-7972-485b-96aa-f1c30483a469_config-0]Notify connected event to listeners.
18:13:04.041 [com.alibaba.nacos.client.remote.worker] INFO  c.a.n.c.c.i.ClientWorker - [onConnected,677] - [8deb0228-7972-485b-96aa-f1c30483a469_config-0] Connected,notify listen context...
18:13:04.041 [main] INFO  c.a.n.c.r.client - [printIfInfoEnabled,60] - [8deb0228-7972-485b-96aa-f1c30483a469_config-0]Register server push request handler:com.alibaba.nacos.common.remote.client.RpcClient$ConnectResetRequestHandler
18:13:04.042 [main] INFO  c.a.n.c.r.client - [printIfInfoEnabled,60] - [8deb0228-7972-485b-96aa-f1c30483a469_config-0]Register server push request handler:com.alibaba.nacos.common.remote.client.RpcClient$4
18:13:04.081 [main] INFO  c.a.n.c.c.i.Limiter - [<clinit>,56] - limitTime:5.0
18:13:04.138 [main] INFO  c.a.n.c.c.u.JvmUtil - [<clinit>,53] - isMultiInstance:false
18:13:04.243 [main] INFO  c.m.s.MarsSystemApplication - [logStartupProfileInfo,663] - The following profiles are active: dev
18:13:06.161 [main] INFO  o.a.c.h.Http11NioProtocol - [log,173] - Initializing ProtocolHandler ["http-nio-9201"]
18:13:06.162 [main] INFO  o.a.c.c.StandardService - [log,173] - Starting service [Tomcat]
18:13:06.162 [main] INFO  o.a.c.c.StandardEngine - [log,173] - Starting Servlet engine: [Apache Tomcat/9.0.50]
18:13:06.277 [main] INFO  o.a.c.c.C.[.[.[/] - [log,173] - Initializing Spring embedded WebApplicationContext
18:13:08.492 [main] INFO  c.a.d.p.DruidDataSource - [init,990] - {dataSource-1,master} inited
18:13:08.493 [main] INFO  c.b.d.d.DynamicRoutingDataSource - [addDataSource,147] - dynamic-datasource - add a datasource named [master] success
18:13:08.493 [main] INFO  c.b.d.d.DynamicRoutingDataSource - [afterPropertiesSet,238] - dynamic-datasource initial loaded [1] datasource,primary datasource named [master]
18:13:10.735 [main] INFO  c.a.c.s.SentinelWebAutoConfiguration - [addInterceptors,80] - [Sentinel Starter] register SentinelWebInterceptor with urlPatterns: [/**].
18:13:11.036 [main] INFO  c.a.n.client.naming - [call,67] - initializer namespace from System Property :null
18:13:11.037 [main] INFO  c.a.n.client.naming - [call,76] - initializer namespace from System Environment :null
18:13:11.037 [main] INFO  c.a.n.client.naming - [call,86] - initializer namespace from System Property :null
18:13:11.048 [main] INFO  c.a.n.c.r.client - [lambda$createClient$0,77] - [RpcClientFactory] create a new rpc client of ccb5e6d2-6f8b-421c-92a8-dcaf17ede258
18:13:11.048 [main] INFO  c.a.n.c.r.client - [printIfInfoEnabled,60] - [ccb5e6d2-6f8b-421c-92a8-dcaf17ede258]RpcClient init label, labels={module=naming, source=sdk}
18:13:11.048 [main] INFO  c.a.n.c.r.client - [printIfInfoEnabled,60] - [ccb5e6d2-6f8b-421c-92a8-dcaf17ede258]RpcClient init, ServerListFactory =com.alibaba.nacos.client.naming.core.ServerListManager
18:13:11.049 [main] INFO  c.a.n.c.r.client - [printIfInfoEnabled,60] - [ccb5e6d2-6f8b-421c-92a8-dcaf17ede258] Try to connect to server on start up, server: {serverIp='42.192.51.113', server main port=8848}
18:13:11.226 [main] INFO  c.a.n.c.r.client - [printIfInfoEnabled,60] - [ccb5e6d2-6f8b-421c-92a8-dcaf17ede258] Success to connect to server [42.192.51.113:8848] on start up,connectionId=1691230390719_219.140.151.212_26224
18:13:11.226 [main] INFO  c.a.n.c.r.client - [printIfInfoEnabled,60] - [ccb5e6d2-6f8b-421c-92a8-dcaf17ede258]Register server push request handler:com.alibaba.nacos.common.remote.client.RpcClient$ConnectResetRequestHandler
18:13:11.226 [main] INFO  c.a.n.c.r.client - [printIfInfoEnabled,60] - [ccb5e6d2-6f8b-421c-92a8-dcaf17ede258]Register server push request handler:com.alibaba.nacos.common.remote.client.RpcClient$4
18:13:11.226 [main] INFO  c.a.n.c.r.client - [printIfInfoEnabled,60] - [ccb5e6d2-6f8b-421c-92a8-dcaf17ede258]Register server push request handler:com.alibaba.nacos.client.naming.remote.gprc.NamingPushRequestHandler
18:13:11.226 [main] INFO  c.a.n.c.r.client - [printIfInfoEnabled,60] - [ccb5e6d2-6f8b-421c-92a8-dcaf17ede258]Registry connection listener to current client:com.alibaba.nacos.client.naming.remote.gprc.NamingGrpcConnectionEventListener
18:13:12.174 [main] INFO  c.a.n.client.naming - [isChangedServiceInfo,181] - init new ips(0) service: DEFAULT_GROUP@@mars-system@@DEFAULT -> []
18:13:12.181 [main] INFO  c.a.n.client.naming - [processServiceInfo,166] - current ips:(0) service: DEFAULT_GROUP@@mars-system@@DEFAULT -> []
18:13:12.186 [main] INFO  o.a.c.h.Http11NioProtocol - [log,173] - Starting ProtocolHandler ["http-nio-9201"]
18:13:12.198 [main] INFO  c.a.n.client.naming - [registerService,111] - [REGISTER-SERVICE] public registering service mars-system with instance Instance{instanceId='null', ip='10.202.229.18', port=9201, weight=1.0, healthy=true, enabled=true, ephemeral=true, clusterName='DEFAULT', serviceName='null', metadata={preserved.register.source=SPRING_CLOUD}}
18:13:12.225 [main] INFO  c.a.c.n.r.NacosServiceRegistry - [register,75] - nacos registry, DEFAULT_GROUP mars-system 10.202.229.18:9201 register finished
18:13:12.385 [main] INFO  c.m.s.MarsSystemApplication - [logStarted,61] - Started MarsSystemApplication in 12.496 seconds (JVM running for 13.723)
18:13:12.391 [main] INFO  c.a.n.c.c.i.ClientWorker - [addCacheDataIfAbsent,384] - [config_rpc_client] [subscribe] mars-system+DEFAULT_GROUP
18:13:12.391 [main] INFO  c.a.n.c.c.i.CacheData - [addListener,169] - [config_rpc_client] [add-listener] ok, tenant=, dataId=mars-system, group=DEFAULT_GROUP, cnt=1
18:13:12.392 [main] INFO  c.a.n.c.c.i.ClientWorker - [addCacheDataIfAbsent,384] - [config_rpc_client] [subscribe] mars-system.yml+DEFAULT_GROUP
18:13:12.392 [main] INFO  c.a.n.c.c.i.CacheData - [addListener,169] - [config_rpc_client] [add-listener] ok, tenant=, dataId=mars-system.yml, group=DEFAULT_GROUP, cnt=1
18:13:12.393 [main] INFO  c.a.n.c.c.i.ClientWorker - [addCacheDataIfAbsent,384] - [config_rpc_client] [subscribe] mars-system-dev.yml+DEFAULT_GROUP
18:13:12.393 [main] INFO  c.a.n.c.c.i.CacheData - [addListener,169] - [config_rpc_client] [add-listener] ok, tenant=, dataId=mars-system-dev.yml, group=DEFAULT_GROUP, cnt=1
18:13:12.687 [RMI TCP Connection(3)-10.202.229.18] INFO  o.a.c.c.C.[.[.[/] - [log,173] - Initializing Spring DispatcherServlet 'dispatcherServlet'
18:13:12.719 [nacos-grpc-client-executor-5] INFO  c.a.n.c.r.client - [printIfInfoEnabled,60] - [ccb5e6d2-6f8b-421c-92a8-dcaf17ede258]receive server push request,request=NotifySubscriberRequest,requestId=365
18:13:12.721 [nacos-grpc-client-executor-5] INFO  c.a.n.client.naming - [isChangedServiceInfo,181] - init new ips(1) service: DEFAULT_GROUP@@mars-system -> [{"ip":"10.202.229.18","port":9201,"weight":1.0,"healthy":true,"enabled":true,"ephemeral":true,"clusterName":"DEFAULT","serviceName":"DEFAULT_GROUP@@mars-system","metadata":{"preserved.register.source":"SPRING_CLOUD"},"instanceHeartBeatTimeOut":15000,"instanceHeartBeatInterval":5000,"ipDeleteTimeout":30000}]
18:13:12.722 [nacos-grpc-client-executor-5] INFO  c.a.n.client.naming - [processServiceInfo,166] - current ips:(1) service: DEFAULT_GROUP@@mars-system -> [{"ip":"10.202.229.18","port":9201,"weight":1.0,"healthy":true,"enabled":true,"ephemeral":true,"clusterName":"DEFAULT","serviceName":"DEFAULT_GROUP@@mars-system","metadata":{"preserved.register.source":"SPRING_CLOUD"},"instanceHeartBeatTimeOut":15000,"instanceHeartBeatInterval":5000,"ipDeleteTimeout":30000}]
18:13:12.723 [nacos-grpc-client-executor-5] INFO  c.a.n.c.r.client - [printIfInfoEnabled,60] - [ccb5e6d2-6f8b-421c-92a8-dcaf17ede258]ack server push request,request=NotifySubscriberRequest,requestId=365
18:13:13.202 [com.alibaba.nacos.client.naming.updater.0] INFO  c.a.n.client.naming - [isChangedServiceInfo,235] - new ips(1) service: DEFAULT_GROUP@@mars-system@@DEFAULT -> [{"ip":"10.202.229.18","port":9201,"weight":1.0,"healthy":true,"enabled":true,"ephemeral":true,"clusterName":"DEFAULT","serviceName":"DEFAULT_GROUP@@mars-system","metadata":{"preserved.register.source":"SPRING_CLOUD"},"instanceHeartBeatTimeOut":15000,"instanceHeartBeatInterval":5000,"ipDeleteTimeout":30000}]
18:13:13.202 [com.alibaba.nacos.client.naming.updater.0] INFO  c.a.n.client.naming - [processServiceInfo,166] - current ips:(1) service: DEFAULT_GROUP@@mars-system@@DEFAULT -> [{"ip":"10.202.229.18","port":9201,"weight":1.0,"healthy":true,"enabled":true,"ephemeral":true,"clusterName":"DEFAULT","serviceName":"DEFAULT_GROUP@@mars-system","metadata":{"preserved.register.source":"SPRING_CLOUD"},"instanceHeartBeatTimeOut":15000,"instanceHeartBeatInterval":5000,"ipDeleteTimeout":30000}]
